., 1
., 2, Mixer
., 3, Mixer
., 4, Mixer
., 5, Mixer
., 6, Mixer
., 7, Mixer
., 8, Mixer
., 9, Mixer
., 10
., 11
., 12
., 13
., 14, Fan
., 15
., 16, TVstereo
., 17, TVstereo
., 18, TVstereo
., 19, TVstereo
., 20, TVstereo
., 21, TVstereo
., 22, TVstereo
., 23, TVstereo
., 24, TVstereo
., 25
., 26
., 27
., 28
., 29
., 30
., 31
., 32
., 33
., 34, TVstereo
., 35, TVstereo
., 36, TVstereo
., 37, TVstereo
., 38, TVstereo
., 39, TVstereo
., 40, TVstereo
., 41, TVstereo
., 42, TVstereo
., 43, TVstereo
., 44, TVstereo
., 45, TVstereo
., 46, TVstereo
., 47, TVstereo
., 48, TVstereo
., 49, TVstereo
., 50, Coffeemachine
., 51, Coffeemachine
., 52, Coffeemachine
., 53, Coffeemachine
., 54, Coffeemachine
., 55, Coffeemachine
., 56, Coffeemachine
., 57, Coffeemachine
., 58, Coffeemachine
., 59, Coffeemachine
., 60, Coffeemachine
., 61, Coffeemachine
., 62, Coffeemachine
., 63, Coffeemachine
., 64, Coffeemachine
., 65
., 66
., 67
., 68
., 69, Lightswitch
., 70
., 71
., 72
., 73
., 74, Fan
., 75
., 76
., 77
., 78
., 79, Fan
., 80
., 81
., 82, Fan
., 83
., 84
., 85
., 86
., 87
., 88
., 89, Lightswitch
., 90
., 91
., 92
., 93, Lightswitch
., 94
., 95, Mixer
., 96, Mixer
., 97, Mixer
., 98, Mixer
., 99, Mixer
., 100, Mixer
., 101, Mixer
., 102
., 103, Coffeemachine
., 104, Coffeemachine
., 105, Coffeemachine
., 106, Coffeemachine
., 107, Coffeemachine
., 108, Coffeemachine
., 109, Coffeemachine
., 110, Coffeemachine
., 111, Coffeemachine
., 112, Coffeemachine
., 113, Mixer
., 114, TVstereo
., 115, TVstereo
., 116, TVstereo
., 117, TVstereo
., 118, TVstereo
., 119, TVstereo
., 120, TVstereo
., 121
., 122
., 123
., 124
., 125, Coffeemachine
., 126, Coffeemachine
., 127, Coffeemachine
., 128, Coffeemachine
., 129, Coffeemachine
., 130, Coffeemachine
., 131, Coffeemachine
., 132, Coffeemachine
., 133, Coffeemachine
., 134, Coffeemachine
., 135, Coffeemachine
., 136, Coffeemachine
., 137, Coffeemachine
., 138, Coffeemachine
., 139, Coffeemachine
., 140, Coffeemachine
., 141
., 142
., 143, Coffeemachine
., 144, Coffeemachine
., 145, Coffeemachine
., 146, Coffeemachine
., 147, Coffeemachine
., 148, Coffeemachine
., 149, Coffeemachine
., 150, Coffeemachine
., 151, Coffeemachine
., 152, Coffeemachine
., 153, Coffeemachine
., 154, Coffeemachine
., 155, Coffeemachine
., 156, Coffeemachine
., 157
., 158
., 159
., 160, Mixer
., 161
., 162
., 163, TVstereo
., 164
., 165
., 166, TVstereo
., 167, TVstereo
., 168, TVstereo
., 169, TVstereo
., 170, TVstereo
., 171
., 172, TVstereo
., 173, TVstereo
., 174, TVstereo
., 175, TVstereo
., 176, TVstereo
., 177, TVstereo
., 178
., 179
., 180
., 181
., 182, Coffeemachine
., 183, Coffeemachine
., 184, Coffeemachine
., 185, Coffeemachine
., 186, Coffeemachine
., 187, Coffeemachine
., 188, Coffeemachine
., 189, Coffeemachine
., 190, Coffeemachine
., 191, Coffeemachine
., 192, Coffeemachine
., 193, Coffeemachine
., 194, Coffeemachine
., 195, Coffeemachine
., 196, Coffeemachine
., 197, Coffeemachine
., 198, Coffeemachine
., 199, Coffeemachine
., 200, Coffeemachine
., 201, Coffeemachine
., 202, Coffeemachine
., 203, Coffeemachine
., 204, Coffeemachine
., 205, Coffeemachine
., 206, Coffeemachine
., 207, Coffeemachine
., 208, Coffeemachine
., 209, Coffeemachine
., 210, Coffeemachine
., 211, Coffeemachine
., 212, Coffeemachine
., 213
., 214, Lightswitch
., 215
., 216
., 217, Mixer
., 218, Mixer
., 219, Mixer
., 220, Mixer
., 221, Mixer
., 222, Mixer
., 223, Mixer
., 224, Mixer
., 225
., 226
., 227
., 228
., 229
., 230
., 231
., 232
., 233
., 234, Lightswitch
., 235, Mixer
., 236
., 237
., 238
., 239
., 240
., 241
., 242
., 243
., 244
., 245
., 246
., 247
., 248
., 249, TVstereo
., 250, Coffeemachine
., 251, Coffeemachine
., 252, Coffeemachine
., 253, Coffeemachine
., 254, Coffeemachine
., 255, Coffeemachine
., 256, Coffeemachine
., 257, Coffeemachine
., 258, Coffeemachine
., 259, Coffeemachine
., 260, Coffeemachine
., 261, Mixer
., 262, Fan
., 263
., 264
., 265
., 266, Lightswitch
., 267
., 268
., 269
., 270
., 271
., 272
., 273
., 274, Coffeemachine
., 275, Coffeemachine
., 276, Coffeemachine
., 277, Coffeemachine
Stopping, 278, Coffeemachine
., 279
., 280
., 281
., 282, Fan
., 283
., 284
., 285, Lightswitch
., 286, Mixer
., 287, Mixer
., 288, Mixer
., 289, Mixer
., 290, Mixer
., 291, Mixer
., 292, Mixer
., 293, Mixer
., 294
., 295
., 296, Fan
., 297
., 298
., 299
., 300
., 301
., 302
., 303
., 304
., 305, Mixer
Steroe makes an error sound , 306, TVstereo
., 307
., 308, Fan
., 309, Mixer
., 310, Fan
., 311
., 312, Coffeemachine
., 313, Coffeemachine
., 314, Coffeemachine
., 315, Coffeemachine
., 316, Coffeemachine
., 317, Coffeemachine
., 318, Coffeemachine
., 319, Coffeemachine
., 320, Coffeemachine
., 321, Coffeemachine
., 322, Coffeemachine
., 323, Coffeemachine
., 324, Coffeemachine
., 325, TVstereo
., 326, TVstereo
., 327, TVstereo
., 328, TVstereo
., 329, TVstereo
., 330, TVstereo
., 331, TVstereo
., 332, TVstereo
., 333, TVstereo
., 334
., 335
., 336
., 337
., 338, Lightswitch
., 339
., 340, TVstereo
., 341, TVstereo
., 342, TVstereo
., 343, TVstereo
., 344, TVstereo
., 345, TVstereo
., 346, TVstereo
., 347, TVstereo
., 348, TVstereo
., 349, Fan
., 350
., 351
., 352, Lightswitch
., 353
., 354
., 355
., 356, Mixer
., 357, Mixer
., 358, Mixer
., 359, Mixer
., 360, Mixer
., 361, Mixer
., 362, Mixer
., 363, Mixer
., 364
., 365
., 366
., 367
., 368, Coffeemachine
., 369, Coffeemachine
., 370, Coffeemachine
., 371, Coffeemachine
., 372, Coffeemachine
., 373, Coffeemachine
., 374, Coffeemachine
., 375, Coffeemachine
., 376, Coffeemachine
., 377
., 378, TVstereo
., 379
., 380
., 381
., 382
., 383
., 384
., 385
., 386
., 387
., 388
., 389
., 390
., 391
., 392
., 393
., 394
., 395
., 396
., 397
., 398
., 399
., 400
., 401
., 402
., 403
., 404
., 405
., 406, TVstereo
., 407, TVstereo
., 408, TVstereo
., 409, TVstereo
., 410, TVstereo
., 411, TVstereo
., 412, TVstereo
., 413, TVstereo
., 414
., 415, TVstereo
., 416, Mixer
., 417
., 418, Mixer
., 419
., 420
., 421
., 422
., 423
., 424, Mixer
., 425, Mixer
., 426, Mixer
., 427, Mixer
., 428, Mixer
., 429, Mixer
., 430, Mixer
., 431, Mixer
., 432
., 433
., 434
., 435, TVstereo
., 436
., 437
., 438
., 439
., 440
., 441
., 442
., 443, Coffeemachine
., 444, Coffeemachine
., 445, Coffeemachine
., 446, Coffeemachine
., 447, Coffeemachine
., 448, Coffeemachine
., 449, Coffeemachine
., 450, Coffeemachine
., 451, Coffeemachine
., 452, Coffeemachine
., 453, Coffeemachine
., 454, Coffeemachine
., 455, Coffeemachine
., 456, Coffeemachine
., 457, Coffeemachine
., 458, Coffeemachine
., 459, Coffeemachine
., 460
., 461, Lightswitch
., 462
., 463, Fan
., 464, Fan
., 465, Coffeemachine
., 466, Coffeemachine
., 467, Coffeemachine
., 468, Coffeemachine
., 469, Coffeemachine
., 470, Coffeemachine
., 471, Coffeemachine
., 472, Coffeemachine
., 473, Coffeemachine
., 474
., 475
., 476
., 477
., 478
., 479, Coffeemachine
., 480, Coffeemachine
., 481, Coffeemachine
., 482, Coffeemachine
., 483, Coffeemachine
., 484, Coffeemachine
., 485, Coffeemachine
., 486, Coffeemachine
., 487, Coffeemachine
., 488, Coffeemachine
., 489, Coffeemachine
., 490, Coffeemachine
., 491, Coffeemachine
., 492, Coffeemachine
., 493, Coffeemachine
., 494, Coffeemachine
., 495, Coffeemachine
., 496, Coffeemachine
., 497, Coffeemachine
., 498, Coffeemachine
., 499, Coffeemachine
., 500, Coffeemachine
., 501, Coffeemachine
., 502, Coffeemachine
., 503, Coffeemachine
., 504, Coffeemachine
., 505, Coffeemachine
., 506, Coffeemachine
., 507, Coffeemachine
., 508, Coffeemachine
., 509
., 510, Coffeemachine
., 511, Coffeemachine
., 512, Coffeemachine
., 513, Coffeemachine
., 514, Coffeemachine
., 515, Coffeemachine
., 516, Coffeemachine
., 517, Coffeemachine
., 518, Coffeemachine
., 519, Coffeemachine
., 520
., 521
., 522
., 523, Mixer
., 524, Mixer
., 525, Mixer
., 526, Mixer
., 527, Mixer
., 528, Mixer
., 529, Mixer
., 530
., 531
., 532, Lightswitch
., 533
., 534, Coffeemachine
., 535, Coffeemachine
., 536, Coffeemachine
., 537, Coffeemachine
., 538, Coffeemachine
., 539, Coffeemachine
., 540, Coffeemachine
., 541, Coffeemachine
., 542, Coffeemachine
., 543, Coffeemachine
., 544, Coffeemachine
., 545, Coffeemachine
., 546, Coffeemachine
., 547, Coffeemachine
., 548, Coffeemachine
., 549
., 550
., 551
., 552
., 553, Coffeemachine
., 554, Coffeemachine
., 555, Coffeemachine
., 556, Coffeemachine
., 557
., 558
., 559
., 560
., 561, Coffeemachine
., 562, Coffeemachine
., 563, Coffeemachine
., 564, Coffeemachine
., 565, Coffeemachine
., 566, Coffeemachine
., 567, Coffeemachine
., 568, Coffeemachine
., 569, Coffeemachine
., 570, Coffeemachine
., 571, Coffeemachine
., 572, Coffeemachine
., 573, Coffeemachine
., 574, Coffeemachine
., 575, Coffeemachine
., 576, Coffeemachine
., 577
., 578
., 579
., 580, Lightswitch
., 581
., 582, TVstereo
., 583
., 584
., 585
., 586
., 587
., 588
., 589
., 590, Coffeemachine
., 591, Coffeemachine
., 592, Coffeemachine
., 593, Coffeemachine
., 594, Coffeemachine
., 595, Coffeemachine
., 596, Coffeemachine
., 597, Coffeemachine
., 598, Coffeemachine
., 599, Coffeemachine
., 600, Coffeemachine
., 601, Coffeemachine
., 602, Coffeemachine
., 603, Coffeemachine
., 604, Coffeemachine
., 605, TVstereo
., 606, Coffeemachine
., 607, Coffeemachine
., 608, Coffeemachine
., 609, Coffeemachine
., 610, Coffeemachine
., 611, Coffeemachine
., 612, Coffeemachine
., 613, Coffeemachine
., 614, Coffeemachine
., 615, Coffeemachine
., 616, Coffeemachine
., 617, Coffeemachine
., 618, Coffeemachine
., 619
., 620, Lightswitch
., 621, TVstereo
., 622
., 623
., 624
., 625, Coffeemachine
., 626, Coffeemachine
., 627, Coffeemachine
., 628, Coffeemachine
., 629, Coffeemachine
., 630, Coffeemachine
., 631, Coffeemachine
., 632, Coffeemachine
., 633, Coffeemachine
., 634, Coffeemachine
., 635, Coffeemachine
., 636, Coffeemachine
., 637, Coffeemachine
., 638, Coffeemachine
., 639, Coffeemachine
., 640
., 641, Lightswitch
., 642
., 643
., 644
., 645
., 646
., 647, Lightswitch
., 648, Mixer
., 649, Mixer
., 650, Mixer
., 651, Mixer
., 652, Mixer
., 653, Mixer
., 654, Mixer
., 655, Mixer
., 656
., 657, TVstereo
., 658, Lightswitch
., 659, TVstereo
., 660, TVstereo
., 661, TVstereo
., 662, TVstereo
., 663, TVstereo
., 664, TVstereo
., 665, TVstereo
., 666
., 667
., 668
., 669
., 670
., 671
., 672
., 673
., 674
., 675, Fan
., 676, Mixer
., 677
., 678, Coffeemachine
., 679, Coffeemachine
., 680, Coffeemachine
., 681, Coffeemachine
., 682, Coffeemachine
., 683
., 684
., 685
., 686
., 687
., 688
., 689
., 690
., 691, Fan
., 692
., 693, Coffeemachine
., 694, Coffeemachine
., 695, Coffeemachine
., 696, Coffeemachine
., 697, Coffeemachine
., 698, Coffeemachine
., 699, Coffeemachine
., 700, Coffeemachine
., 701, Coffeemachine
., 702, Coffeemachine
., 703, Coffeemachine
., 704, Coffeemachine
., 705, Coffeemachine
., 706, Coffeemachine
., 707, Coffeemachine
., 708
., 709, Mixer
., 710, TVstereo
., 711, TVstereo
., 712, TVstereo
., 713, TVstereo
., 714, TVstereo
., 715, TVstereo
., 716, TVstereo
., 717, TVstereo
., 718, TVstereo
., 719
., 720
., 721
., 722
., 723, TVstereo
., 724, TVstereo
., 725, TVstereo
., 726, TVstereo
., 727, TVstereo
., 728, TVstereo
., 729, TVstereo
., 730, TVstereo
., 731, TVstereo
., 732, TVstereo
., 733, TVstereo
., 734, TVstereo
., 735, TVstereo
., 736
., 737, TVstereo
., 738, TVstereo
., 739, TVstereo
., 740, TVstereo
., 741, TVstereo
., 742, TVstereo
., 743, TVstereo
., 744, TVstereo
., 745, Coffeemachine
., 746, Coffeemachine
., 747, Coffeemachine
., 748, Coffeemachine
., 749, Coffeemachine
., 750, Coffeemachine
., 751, Coffeemachine
., 752, Coffeemachine
., 753, Coffeemachine
., 754, Coffeemachine
., 755, Coffeemachine
., 756, Coffeemachine
., 757, Coffeemachine
., 758, Coffeemachine
., 759, Coffeemachine
Mixer makes a sound, 760, Mixer
., 761
., 762
., 763, Mixer
., 764, Mixer
., 765, Mixer
., 766, Mixer
., 767, Mixer
., 768, Mixer
., 769, Mixer
., 770, Mixer
., 771, Lightswitch
., 772
., 773, TVstereo
., 774, TVstereo
., 775, TVstereo
., 776, TVstereo
., 777, TVstereo
., 778
., 779
., 780
., 781
., 782, Lightswitch
., 783
., 784, Lightswitch
., 785
., 786, Mixer
., 787
., 788
., 789
., 790, Fan
., 791
Mixer makes a sound, 792, Mixer
., 793
., 794, Lightswitch
., 795
., 796, Fan
., 797
., 798, TVstereo
., 799, TVstereo
., 800, TVstereo
., 801, TVstereo
., 802, TVstereo
., 803, TVstereo
., 804, TVstereo
., 805, TVstereo
., 806
., 807, Mixer
., 808, Mixer
., 809
., 810, Mixer
., 811
., 812
., 813
., 814
., 815
., 816, Fan
., 817
., 818, TVstereo
., 819, TVstereo
., 820, Mixer
., 821
., 822
., 823
., 824
., 825, TVstereo
., 826
., 827
., 828
., 829
., 830
., 831
., 832
., 833
., 834
., 835, Lightswitch
., 836
., 837, TVstereo
., 838, TVstereo
., 839, TVstereo
., 840, TVstereo
., 841, TVstereo
., 842, TVstereo
., 843, TVstereo
., 844, TVstereo
., 845
., 846
Volume of stereo changes, 847, TVstereo
., 848, TVstereo
., 849, Fan
., 850
., 851
., 852
., 853
., 854
., 855
., 856
., 857
., 858
., 859
., 860, Fan
., 861, Fan
., 862, TVstereo
., 863, TVstereo
., 864, TVstereo
., 865, TVstereo
., 866, TVstereo
., 867, TVstereo
., 868, Fan
., 869
., 870
., 871, Fan
., 872
., 873
., 874
., 875, Coffeemachine
., 876, Coffeemachine
., 877, Coffeemachine
., 878, Coffeemachine
., 879, Coffeemachine
., 880, Coffeemachine
., 881, Coffeemachine
., 882, Coffeemachine
., 883, Coffeemachine
., 884, Coffeemachine
., 885, Coffeemachine
., 886, Coffeemachine
., 887, Coffeemachine
., 888, Coffeemachine
., 889, Coffeemachine
., 890, Coffeemachine
., 891, Coffeemachine
., 892, Coffeemachine
., 893, Coffeemachine
., 894, Coffeemachine
., 895, Coffeemachine
., 896, Coffeemachine
., 897, Coffeemachine
., 898, Coffeemachine
., 899, Coffeemachine
., 900, Coffeemachine
., 901, Coffeemachine
., 902, Coffeemachine
., 903, Coffeemachine
., 904
., 905, Fan
., 906
., 907
., 908
., 909
., 910
., 911
., 912
., 913, Fan
., 914
., 915
., 916
., 917
., 918
., 919
., 920
., 921
., 922, Mixer
., 923, Mixer
., 924, Mixer
., 925, Mixer
., 926, Mixer
., 927, Mixer
., 928, Mixer
., 929, Mixer
., 930
., 931, Lightswitch
., 932
., 933
., 934
., 935
., 936, TVstereo
., 937, TVstereo
., 938
., 939
., 940
., 941
., 942, Fan
., 943
., 944
., 945, TVstereo
., 946, TVstereo
., 947, TVstereo
., 948, TVstereo
., 949, TVstereo
., 950, TVstereo
., 951, TVstereo
., 952
., 953, Lightswitch
., 954, TVstereo
., 955, TVstereo
., 956, TVstereo
., 957, TVstereo
., 958, TVstereo
., 959, TVstereo
., 960, TVstereo
., 961, TVstereo
., 962, TVstereo
., 963, TVstereo
., 964, TVstereo
., 965, TVstereo
., 966, TVstereo
., 967, TVstereo
., 968, TVstereo
., 969, TVstereo
., 970, Mixer
., 971
., 972
., 973
., 974, TVstereo
., 975
., 976
., 977
., 978
., 979
., 980
., 981
., 982, Coffeemachine
., 983, Coffeemachine
., 984, Coffeemachine
., 985, Coffeemachine
., 986, Coffeemachine
., 987, Coffeemachine
., 988, Coffeemachine
., 989, Coffeemachine
., 990, Coffeemachine
., 991, Coffeemachine
., 992, Coffeemachine
., 993, Coffeemachine
., 994, Coffeemachine
., 995, Coffeemachine
., 996, Coffeemachine
., 997, Coffeemachine
., 998
., 999, TVstereo
., 1000, TVstereo
., 1001, TVstereo
., 1002, TVstereo
., 1003, TVstereo
., 1004, TVstereo
., 1005, TVstereo
., 1006, TVstereo
., 1007, TVstereo
., 1008, Mixer
., 1009, Mixer
., 1010, Mixer
., 1011, Mixer
., 1012, Mixer
., 1013, Mixer
., 1014, Mixer
., 1015, Mixer
., 1016, TVstereo
., 1017, TVstereo
., 1018, TVstereo
., 1019, TVstereo
., 1020, TVstereo
., 1021, TVstereo
., 1022
., 1023, Fan
., 1024
., 1025
., 1026
., 1027
., 1028
., 1029
., 1030
., 1031
., 1032
., 1033
., 1034, TVstereo
., 1035
., 1036
., 1037, TVstereo
., 1038, TVstereo
., 1039, TVstereo
., 1040, TVstereo
., 1041, TVstereo
., 1042, TVstereo
., 1043, TVstereo
., 1044
., 1045
., 1046
., 1047, TVstereo
., 1048, TVstereo
., 1049, TVstereo
., 1050, TVstereo
., 1051, TVstereo
., 1052, TVstereo
., 1053, TVstereo
., 1054
., 1055, Coffeemachine
., 1056, Coffeemachine
., 1057, Coffeemachine
., 1058, Coffeemachine
., 1059, Coffeemachine
., 1060, Coffeemachine
., 1061, Coffeemachine
., 1062, Coffeemachine
., 1063, Coffeemachine
., 1064, Coffeemachine
., 1065
., 1066
., 1067
., 1068
., 1069, TVstereo
., 1070
., 1071
., 1072
., 1073, Lightswitch
., 1074
., 1075, Coffeemachine
., 1076, Coffeemachine
., 1077, Coffeemachine
., 1078, Coffeemachine
., 1079, Coffeemachine
., 1080, Coffeemachine
., 1081, Coffeemachine
., 1082, Coffeemachine
., 1083, Coffeemachine
., 1084, Coffeemachine
., 1085, Coffeemachine
., 1086, Coffeemachine
., 1087, Coffeemachine
., 1088, Coffeemachine
., 1089, Coffeemachine
., 1090, Coffeemachine
., 1091
., 1092
., 1093, TVstereo
., 1094, TVstereo
., 1095, TVstereo
., 1096, TVstereo
., 1097, TVstereo
., 1098, TVstereo
., 1099, TVstereo
., 1100, Coffeemachine
., 1101, Coffeemachine
., 1102, Coffeemachine
., 1103, Coffeemachine
., 1104, Coffeemachine
., 1105, Coffeemachine
., 1106, TVstereo
., 1107
., 1108
., 1109
., 1110
., 1111
., 1112, TVstereo
., 1113
., 1114
., 1115, TVstereo
., 1116, TVstereo
., 1117, TVstereo
., 1118, TVstereo
., 1119, TVstereo
., 1120, TVstereo
., 1121, TVstereo
., 1122
., 1123
., 1124
., 1125
., 1126, Mixer
., 1127, Mixer
., 1128, Mixer
., 1129, Mixer
., 1130, Mixer
., 1131, Mixer
., 1132, Mixer
., 1133, Mixer
Steroe makes an error sound , 1134, TVstereo
., 1135, TVstereo
., 1136, Lightswitch
., 1137
., 1138, Coffeemachine
., 1139, Coffeemachine
., 1140, Coffeemachine
., 1141, Coffeemachine
., 1142, Coffeemachine
., 1143, Coffeemachine
., 1144, Coffeemachine
., 1145, Coffeemachine
., 1146, Mixer
., 1147
., 1148
., 1149
., 1150
., 1151, TVstereo
., 1152, TVstereo
., 1153, TVstereo
., 1154, TVstereo
., 1155, TVstereo
., 1156, TVstereo
., 1157, TVstereo
., 1158, TVstereo
., 1159, TVstereo
., 1160
., 1161
., 1162
., 1163, Fan
., 1164
., 1165
., 1166
., 1167
., 1168
., 1169
., 1170
., 1171
., 1172, TVstereo
., 1173
., 1174, TVstereo
., 1175
., 1176
., 1177
., 1178, Coffeemachine
., 1179, Coffeemachine
., 1180, Coffeemachine
., 1181, Coffeemachine
., 1182, Coffeemachine
., 1183, Coffeemachine
., 1184, Coffeemachine
., 1185, Coffeemachine
., 1186, Coffeemachine
., 1187, Fan
., 1188, Fan
., 1189
., 1190, TVstereo
., 1191, Coffeemachine
., 1192, Coffeemachine
., 1193, Coffeemachine
., 1194, Coffeemachine
., 1195, Coffeemachine
., 1196, Coffeemachine
., 1197, Coffeemachine
., 1198
., 1199
., 1200
., 1201
., 1202
., 1203
., 1204, TVstereo
., 1205, Lightswitch
., 1206
., 1207
., 1208
., 1209
., 1210
., 1211
., 1212
., 1213
., 1214, Fan
., 1215
., 1216
., 1217
., 1218, TVstereo
., 1219, TVstereo
., 1220, TVstereo
., 1221, TVstereo
., 1222, TVstereo
., 1223, TVstereo
., 1224, TVstereo
., 1225, TVstereo
., 1226, TVstereo
., 1227
., 1228
., 1229
., 1230, Coffeemachine
., 1231, Coffeemachine
., 1232, Coffeemachine
., 1233, Coffeemachine
., 1234, Coffeemachine
., 1235, Coffeemachine
., 1236, Coffeemachine
., 1237, Coffeemachine
., 1238, Coffeemachine
., 1239, Coffeemachine
., 1240, Coffeemachine
., 1241, Coffeemachine
., 1242, Coffeemachine
., 1243
., 1244
Steroe makes an error sound , 1245, TVstereo
., 1246
., 1247, Mixer
., 1248, Mixer
., 1249, Mixer
., 1250, Mixer
., 1251, Mixer
., 1252, Mixer
., 1253, Mixer
., 1254, Mixer
., 1255
., 1256, Lightswitch
., 1257
., 1258, Fan
., 1259
., 1260, Coffeemachine
., 1261, Coffeemachine
., 1262, Coffeemachine
., 1263, Coffeemachine
., 1264, Coffeemachine
., 1265, Coffeemachine
., 1266, Coffeemachine
., 1267, Coffeemachine
., 1268, Coffeemachine
., 1269, Coffeemachine
., 1270, Coffeemachine
., 1271, Coffeemachine
., 1272, Coffeemachine
., 1273, Coffeemachine
., 1274
., 1275
., 1276
., 1277
., 1278
., 1279
., 1280, TVstereo
., 1281, TVstereo
., 1282, TVstereo
., 1283, TVstereo
., 1284, TVstereo
., 1285, TVstereo
., 1286, TVstereo
., 1287
., 1288
., 1289, Lightswitch
., 1290
., 1291
., 1292, TVstereo
., 1293, TVstereo
., 1294, TVstereo
., 1295, TVstereo
., 1296, TVstereo
., 1297, TVstereo
., 1298, TVstereo
., 1299, TVstereo
., 1300, TVstereo
., 1301
., 1302, TVstereo
., 1303, TVstereo
., 1304, TVstereo
., 1305, TVstereo
., 1306, TVstereo
., 1307, TVstereo
., 1308, TVstereo
., 1309, TVstereo
., 1310, Lightswitch
., 1311, TVstereo
., 1312
., 1313
., 1314, Fan
., 1315
., 1316
., 1317
., 1318, TVstereo
., 1319, TVstereo
., 1320, TVstereo
., 1321, TVstereo
., 1322, TVstereo
., 1323, TVstereo
., 1324, TVstereo
., 1325, TVstereo
., 1326, TVstereo
., 1327
., 1328
., 1329
., 1330, Fan
., 1331
., 1332
., 1333
., 1334
., 1335
., 1336
., 1337
., 1338
., 1339
., 1340
., 1341
., 1342, Mixer
., 1343, Mixer
., 1344, Mixer
., 1345, Mixer
., 1346, Mixer
., 1347, Mixer
., 1348, Mixer
., 1349, Lightswitch
., 1350
., 1351, Coffeemachine
., 1352, Coffeemachine
., 1353, Coffeemachine
., 1354, Coffeemachine
., 1355, Coffeemachine
., 1356, Coffeemachine
., 1357, Coffeemachine
., 1358, Coffeemachine
., 1359, Coffeemachine
., 1360, Coffeemachine
., 1361, Coffeemachine
., 1362, Coffeemachine
., 1363, Coffeemachine
., 1364, Coffeemachine
., 1365, Coffeemachine
., 1366, Coffeemachine
., 1367
., 1368, Mixer
., 1369
., 1370
., 1371, Fan
., 1372
., 1373, Fan
., 1374
., 1375
., 1376
., 1377
., 1378
., 1379
., 1380, Coffeemachine
., 1381, Coffeemachine
., 1382, Coffeemachine
., 1383, Coffeemachine
., 1384, Coffeemachine
., 1385, Coffeemachine
., 1386, Coffeemachine
., 1387, Coffeemachine
., 1388, Coffeemachine
., 1389, TVstereo
., 1390
., 1391, Fan
., 1392
., 1393, Lightswitch
., 1394, TVstereo
., 1395, TVstereo
., 1396, TVstereo
., 1397, TVstereo
., 1398, TVstereo
., 1399, TVstereo
., 1400
., 1401
., 1402, Lightswitch
., 1403
., 1404
., 1405
., 1406
., 1407, Lightswitch
., 1408
., 1409
., 1410
., 1411
., 1412
., 1413
., 1414
., 1415
., 1416
., 1417, Lightswitch
., 1418
., 1419
., 1420
., 1421
., 1422
., 1423
Coffeemachine makes a sound, 1424, Coffeemachine
., 1425, TVstereo
., 1426, TVstereo
., 1427, TVstereo
., 1428, TVstereo
., 1429, TVstereo
., 1430, TVstereo
., 1431
., 1432
., 1433
., 1434
., 1435, TVstereo
., 1436, TVstereo
., 1437, TVstereo
., 1438, TVstereo
., 1439, TVstereo
., 1440, TVstereo
., 1441, TVstereo
., 1442
., 1443
., 1444, Fan
., 1445, Mixer
., 1446, Mixer
., 1447, Mixer
., 1448, Mixer
., 1449, Mixer
., 1450, Mixer
., 1451, Mixer
., 1452, Mixer
., 1453
., 1454
., 1455, TVstereo
., 1456
., 1457, Fan
., 1458
., 1459
., 1460
., 1461
., 1462
., 1463
., 1464
., 1465, TVstereo
., 1466, TVstereo
., 1467, TVstereo
., 1468, TVstereo
., 1469, TVstereo
., 1470, TVstereo
., 1471
., 1472, Mixer
., 1473
., 1474, TVstereo
., 1475
., 1476, TVstereo
., 1477, TVstereo
., 1478, TVstereo
., 1479, TVstereo
., 1480, TVstereo
., 1481, TVstereo
., 1482, TVstereo
., 1483, TVstereo
., 1484, TVstereo
., 1485, TVstereo
., 1486, TVstereo
., 1487, TVstereo
., 1488
., 1489
., 1490, Fan
., 1491
., 1492, TVstereo
., 1493, TVstereo
., 1494, TVstereo
., 1495, TVstereo
., 1496, TVstereo
., 1497, TVstereo
., 1498, TVstereo
., 1499, Coffeemachine
., 1500, Coffeemachine
., 1501, Coffeemachine
., 1502, Coffeemachine
., 1503, Coffeemachine
., 1504, Coffeemachine
., 1505, Coffeemachine
., 1506, Coffeemachine
., 1507, Coffeemachine
., 1508, Coffeemachine
., 1509, Coffeemachine
., 1510, Coffeemachine
., 1511, Coffeemachine
., 1512, Coffeemachine
., 1513, Coffeemachine
., 1514, Coffeemachine
., 1515, Coffeemachine
., 1516, Coffeemachine
., 1517, Coffeemachine
., 1518, Coffeemachine
., 1519, Coffeemachine
., 1520, Coffeemachine
., 1521, Coffeemachine
., 1522, Coffeemachine
., 1523, Coffeemachine
., 1524, Coffeemachine
., 1525, Coffeemachine
., 1526, Coffeemachine
., 1527, Coffeemachine
., 1528, Coffeemachine
., 1529, Coffeemachine
., 1530
., 1531
., 1532
., 1533
., 1534
., 1535
., 1536
., 1537
., 1538
., 1539
., 1540
., 1541, TVstereo
., 1542
., 1543
., 1544
., 1545
., 1546
., 1547
., 1548, Coffeemachine
., 1549, Coffeemachine
., 1550, Coffeemachine
., 1551, Coffeemachine
., 1552, Coffeemachine
., 1553, Coffeemachine
., 1554, Coffeemachine
., 1555, Coffeemachine
., 1556, Coffeemachine
., 1557, Coffeemachine
., 1558, Coffeemachine
., 1559, Coffeemachine
., 1560, Coffeemachine
., 1561, Coffeemachine
., 1562
., 1563, Fan
., 1564
., 1565
., 1566, Lightswitch
., 1567
., 1568
., 1569
., 1570
., 1571, TVstereo
., 1572
., 1573, Fan
., 1574
., 1575, Coffeemachine
., 1576, Coffeemachine
., 1577, Coffeemachine
., 1578, Coffeemachine
., 1579, Coffeemachine
., 1580, Coffeemachine
., 1581
., 1582
., 1583
., 1584
., 1585
., 1586
., 1587, TVstereo
., 1588, TVstereo
., 1589, TVstereo
., 1590, TVstereo
., 1591, TVstereo
., 1592, TVstereo
., 1593, TVstereo
., 1594
., 1595
., 1596, Coffeemachine
., 1597, Coffeemachine
., 1598, Coffeemachine
., 1599, Coffeemachine
., 1600, Coffeemachine
., 1601, Coffeemachine
., 1602, Coffeemachine
., 1603, Coffeemachine
., 1604, Coffeemachine
., 1605, Coffeemachine
., 1606, Coffeemachine
., 1607, Coffeemachine
., 1608, Coffeemachine
., 1609, Coffeemachine
., 1610, Coffeemachine
., 1611, TVstereo
., 1612, TVstereo
., 1613, TVstereo
., 1614, TVstereo
., 1615, TVstereo
., 1616, TVstereo
., 1617, TVstereo
., 1618, TVstereo
., 1619, TVstereo
., 1620
., 1621
., 1622
., 1623
., 1624
., 1625
., 1626, Lightswitch
., 1627
., 1628
., 1629, TVstereo
., 1630, TVstereo
., 1631, TVstereo
., 1632, TVstereo
., 1633, TVstereo
., 1634, TVstereo
., 1635, TVstereo
., 1636, TVstereo
., 1637, Lightswitch
., 1638
., 1639
., 1640
., 1641
., 1642
., 1643
., 1644, TVstereo
., 1645
., 1646
., 1647
., 1648
., 1649, Lightswitch
., 1650
., 1651
., 1652
., 1653
., 1654
., 1655
., 1656
., 1657
., 1658
., 1659, Coffeemachine
., 1660, Coffeemachine
., 1661, Coffeemachine
., 1662, Coffeemachine
., 1663, Coffeemachine
., 1664, Coffeemachine
., 1665, Coffeemachine
., 1666, Coffeemachine
., 1667, Coffeemachine
., 1668, Coffeemachine
., 1669, Coffeemachine
., 1670, Coffeemachine
., 1671, Coffeemachine
., 1672, Coffeemachine
., 1673, Coffeemachine
., 1674, Coffeemachine
., 1675
., 1676
., 1677, TVstereo
., 1678, Lightswitch
., 1679
., 1680
., 1681
., 1682
., 1683, Mixer
., 1684, Mixer
., 1685, Mixer
., 1686, Mixer
., 1687, Mixer
., 1688, Mixer
., 1689, Mixer
., 1690, Mixer
., 1691, Coffeemachine
., 1692, Coffeemachine
., 1693, Coffeemachine
., 1694, Coffeemachine
., 1695, Coffeemachine
., 1696, Coffeemachine
., 1697, Coffeemachine
., 1698, Coffeemachine
., 1699, Coffeemachine
., 1700, Coffeemachine
., 1701, Coffeemachine
., 1702, Coffeemachine
., 1703, Coffeemachine
., 1704, Coffeemachine
., 1705, Coffeemachine
., 1706, Coffeemachine
., 1707
., 1708
., 1709
., 1710, Coffeemachine
., 1711, Coffeemachine
., 1712, Coffeemachine
., 1713, Coffeemachine
., 1714, Coffeemachine
., 1715, Coffeemachine
., 1716, Coffeemachine
., 1717, Coffeemachine
., 1718, Coffeemachine
., 1719, Coffeemachine
., 1720, Coffeemachine
., 1721, Coffeemachine
., 1722, Coffeemachine
., 1723
., 1724
., 1725, Coffeemachine
., 1726, Coffeemachine
., 1727, Coffeemachine
., 1728, Coffeemachine
., 1729, Coffeemachine
., 1730, Coffeemachine
., 1731
., 1732
., 1733
., 1734
., 1735, TVstereo
., 1736
., 1737
., 1738
., 1739
., 1740
., 1741
., 1742
., 1743, Coffeemachine
., 1744, Coffeemachine
., 1745, Coffeemachine
., 1746, Coffeemachine
., 1747, Coffeemachine
., 1748, Coffeemachine
., 1749, Coffeemachine
., 1750, Coffeemachine
., 1751, Coffeemachine
., 1752, Coffeemachine
., 1753, Coffeemachine
., 1754, Coffeemachine
., 1755, Coffeemachine
., 1756, Coffeemachine
., 1757, Coffeemachine
., 1758, Coffeemachine
., 1759
., 1760
., 1761, Fan
., 1762
., 1763
., 1764
., 1765
., 1766, Coffeemachine
., 1767, Coffeemachine
., 1768, Coffeemachine
., 1769, Coffeemachine
., 1770, Coffeemachine
., 1771, Coffeemachine
., 1772, Coffeemachine
., 1773, Coffeemachine
., 1774, Coffeemachine
., 1775, Coffeemachine
., 1776, Coffeemachine
., 1777, Coffeemachine
., 1778, Coffeemachine
., 1779
., 1780
., 1781, TVstereo
., 1782
., 1783
., 1784, Lightswitch
., 1785
., 1786, Mixer
., 1787, Mixer
., 1788, Mixer
., 1789, Mixer
., 1790, Mixer
., 1791, Mixer
., 1792, Mixer
., 1793, Mixer
., 1794, Fan
., 1795
Steroe makes an error sound , 1796, TVstereo
., 1797, TVstereo
., 1798, TVstereo
., 1799, TVstereo
., 1800, TVstereo
., 1801, TVstereo
., 1802, TVstereo
., 1803, TVstereo
., 1804, TVstereo
., 1805
., 1806
., 1807
., 1808
., 1809
., 1810
., 1811
., 1812
., 1813, Fan
., 1814
., 1815
., 1816, TVstereo
., 1817
., 1818, Coffeemachine
., 1819, Coffeemachine
., 1820, Coffeemachine
., 1821, Coffeemachine
., 1822, Coffeemachine
., 1823, Coffeemachine
., 1824
., 1825
., 1826
., 1827
., 1828
., 1829, Lightswitch
., 1830, TVstereo
., 1831, TVstereo
., 1832, TVstereo
., 1833, TVstereo
., 1834, TVstereo
., 1835, TVstereo
., 1836, TVstereo
., 1837, TVstereo
., 1838, TVstereo
., 1839, Fan
., 1840
., 1841
., 1842
., 1843
., 1844
., 1845, TVstereo
., 1846
., 1847
., 1848
., 1849
., 1850
., 1851
., 1852
., 1853, Lightswitch
., 1854
., 1855
., 1856
., 1857, TVstereo
., 1858, TVstereo
., 1859, TVstereo
., 1860, TVstereo
., 1861, TVstereo
., 1862, TVstereo
., 1863
., 1864
., 1865
., 1866, TVstereo
., 1867
., 1868
., 1869
., 1870
., 1871
., 1872, TVstereo
., 1873, TVstereo
., 1874, TVstereo
., 1875, TVstereo
., 1876, TVstereo
., 1877, TVstereo
., 1878, TVstereo
., 1879
., 1880
., 1881
., 1882
., 1883, Mixer
., 1884, Mixer
., 1885, Mixer
., 1886, Mixer
., 1887, Mixer
., 1888, Mixer
., 1889, Mixer
., 1890, Mixer
., 1891
., 1892
., 1893
., 1894
., 1895
., 1896
., 1897
., 1898
., 1899
., 1900
., 1901
., 1902
., 1903
., 1904
., 1905
., 1906
., 1907
., 1908
., 1909
., 1910
., 1911
., 1912, Mixer
., 1913, TVstereo
., 1914, TVstereo
., 1915, TVstereo
., 1916, TVstereo
., 1917, TVstereo
., 1918, TVstereo
., 1919, TVstereo
., 1920
., 1921
., 1922, TVstereo
., 1923, TVstereo
., 1924, TVstereo
., 1925, TVstereo
., 1926, TVstereo
., 1927, TVstereo
., 1928, Coffeemachine
., 1929, Coffeemachine
., 1930, Coffeemachine
., 1931, Coffeemachine
., 1932, Coffeemachine
., 1933, Coffeemachine
., 1934, Coffeemachine
., 1935, Coffeemachine
., 1936, Coffeemachine
., 1937, Coffeemachine
., 1938, Coffeemachine
., 1939, Coffeemachine
., 1940, Coffeemachine
., 1941
., 1942, TVstereo
Steroe makes an error sound , 1943, TVstereo
., 1944, TVstereo
., 1945, TVstereo
., 1946, TVstereo
., 1947, TVstereo
., 1948, TVstereo
., 1949, TVstereo
., 1950
., 1951
., 1952
., 1953
., 1954
., 1955
., 1956
., 1957
., 1958
., 1959, Coffeemachine
., 1960, Coffeemachine
., 1961, Coffeemachine
., 1962, Coffeemachine
., 1963, Coffeemachine
., 1964, Coffeemachine
., 1965, Coffeemachine
., 1966, Coffeemachine
., 1967, Coffeemachine
., 1968, Coffeemachine
., 1969, Coffeemachine
., 1970, Coffeemachine
., 1971, Coffeemachine
., 1972, Coffeemachine
., 1973, Coffeemachine
., 1974, Coffeemachine
., 1975
., 1976
., 1977, Mixer
., 1978, Mixer
., 1979, Mixer
., 1980, Mixer
., 1981, Mixer
., 1982, Mixer
., 1983, Mixer
., 1984, Mixer
., 1985, TVstereo
., 1986, TVstereo
., 1987, TVstereo
., 1988, TVstereo
., 1989, TVstereo
., 1990, TVstereo
., 1991, Coffeemachine
., 1992, Coffeemachine
., 1993, Coffeemachine
., 1994, Coffeemachine
., 1995, Coffeemachine
., 1996, Coffeemachine
., 1997, TVstereo
., 1998, TVstereo
., 1999
., 2000, Fan
., 2001
., 2002
., 2003
., 2004
., 2005
., 2006, TVstereo
., 2007, TVstereo
., 2008, TVstereo
., 2009, TVstereo
., 2010, TVstereo
., 2011, TVstereo
., 2012, TVstereo
., 2013, TVstereo
., 2014
., 2015
., 2016, TVstereo
., 2017, TVstereo
., 2018, TVstereo
., 2019, TVstereo
., 2020, TVstereo
., 2021, TVstereo
., 2022, TVstereo
., 2023
., 2024, TVstereo
., 2025, TVstereo
., 2026, TVstereo
., 2027, TVstereo
., 2028, TVstereo
., 2029, TVstereo
., 2030, TVstereo
., 2031, Coffeemachine
., 2032, Coffeemachine
., 2033, Coffeemachine
., 2034, Coffeemachine
., 2035, Coffeemachine
., 2036, Coffeemachine
., 2037, Coffeemachine
., 2038
., 2039
., 2040, Coffeemachine
., 2041, Coffeemachine
., 2042, Coffeemachine
., 2043, Coffeemachine
., 2044, Coffeemachine
., 2045, Coffeemachine
., 2046, Lightswitch
., 2047
., 2048
., 2049
., 2050
., 2051, Fan
., 2052
., 2053
., 2054
., 2055
., 2056, TVstereo
., 2057
., 2058
., 2059, Lightswitch
., 2060
., 2061, TVstereo
., 2062
., 2063
., 2064
., 2065, Coffeemachine
., 2066, Coffeemachine
., 2067, Coffeemachine
., 2068, Coffeemachine
., 2069, Coffeemachine
., 2070, Coffeemachine
., 2071, Coffeemachine
., 2072, Coffeemachine
., 2073, Coffeemachine
., 2074, Coffeemachine
., 2075
., 2076
., 2077
., 2078
., 2079
., 2080, TVstereo
., 2081, TVstereo
., 2082, TVstereo
., 2083, TVstereo
., 2084, TVstereo
., 2085, TVstereo
., 2086, TVstereo
., 2087, TVstereo
., 2088
., 2089, TVstereo
., 2090, TVstereo
., 2091, TVstereo
., 2092, TVstereo
., 2093, TVstereo
., 2094, TVstereo
., 2095, TVstereo
., 2096
., 2097
., 2098
., 2099, Mixer
., 2100, Mixer
., 2101, Mixer
., 2102, Mixer
., 2103, Mixer
., 2104, Mixer
., 2105, Mixer
., 2106, Fan
., 2107
., 2108, TVstereo
., 2109, TVstereo
., 2110, TVstereo
., 2111, TVstereo
., 2112, TVstereo
., 2113, TVstereo
., 2114, TVstereo
., 2115
., 2116
., 2117
., 2118
., 2119
., 2120, Mixer
., 2121
., 2122
., 2123
., 2124
., 2125
., 2126
., 2127
., 2128
., 2129
., 2130, Coffeemachine
., 2131, Coffeemachine
., 2132, Coffeemachine
., 2133, Coffeemachine
., 2134, Coffeemachine
., 2135, Coffeemachine
., 2136, Coffeemachine
., 2137, Coffeemachine
., 2138, Coffeemachine
., 2139, Coffeemachine
., 2140, Coffeemachine
., 2141, Coffeemachine
Stopping, 2142, Coffeemachine
., 2143, Fan
., 2144
., 2145
., 2146
., 2147
., 2148
., 2149
., 2150, Mixer
., 2151
., 2152
., 2153
., 2154
., 2155, TVstereo
., 2156, TVstereo
., 2157, TVstereo
., 2158, TVstereo
., 2159, TVstereo
., 2160, TVstereo
., 2161, TVstereo
., 2162, Fan
., 2163, Lightswitch
., 2164, Fan
., 2165
., 2166
., 2167
., 2168, Lightswitch
., 2169, Fan
., 2170
., 2171, Mixer
., 2172, Mixer
., 2173, Mixer
., 2174, Mixer
., 2175, Mixer
., 2176, Mixer
., 2177, Mixer
., 2178
., 2179
., 2180
., 2181
., 2182, Fan
., 2183
., 2184, Mixer
., 2185
., 2186, Lightswitch
., 2187, TVstereo
., 2188, TVstereo
., 2189, TVstereo
., 2190, TVstereo
., 2191, TVstereo
., 2192, Lightswitch
., 2193, Fan
., 2194
., 2195
., 2196, Mixer
., 2197
., 2198, TVstereo
., 2199, Coffeemachine
., 2200, Coffeemachine
., 2201, Coffeemachine
., 2202, Coffeemachine
., 2203, Coffeemachine
., 2204, Coffeemachine
., 2205
., 2206
., 2207, Fan
., 2208
., 2209
., 2210
., 2211
., 2212
., 2213
., 2214
., 2215
., 2216
., 2217
., 2218
., 2219, TVstereo
., 2220
., 2221
., 2222
., 2223
., 2224
., 2225, Coffeemachine
., 2226, Coffeemachine
., 2227, Coffeemachine
., 2228, Coffeemachine
., 2229, Coffeemachine
., 2230, Coffeemachine
., 2231, Coffeemachine
., 2232, Coffeemachine
., 2233, Coffeemachine
., 2234, Coffeemachine
., 2235, Coffeemachine
., 2236, Coffeemachine
., 2237, Coffeemachine
., 2238, Coffeemachine
., 2239, Coffeemachine
., 2240, Coffeemachine
., 2241, Coffeemachine
., 2242
., 2243
., 2244
., 2245
., 2246, TVstereo
., 2247, Lightswitch
., 2248
., 2249, TVstereo
., 2250, TVstereo
., 2251, TVstereo
., 2252, TVstereo
., 2253, TVstereo
., 2254, TVstereo
., 2255, TVstereo
., 2256, Lightswitch
., 2257
., 2258
., 2259, Lightswitch
., 2260
., 2261
., 2262
., 2263
., 2264, Mixer
., 2265, Mixer
., 2266, Mixer
., 2267, Mixer
., 2268, Mixer
., 2269, Mixer
., 2270, Mixer
., 2271, Fan
., 2272, Mixer
., 2273
., 2274
., 2275, TVstereo
., 2276
., 2277, Lightswitch
., 2278
., 2279
., 2280, TVstereo
., 2281, TVstereo
., 2282, TVstereo
., 2283, TVstereo
., 2284, TVstereo
., 2285, TVstereo
., 2286, TVstereo
., 2287, TVstereo
., 2288
., 2289
., 2290
., 2291
., 2292, TVstereo
., 2293
., 2294, TVstereo
., 2295
., 2296, Lightswitch
., 2297
., 2298
., 2299
., 2300
., 2301
., 2302, Mixer
., 2303, Lightswitch
., 2304
., 2305
., 2306
., 2307
., 2308
., 2309
., 2310, Fan
., 2311
., 2312, Mixer
., 2313, Mixer
., 2314
., 2315, Coffeemachine
., 2316, Coffeemachine
., 2317, Coffeemachine
., 2318, Coffeemachine
., 2319, Coffeemachine
., 2320, Coffeemachine
., 2321, Coffeemachine
., 2322, Coffeemachine
., 2323, Coffeemachine
., 2324, Coffeemachine
., 2325, Coffeemachine
., 2326, Coffeemachine
., 2327, Coffeemachine
., 2328, Coffeemachine
., 2329, Coffeemachine
., 2330
., 2331, Fan
., 2332
., 2333
., 2334, Coffeemachine
., 2335, Coffeemachine
., 2336, Coffeemachine
., 2337, Coffeemachine
., 2338, Coffeemachine
., 2339, Coffeemachine
., 2340, Coffeemachine
., 2341, Coffeemachine
., 2342, Coffeemachine
., 2343, Coffeemachine
., 2344, Coffeemachine
., 2345, Coffeemachine
., 2346, Coffeemachine
., 2347, Coffeemachine
., 2348, Coffeemachine
., 2349, Coffeemachine
., 2350, Coffeemachine
., 2351, Coffeemachine
., 2352, Coffeemachine
., 2353, Coffeemachine
., 2354, Coffeemachine
., 2355, Coffeemachine
., 2356, Coffeemachine
., 2357, Coffeemachine
., 2358, Coffeemachine
., 2359, Coffeemachine
., 2360, Coffeemachine
., 2361, Coffeemachine
., 2362, Coffeemachine
., 2363
., 2364
., 2365
., 2366, TVstereo
., 2367, Lightswitch
., 2368
., 2369, Mixer
., 2370, Mixer
., 2371, Mixer
., 2372, Mixer
., 2373, Mixer
., 2374, Mixer
., 2375, Mixer
., 2376, Mixer
., 2377
., 2378
., 2379
., 2380
., 2381
., 2382, Fan
., 2383
., 2384, Mixer
., 2385
., 2386
., 2387, Mixer
., 2388
., 2389, Fan
., 2390, Lightswitch
., 2391, TVstereo
., 2392, TVstereo
., 2393, TVstereo
., 2394, TVstereo
., 2395, TVstereo
., 2396, TVstereo
., 2397, TVstereo
., 2398, TVstereo
., 2399
., 2400
., 2401
., 2402, TVstereo
., 2403
., 2404, Mixer
., 2405
., 2406
., 2407
., 2408
., 2409
., 2410, TVstereo
., 2411, TVstereo
., 2412, TVstereo
., 2413, TVstereo
., 2414, TVstereo
., 2415
., 2416
., 2417
., 2418
., 2419
., 2420
., 2421
., 2422
., 2423
., 2424
., 2425
., 2426, TVstereo
., 2427, TVstereo
., 2428, TVstereo
., 2429, TVstereo
., 2430, TVstereo
., 2431
., 2432
., 2433
., 2434
., 2435
., 2436
., 2437, Coffeemachine
., 2438, Coffeemachine
., 2439, Coffeemachine
., 2440, Coffeemachine
., 2441, Coffeemachine
., 2442, Coffeemachine
., 2443, Coffeemachine
., 2444, Coffeemachine
., 2445, Coffeemachine
., 2446, Coffeemachine
., 2447, Coffeemachine
., 2448, Coffeemachine
., 2449, Coffeemachine
., 2450, Coffeemachine
., 2451, Coffeemachine
., 2452, Coffeemachine
., 2453
., 2454, TVstereo
., 2455, TVstereo
., 2456, TVstereo
., 2457, TVstereo
., 2458, TVstereo
., 2459, TVstereo
., 2460
., 2461
., 2462
., 2463, TVstereo
., 2464
., 2465
., 2466
., 2467, Fan
., 2468
., 2469
., 2470, Mixer
., 2471, Mixer
., 2472, Mixer
., 2473, Mixer
., 2474, Mixer
., 2475, Mixer
., 2476, Mixer
., 2477
., 2478
., 2479
., 2480
., 2481, Fan
., 2482
., 2483
., 2484
., 2485, Fan
., 2486, TVstereo
., 2487
., 2488
., 2489, TVstereo
., 2490, TVstereo
., 2491, TVstereo
., 2492, TVstereo
., 2493, TVstereo
., 2494, TVstereo
., 2495
., 2496, Coffeemachine
., 2497, Coffeemachine
., 2498, Coffeemachine
., 2499, Coffeemachine
., 2500, Coffeemachine
., 2501, Coffeemachine
., 2502, Coffeemachine
., 2503, Coffeemachine
., 2504, Coffeemachine
., 2505, Coffeemachine
., 2506, Coffeemachine
., 2507, Coffeemachine
., 2508, Coffeemachine
., 2509, Coffeemachine
., 2510, Mixer
., 2511
., 2512
., 2513
., 2514
., 2515
., 2516
., 2517, Lightswitch
., 2518
., 2519
., 2520
., 2521
., 2522, TVstereo
., 2523
., 2524, TVstereo
., 2525, Coffeemachine
., 2526, Coffeemachine
., 2527, Coffeemachine
., 2528, Coffeemachine
., 2529, Coffeemachine
., 2530, Coffeemachine
., 2531, Coffeemachine
., 2532, Coffeemachine
., 2533, Coffeemachine
., 2534, Coffeemachine
., 2535, Coffeemachine
., 2536, Coffeemachine
., 2537, Coffeemachine
., 2538, Coffeemachine
., 2539, Coffeemachine
., 2540, Coffeemachine
., 2541, Coffeemachine
., 2542
., 2543
., 2544
., 2545
., 2546
., 2547
., 2548
., 2549
., 2550
., 2551, Mixer
., 2552, Mixer
., 2553, Mixer
., 2554, Mixer
., 2555, Mixer
., 2556, Mixer
., 2557, Mixer
., 2558, Mixer
., 2559
., 2560
., 2561, TVstereo
., 2562, TVstereo
., 2563, TVstereo
., 2564, TVstereo
., 2565, TVstereo
., 2566, TVstereo
., 2567, TVstereo
., 2568
., 2569
., 2570, Lightswitch
., 2571
., 2572
., 2573, Mixer
., 2574
., 2575
., 2576, Coffeemachine
., 2577, Coffeemachine
., 2578, Coffeemachine
., 2579, Coffeemachine
., 2580, Coffeemachine
., 2581, Coffeemachine
., 2582, Coffeemachine
., 2583
., 2584
., 2585, TVstereo
., 2586, TVstereo
., 2587, TVstereo
., 2588, TVstereo
., 2589, TVstereo
., 2590, TVstereo
., 2591, TVstereo
., 2592, TVstereo
., 2593
., 2594
., 2595
., 2596
., 2597
., 2598, TVstereo
., 2599, TVstereo
., 2600, TVstereo
., 2601, TVstereo
., 2602, TVstereo
., 2603, TVstereo
., 2604
., 2605
., 2606
., 2607
., 2608
., 2609
., 2610
., 2611, TVstereo
., 2612, TVstereo
., 2613, TVstereo
., 2614, TVstereo
., 2615, TVstereo
., 2616, TVstereo
., 2617, TVstereo
., 2618, TVstereo
., 2619, TVstereo
., 2620, TVstereo
., 2621, Fan
., 2622, Coffeemachine
., 2623, Coffeemachine
., 2624, Coffeemachine
., 2625, Coffeemachine
., 2626, Coffeemachine
., 2627, Coffeemachine
., 2628, Coffeemachine
., 2629, Coffeemachine
., 2630, Coffeemachine
., 2631, Coffeemachine
., 2632, Coffeemachine
., 2633, Coffeemachine
., 2634, Coffeemachine
., 2635, Coffeemachine
., 2636, Coffeemachine
., 2637
., 2638
., 2639
., 2640
., 2641, TVstereo
., 2642
., 2643
., 2644
., 2645
., 2646, Coffeemachine
., 2647, Coffeemachine
., 2648, Coffeemachine
., 2649, Coffeemachine
., 2650
., 2651
., 2652, Lightswitch
., 2653, Fan
., 2654, Lightswitch
., 2655
., 2656
., 2657
., 2658
., 2659, Coffeemachine
., 2660, Coffeemachine
., 2661, Coffeemachine
., 2662, Coffeemachine
., 2663, Coffeemachine
., 2664, Coffeemachine
., 2665, Coffeemachine
., 2666, Coffeemachine
., 2667, Coffeemachine
., 2668, Coffeemachine
., 2669, Coffeemachine
., 2670, Coffeemachine
., 2671, Coffeemachine
., 2672
., 2673
., 2674
., 2675, TVstereo
., 2676, TVstereo
., 2677, TVstereo
., 2678, TVstereo
., 2679, TVstereo
., 2680, TVstereo
., 2681, TVstereo
., 2682, TVstereo
., 2683, TVstereo
., 2684
., 2685
., 2686
., 2687
., 2688
., 2689
., 2690, TVstereo
., 2691
., 2692, Mixer
., 2693, Mixer
., 2694, Mixer
., 2695, Mixer
., 2696, Mixer
., 2697, Mixer
., 2698, Mixer
., 2699, Mixer
., 2700, Coffeemachine
., 2701, Coffeemachine
., 2702, Coffeemachine
., 2703, Coffeemachine
., 2704, Coffeemachine
., 2705, Coffeemachine
., 2706, Coffeemachine
., 2707, Coffeemachine
., 2708, Coffeemachine
., 2709, Coffeemachine
., 2710, Coffeemachine
., 2711, Coffeemachine
., 2712, Coffeemachine
., 2713, Coffeemachine
., 2714, Coffeemachine
., 2715, Coffeemachine
., 2716, Coffeemachine
., 2717, TVstereo
., 2718
., 2719
., 2720
., 2721
., 2722
., 2723
., 2724
., 2725
., 2726, Mixer
., 2727
., 2728
., 2729
., 2730
., 2731, Coffeemachine
., 2732, Coffeemachine
., 2733, Coffeemachine
., 2734, Coffeemachine
., 2735, Coffeemachine
., 2736, Coffeemachine
., 2737, Coffeemachine
., 2738, Coffeemachine
., 2739, Coffeemachine
., 2740, Coffeemachine
., 2741, Coffeemachine
., 2742, Coffeemachine
., 2743, Coffeemachine
., 2744, Coffeemachine
., 2745
., 2746
., 2747, Coffeemachine
., 2748, Coffeemachine
., 2749, Coffeemachine
., 2750, Coffeemachine
., 2751, Coffeemachine
., 2752, Coffeemachine
., 2753, Coffeemachine
., 2754, Coffeemachine
., 2755, Lightswitch
., 2756, Mixer
., 2757
., 2758
., 2759
., 2760
., 2761
., 2762, Mixer
., 2763, Mixer
., 2764, Mixer
., 2765, Mixer
., 2766, Mixer
., 2767, Mixer
., 2768, Mixer
., 2769, Mixer
., 2770, Lightswitch
., 2771
., 2772
., 2773, Fan
., 2774, Lightswitch
., 2775
., 2776, TVstereo
., 2777
., 2778
., 2779
., 2780
., 2781
., 2782
., 2783
., 2784
., 2785, Fan
., 2786
., 2787
., 2788
., 2789
., 2790
., 2791, Lightswitch
., 2792, Fan
., 2793, TVstereo
., 2794, TVstereo
., 2795, TVstereo
., 2796, TVstereo
., 2797, TVstereo
., 2798, TVstereo
., 2799, TVstereo
., 2800
., 2801, Mixer
., 2802, Mixer
., 2803
., 2804
., 2805
., 2806, Mixer
., 2807
., 2808
., 2809, TVstereo
., 2810, TVstereo
., 2811, TVstereo
., 2812, TVstereo
., 2813, TVstereo
., 2814, TVstereo
., 2815
., 2816, Mixer
., 2817
., 2818
., 2819
., 2820, Lightswitch
., 2821
., 2822
., 2823, Fan
., 2824
., 2825
., 2826, Coffeemachine
., 2827, Coffeemachine
., 2828, Coffeemachine
., 2829, Coffeemachine
., 2830, Coffeemachine
., 2831, Coffeemachine
., 2832, Coffeemachine
., 2833, Coffeemachine
., 2834, Coffeemachine
., 2835, Coffeemachine
., 2836, Coffeemachine
., 2837, Coffeemachine
., 2838, Coffeemachine
., 2839, Coffeemachine
., 2840, Coffeemachine
., 2841, TVstereo
., 2842, TVstereo
., 2843, TVstereo
., 2844, TVstereo
., 2845, TVstereo
., 2846, TVstereo
., 2847, TVstereo
., 2848, TVstereo
., 2849, TVstereo
., 2850
., 2851
., 2852
., 2853
., 2854, TVstereo
., 2855, TVstereo
., 2856, TVstereo
., 2857, TVstereo
., 2858, TVstereo
., 2859, TVstereo
., 2860, TVstereo
., 2861, TVstereo
., 2862, TVstereo
., 2863
., 2864, TVstereo
., 2865
., 2866
., 2867, Mixer
., 2868, Mixer
., 2869, Mixer
., 2870, Mixer
., 2871, Mixer
., 2872, Mixer
., 2873, Mixer
., 2874, Mixer
., 2875
., 2876
., 2877
., 2878
., 2879, Lightswitch
., 2880, Lightswitch
., 2881
., 2882
., 2883, Coffeemachine
., 2884, Coffeemachine
., 2885, Coffeemachine
., 2886, Coffeemachine
., 2887, Coffeemachine
., 2888, Coffeemachine
., 2889, Coffeemachine
., 2890, Coffeemachine
., 2891, Coffeemachine
., 2892, Coffeemachine
., 2893, Coffeemachine
., 2894, Coffeemachine
., 2895, Coffeemachine
., 2896, Coffeemachine
., 2897, Coffeemachine
., 2898, Coffeemachine
., 2899
., 2900
., 2901, TVstereo
., 2902
., 2903
., 2904
., 2905
., 2906
., 2907, Lightswitch
., 2908
., 2909
., 2910
., 2911
., 2912
., 2913, Mixer
., 2914
., 2915
., 2916, Mixer
., 2917, Mixer
., 2918
., 2919, Lightswitch
., 2920
., 2921, TVstereo
., 2922, TVstereo
., 2923, TVstereo
., 2924, TVstereo
., 2925, TVstereo
., 2926, TVstereo
., 2927, TVstereo
., 2928, TVstereo
., 2929, Coffeemachine
., 2930, Coffeemachine
., 2931, Coffeemachine
., 2932, Coffeemachine
., 2933, Coffeemachine
., 2934, Coffeemachine
., 2935, Coffeemachine
., 2936, Coffeemachine
., 2937, Coffeemachine
., 2938, Coffeemachine
., 2939, Coffeemachine
., 2940, Coffeemachine
., 2941, Coffeemachine
., 2942, Coffeemachine
., 2943, Coffeemachine
., 2944, Coffeemachine
., 2945, Coffeemachine
., 2946, Lightswitch
., 2947
., 2948
., 2949
., 2950
., 2951
., 2952
., 2953, Mixer
., 2954, Mixer
., 2955, Mixer
., 2956, Mixer
., 2957, Mixer
., 2958, Mixer
., 2959, Mixer
., 2960, Mixer
., 2961, TVstereo
., 2962, TVstereo
., 2963, TVstereo
., 2964, TVstereo
., 2965, TVstereo
., 2966
., 2967
., 2968, Fan
., 2969
., 2970, Fan
., 2971
., 2972
., 2973
., 2974
., 2975, TVstereo
., 2976
., 2977, Coffeemachine
., 2978, Coffeemachine
., 2979, Coffeemachine
., 2980, Coffeemachine
., 2981, Coffeemachine
., 2982, Coffeemachine
., 2983, Coffeemachine
., 2984, Coffeemachine
., 2985, Coffeemachine
., 2986, Coffeemachine
., 2987, Coffeemachine
., 2988, Coffeemachine
., 2989, Coffeemachine
., 2990, Coffeemachine
., 2991, Coffeemachine
., 2992, Lightswitch
., 2993
., 2994, Fan
., 2995
., 2996
., 2997
., 2998
., 2999
., 3000
., 3001
., 3002, Fan
., 3003
., 3004
., 3005, TVstereo
., 3006
., 3007
., 3008
., 3009
., 3010
., 3011
., 3012, Lightswitch
., 3013
., 3014, Mixer
., 3015, Mixer
., 3016, Fan
., 3017
., 3018
., 3019
., 3020
., 3021
., 3022
., 3023
., 3024
., 3025
., 3026
., 3027, Coffeemachine
., 3028, Coffeemachine
., 3029, Coffeemachine
., 3030, Coffeemachine
., 3031, Coffeemachine
., 3032, Coffeemachine
., 3033, Coffeemachine
., 3034, Coffeemachine
., 3035, Coffeemachine
., 3036, Coffeemachine
., 3037, Coffeemachine
., 3038, Coffeemachine
., 3039, Coffeemachine
., 3040, Coffeemachine
., 3041, Coffeemachine
., 3042, Coffeemachine
., 3043, Coffeemachine
., 3044, Coffeemachine
., 3045, Coffeemachine
., 3046, Coffeemachine
., 3047, Coffeemachine
., 3048, Coffeemachine
., 3049, Coffeemachine
., 3050, Coffeemachine
., 3051, Coffeemachine
., 3052, Coffeemachine
., 3053, TVstereo
., 3054, TVstereo
., 3055, TVstereo
., 3056, TVstereo
., 3057, TVstereo
., 3058, TVstereo
., 3059, TVstereo
., 3060, TVstereo
., 3061
., 3062
., 3063, TVstereo
., 3064, TVstereo
., 3065, TVstereo
., 3066, TVstereo
., 3067, TVstereo
., 3068, TVstereo
., 3069
., 3070
., 3071, Mixer
., 3072, Mixer
., 3073, Mixer
., 3074, Mixer
., 3075, Mixer
., 3076, Mixer
., 3077, Mixer
., 3078, Mixer
., 3079, Lightswitch
., 3080, TVstereo
., 3081, TVstereo
., 3082, TVstereo
., 3083, TVstereo
., 3084, TVstereo
., 3085, Coffeemachine
., 3086, Coffeemachine
., 3087, Coffeemachine
., 3088, Coffeemachine
., 3089, Coffeemachine
., 3090, Coffeemachine
., 3091, Coffeemachine
., 3092, Coffeemachine
., 3093, Coffeemachine
., 3094, Coffeemachine
., 3095, Coffeemachine
., 3096, Coffeemachine
., 3097, Coffeemachine
., 3098, Coffeemachine
., 3099, Coffeemachine
., 3100
., 3101
., 3102, Lightswitch
., 3103
., 3104
., 3105
., 3106
., 3107
., 3108, Lightswitch
., 3109
., 3110
., 3111
., 3112, Lightswitch
., 3113
., 3114, Lightswitch
., 3115
., 3116
., 3117
., 3118
., 3119
., 3120
., 3121, Mixer
., 3122
., 3123
., 3124
., 3125
., 3126
., 3127
., 3128, TVstereo
., 3129
., 3130, TVstereo
., 3131
., 3132
., 3133
., 3134, Mixer
., 3135
., 3136
., 3137
., 3138
., 3139, Lightswitch
., 3140
., 3141, TVstereo
., 3142, TVstereo
., 3143, TVstereo
., 3144, TVstereo
., 3145, TVstereo
., 3146, TVstereo
., 3147, TVstereo
., 3148
., 3149
., 3150
., 3151
., 3152, Lightswitch
., 3153
., 3154
., 3155
., 3156
., 3157
., 3158
., 3159
., 3160
., 3161
., 3162
., 3163
., 3164
., 3165, Fan
., 3166
., 3167
., 3168
., 3169
., 3170, Coffeemachine
., 3171, Coffeemachine
., 3172, Coffeemachine
., 3173, Coffeemachine
., 3174, Coffeemachine
., 3175, Coffeemachine
., 3176, Coffeemachine
., 3177, Coffeemachine
., 3178, Coffeemachine
., 3179, Coffeemachine
., 3180, Coffeemachine
., 3181, Coffeemachine
., 3182, Coffeemachine
., 3183
., 3184, TVstereo
., 3185
., 3186, Coffeemachine
., 3187, Coffeemachine
., 3188, Coffeemachine
., 3189, Coffeemachine
., 3190, Coffeemachine
., 3191, Coffeemachine
., 3192, Coffeemachine
., 3193, Lightswitch
., 3194
., 3195
., 3196
., 3197, Fan
., 3198, Fan
., 3199
., 3200
., 3201
., 3202
., 3203
., 3204
., 3205
., 3206
., 3207
., 3208
., 3209, TVstereo
., 3210, TVstereo
., 3211, TVstereo
., 3212, TVstereo
., 3213, TVstereo
., 3214, TVstereo
., 3215, TVstereo
., 3216, TVstereo
., 3217, TVstereo
., 3218
., 3219
., 3220
., 3221
., 3222, Coffeemachine
., 3223, Coffeemachine
., 3224, Coffeemachine
., 3225, Coffeemachine
., 3226, Coffeemachine
., 3227, Coffeemachine
., 3228, Coffeemachine
., 3229, Coffeemachine
., 3230, Coffeemachine
., 3231, Coffeemachine
., 3232, Coffeemachine
., 3233, Coffeemachine
., 3234, Coffeemachine
., 3235, Coffeemachine
., 3236, Coffeemachine
., 3237, Coffeemachine
., 3238, Coffeemachine
., 3239
., 3240
., 3241, TVstereo
., 3242, TVstereo
., 3243, TVstereo
., 3244, TVstereo
., 3245, TVstereo
., 3246, TVstereo
., 3247
., 3248
., 3249, TVstereo
., 3250, TVstereo
., 3251, TVstereo
., 3252, TVstereo
., 3253, TVstereo
., 3254, TVstereo
., 3255, Lightswitch
., 3256, Fan
., 3257
., 3258
., 3259
., 3260
., 3261
., 3262
., 3263
., 3264, Coffeemachine
., 3265, Coffeemachine
., 3266, Coffeemachine
., 3267, Coffeemachine
., 3268, Coffeemachine
., 3269, Coffeemachine
., 3270, Coffeemachine
., 3271, Coffeemachine
., 3272, Coffeemachine
., 3273, Coffeemachine
., 3274, Coffeemachine
., 3275, Coffeemachine
., 3276, Coffeemachine
., 3277, Coffeemachine
., 3278
., 3279
., 3280
., 3281
., 3282
., 3283
., 3284
., 3285, Coffeemachine
., 3286, Coffeemachine
., 3287, Coffeemachine
., 3288, Coffeemachine
., 3289, Coffeemachine
., 3290, Coffeemachine
., 3291, Coffeemachine
., 3292, Coffeemachine
., 3293, Coffeemachine
., 3294, Coffeemachine
., 3295, Coffeemachine
., 3296, Coffeemachine
., 3297, Coffeemachine
., 3298, Coffeemachine
., 3299, Coffeemachine
., 3300, Coffeemachine
., 3301
., 3302, Coffeemachine
., 3303, Coffeemachine
., 3304, Coffeemachine
., 3305, Coffeemachine
., 3306, Coffeemachine
., 3307, Coffeemachine
., 3308, Coffeemachine
., 3309, Coffeemachine
., 3310, Coffeemachine
., 3311, Coffeemachine
., 3312, Coffeemachine
., 3313, Coffeemachine
., 3314, Coffeemachine
., 3315, Coffeemachine
., 3316, Coffeemachine
., 3317, Coffeemachine
., 3318, Coffeemachine
., 3319, Coffeemachine
., 3320, Coffeemachine
., 3321, Coffeemachine
., 3322, Coffeemachine
., 3323, Coffeemachine
., 3324, Coffeemachine
., 3325
., 3326
., 3327, Lightswitch
., 3328, TVstereo
., 3329
., 3330, TVstereo
., 3331, TVstereo
., 3332, TVstereo
., 3333, TVstereo
., 3334, TVstereo
., 3335, TVstereo
., 3336, TVstereo
., 3337, TVstereo
., 3338, TVstereo
., 3339
., 3340, TVstereo
., 3341, TVstereo
., 3342, TVstereo
., 3343, TVstereo
., 3344, TVstereo
., 3345, TVstereo
., 3346
., 3347
., 3348, TVstereo
., 3349, TVstereo
., 3350
., 3351, Coffeemachine
., 3352, Coffeemachine
., 3353, Coffeemachine
., 3354, Coffeemachine
., 3355, Coffeemachine
., 3356, Coffeemachine
., 3357, Coffeemachine
., 3358, Coffeemachine
., 3359, Coffeemachine
., 3360, Coffeemachine
., 3361, Coffeemachine
., 3362, Coffeemachine
., 3363, Coffeemachine
., 3364, Coffeemachine
., 3365, Coffeemachine
., 3366, Coffeemachine
., 3367
., 3368, Coffeemachine
., 3369, Coffeemachine
., 3370, Coffeemachine
., 3371, Coffeemachine
., 3372, Coffeemachine
., 3373, Coffeemachine
., 3374, Coffeemachine
., 3375, Coffeemachine
., 3376, Coffeemachine
., 3377, Coffeemachine
., 3378, Coffeemachine
., 3379, Coffeemachine
., 3380, Coffeemachine
., 3381, Coffeemachine
., 3382
., 3383
., 3384, Fan
., 3385
., 3386
., 3387, Lightswitch
., 3388, Mixer
., 3389, Mixer
., 3390, Mixer
., 3391, Mixer
., 3392, Mixer
., 3393, Mixer
., 3394, Mixer
., 3395
., 3396, Coffeemachine
., 3397, Coffeemachine
., 3398, Coffeemachine
., 3399, Coffeemachine
., 3400, Coffeemachine
., 3401, Coffeemachine
., 3402, Coffeemachine
., 3403, Coffeemachine
., 3404, Coffeemachine
., 3405, Coffeemachine
., 3406, Coffeemachine
., 3407, Coffeemachine
., 3408, Coffeemachine
., 3409, Coffeemachine
., 3410, Coffeemachine
., 3411, TVstereo
., 3412
., 3413, Coffeemachine
., 3414, Coffeemachine
., 3415, Coffeemachine
., 3416, Coffeemachine
., 3417, Coffeemachine
., 3418, Coffeemachine
., 3419, Coffeemachine
., 3420, Coffeemachine
., 3421, Coffeemachine
., 3422, Coffeemachine
., 3423, Coffeemachine
., 3424, Coffeemachine
., 3425, Coffeemachine
., 3426, Coffeemachine
., 3427, Coffeemachine
., 3428, Coffeemachine
., 3429, Mixer
., 3430, Mixer
., 3431
., 3432, Lightswitch
., 3433, Mixer
., 3434
., 3435
., 3436
., 3437
., 3438
., 3439, Mixer
., 3440
., 3441, Fan
., 3442, Fan
., 3443
., 3444, TVstereo
., 3445, Lightswitch
., 3446, Lightswitch
., 3447
., 3448
., 3449
., 3450, Mixer
., 3451
., 3452, Mixer
., 3453
., 3454
., 3455, TVstereo
., 3456, Mixer
., 3457, Mixer
., 3458, Mixer
Turning off, 3459, Mixer
., 3460
., 3461
., 3462
., 3463, Coffeemachine
., 3464, Coffeemachine
., 3465, Coffeemachine
., 3466, Coffeemachine
., 3467, Coffeemachine
., 3468, Coffeemachine
., 3469, Coffeemachine
., 3470, Coffeemachine
., 3471, Coffeemachine
., 3472, Coffeemachine
., 3473, Coffeemachine
., 3474, Coffeemachine
., 3475, Coffeemachine
., 3476, Coffeemachine
., 3477, Coffeemachine
., 3478
., 3479
., 3480, Coffeemachine
., 3481, Coffeemachine
., 3482, Coffeemachine
., 3483, Coffeemachine
., 3484, Coffeemachine
., 3485, Lightswitch
., 3486
., 3487
., 3488
., 3489
., 3490
., 3491
., 3492
., 3493
., 3494, Fan
., 3495
., 3496
., 3497
., 3498
., 3499
., 3500, TVstereo
., 3501, TVstereo
., 3502, TVstereo
., 3503, TVstereo
., 3504, TVstereo
., 3505, TVstereo
., 3506, TVstereo
., 3507, TVstereo
., 3508, TVstereo
., 3509, Lightswitch
., 3510
., 3511, TVstereo
., 3512
., 3513
., 3514
., 3515
., 3516
., 3517
., 3518
., 3519, Fan
., 3520, Fan
., 3521, Coffeemachine
., 3522, Coffeemachine
., 3523, Coffeemachine
., 3524, Coffeemachine
., 3525, Coffeemachine
., 3526, Coffeemachine
., 3527, Coffeemachine
., 3528, Coffeemachine
., 3529, Coffeemachine
., 3530, Coffeemachine
., 3531, Coffeemachine
., 3532, Coffeemachine
., 3533, Coffeemachine
., 3534, Coffeemachine
., 3535, Coffeemachine
., 3536
., 3537, Lightswitch
., 3538
., 3539
., 3540, Mixer
., 3541, Mixer
., 3542, Mixer
., 3543, Mixer
., 3544, Mixer
., 3545, Mixer
., 3546, Mixer
., 3547, Mixer
., 3548
., 3549, Fan
., 3550
., 3551, Mixer
., 3552
., 3553, TVstereo
., 3554
., 3555, TVstereo
., 3556, TVstereo
., 3557, TVstereo
., 3558, TVstereo
., 3559, TVstereo
., 3560, TVstereo
., 3561, TVstereo
., 3562, TVstereo
., 3563, TVstereo
., 3564
., 3565, TVstereo
., 3566
., 3567
., 3568, Lightswitch
., 3569
., 3570
., 3571
., 3572, TVstereo
., 3573, TVstereo
., 3574, TVstereo
., 3575, TVstereo
., 3576, TVstereo
., 3577, TVstereo
., 3578, TVstereo
., 3579, TVstereo
., 3580
., 3581
., 3582
., 3583
., 3584
., 3585, TVstereo
., 3586, TVstereo
., 3587, TVstereo
., 3588, TVstereo
., 3589, TVstereo
., 3590
., 3591, TVstereo
., 3592
., 3593, Coffeemachine
., 3594, Coffeemachine
., 3595, Coffeemachine
., 3596, Coffeemachine
., 3597, Coffeemachine
., 3598, Coffeemachine
., 3599, Coffeemachine
., 3600, Coffeemachine
., 3601, Coffeemachine
., 3602, Coffeemachine
., 3603, Coffeemachine
., 3604, Coffeemachine
., 3605, Coffeemachine
., 3606, Coffeemachine
., 3607, Coffeemachine
., 3608, Coffeemachine
., 3609
., 3610
., 3611, Coffeemachine
., 3612, Coffeemachine
., 3613, Coffeemachine
., 3614, Coffeemachine
., 3615, Coffeemachine
., 3616, Coffeemachine
., 3617, Coffeemachine
., 3618, Coffeemachine
., 3619, Coffeemachine
., 3620, Coffeemachine
., 3621, Coffeemachine
., 3622, Coffeemachine
., 3623, Coffeemachine
., 3624, Coffeemachine
., 3625, Coffeemachine
., 3626, Coffeemachine
., 3627
., 3628
., 3629
., 3630, Coffeemachine
., 3631, Coffeemachine
., 3632, Coffeemachine
., 3633, Coffeemachine
., 3634, Coffeemachine
., 3635, Coffeemachine
., 3636, Coffeemachine
., 3637, Coffeemachine
., 3638, Coffeemachine
., 3639, Coffeemachine
., 3640, Coffeemachine
., 3641
., 3642
., 3643, TVstereo
., 3644
., 3645
., 3646
., 3647
., 3648
., 3649
., 3650
., 3651
., 3652, Lightswitch
., 3653
., 3654, Mixer
., 3655, Mixer
., 3656, Mixer
., 3657, Mixer
., 3658, Mixer
., 3659, Mixer
., 3660, Mixer
., 3661, Mixer
., 3662
., 3663
., 3664
., 3665
., 3666
., 3667
., 3668
., 3669
., 3670, Lightswitch
., 3671, Coffeemachine
., 3672, Coffeemachine
., 3673, Coffeemachine
., 3674, Coffeemachine
., 3675
., 3676
., 3677
., 3678, Coffeemachine
., 3679, Coffeemachine
., 3680, Coffeemachine
., 3681, Coffeemachine
., 3682, Coffeemachine
., 3683, Coffeemachine
., 3684, Coffeemachine
., 3685, Coffeemachine
., 3686, Coffeemachine
., 3687, Coffeemachine
., 3688, Coffeemachine
., 3689, Coffeemachine
., 3690, Coffeemachine
., 3691, Coffeemachine
., 3692, Lightswitch
., 3693
., 3694, Fan
., 3695, TVstereo
., 3696, TVstereo
., 3697, TVstereo
., 3698, TVstereo
., 3699, TVstereo
., 3700, TVstereo
., 3701, TVstereo
., 3702, TVstereo
., 3703
., 3704
., 3705, Coffeemachine
., 3706, Coffeemachine
., 3707, Coffeemachine
., 3708, Coffeemachine
., 3709, Coffeemachine
., 3710, Coffeemachine
., 3711, Coffeemachine
., 3712, Coffeemachine
., 3713, Coffeemachine
., 3714, Coffeemachine
., 3715, Coffeemachine
., 3716, Coffeemachine
., 3717, Coffeemachine
., 3718, Coffeemachine
., 3719, Coffeemachine
., 3720
., 3721
., 3722, Mixer
., 3723, Mixer
., 3724, Mixer
., 3725, Mixer
., 3726, Mixer
., 3727, Mixer
., 3728, Mixer
., 3729
., 3730
., 3731
., 3732
., 3733
., 3734, Lightswitch
., 3735, TVstereo
., 3736, TVstereo
., 3737, TVstereo
., 3738, TVstereo
., 3739, TVstereo
., 3740, TVstereo
., 3741, Lightswitch
., 3742
., 3743
., 3744, Mixer
., 3745
., 3746, TVstereo
., 3747, TVstereo
., 3748, TVstereo
., 3749, TVstereo
., 3750, TVstereo
., 3751, TVstereo
., 3752, TVstereo
., 3753, TVstereo
., 3754
., 3755, Lightswitch
., 3756, Coffeemachine
., 3757, Coffeemachine
., 3758, Coffeemachine
., 3759, Coffeemachine
., 3760, Coffeemachine
., 3761, Coffeemachine
., 3762, Coffeemachine
., 3763, Coffeemachine
., 3764, Coffeemachine
., 3765, Coffeemachine
., 3766, Coffeemachine
., 3767, Coffeemachine
., 3768, Coffeemachine
., 3769, Coffeemachine
., 3770, Coffeemachine
., 3771, Coffeemachine
., 3772
., 3773
., 3774
., 3775, Mixer
., 3776
., 3777
., 3778
., 3779
., 3780
., 3781, Fan
., 3782
., 3783
., 3784
., 3785
., 3786
., 3787
., 3788
., 3789
., 3790, Lightswitch
., 3791
., 3792
., 3793
., 3794
., 3795
., 3796, Lightswitch
., 3797
., 3798, Coffeemachine
., 3799, Coffeemachine
., 3800, Coffeemachine
., 3801, Coffeemachine
., 3802, Coffeemachine
., 3803, Coffeemachine
., 3804, Coffeemachine
., 3805, Coffeemachine
., 3806, Coffeemachine
., 3807, Coffeemachine
., 3808, Coffeemachine
., 3809, Coffeemachine
., 3810, Coffeemachine
., 3811, Coffeemachine
., 3812, Coffeemachine
., 3813
., 3814
., 3815, TVstereo
., 3816, TVstereo
., 3817, TVstereo
., 3818, TVstereo
., 3819, TVstereo
., 3820, TVstereo
., 3821, TVstereo
., 3822, TVstereo
., 3823
., 3824, TVstereo
., 3825, TVstereo
., 3826, TVstereo
., 3827, TVstereo
., 3828, TVstereo
., 3829, TVstereo
., 3830, TVstereo
., 3831, TVstereo
., 3832
., 3833
., 3834, TVstereo
., 3835
., 3836
., 3837
., 3838
., 3839, TVstereo
., 3840, Mixer
., 3841, Mixer
., 3842, Mixer
., 3843, Mixer
., 3844, Mixer
., 3845, Mixer
., 3846, Mixer
., 3847, Mixer
., 3848
., 3849
., 3850
., 3851
., 3852, TVstereo
., 3853, TVstereo
., 3854, TVstereo
., 3855, TVstereo
., 3856, TVstereo
., 3857, TVstereo
., 3858
., 3859
., 3860
., 3861
., 3862
., 3863, TVstereo
., 3864
., 3865, TVstereo
., 3866
., 3867, Mixer
., 3868
., 3869, TVstereo
., 3870
., 3871
., 3872
., 3873
., 3874
., 3875
., 3876, TVstereo
., 3877, TVstereo
., 3878, TVstereo
., 3879, TVstereo
., 3880, TVstereo
., 3881, TVstereo
., 3882, TVstereo
., 3883, TVstereo
., 3884, Fan
., 3885
., 3886
., 3887, Mixer
., 3888
., 3889
., 3890, Coffeemachine
., 3891, Coffeemachine
., 3892, Coffeemachine
., 3893, Coffeemachine
., 3894, Coffeemachine
., 3895, Coffeemachine
., 3896, Coffeemachine
., 3897, Coffeemachine
., 3898, Coffeemachine
., 3899, Coffeemachine
., 3900, Coffeemachine
., 3901, Coffeemachine
., 3902, Coffeemachine
., 3903
., 3904
., 3905
., 3906
., 3907
., 3908, Fan
., 3909, Coffeemachine
., 3910, Coffeemachine
., 3911, Coffeemachine
., 3912, Coffeemachine
., 3913, Coffeemachine
., 3914, Coffeemachine
., 3915, Coffeemachine
., 3916, Coffeemachine
., 3917, Coffeemachine
., 3918, Coffeemachine
., 3919
., 3920
., 3921
., 3922
., 3923
., 3924
., 3925
., 3926
., 3927
., 3928, Lightswitch
., 3929
., 3930
., 3931
., 3932
., 3933
., 3934
., 3935, Lightswitch
., 3936
., 3937
., 3938, TVstereo
., 3939
., 3940
., 3941
., 3942, Lightswitch
., 3943, TVstereo
., 3944, TVstereo
., 3945, TVstereo
., 3946, TVstereo
., 3947, TVstereo
., 3948, TVstereo
., 3949, TVstereo
., 3950, TVstereo
., 3951, TVstereo
., 3952
., 3953
., 3954
., 3955
., 3956
., 3957
., 3958
., 3959
., 3960
., 3961
., 3962, Fan
., 3963
., 3964, TVstereo
., 3965
., 3966
., 3967
., 3968
., 3969, Lightswitch
., 3970, TVstereo
., 3971, TVstereo
., 3972, TVstereo
., 3973, TVstereo
., 3974, TVstereo
., 3975, TVstereo
., 3976
., 3977, Coffeemachine
., 3978, Coffeemachine
., 3979, Coffeemachine
., 3980, Coffeemachine
., 3981, Coffeemachine
., 3982, Coffeemachine
., 3983, Coffeemachine
., 3984, Coffeemachine
., 3985, Coffeemachine
., 3986, Coffeemachine
., 3987, Coffeemachine
., 3988, Coffeemachine
., 3989, Coffeemachine
., 3990, Coffeemachine
., 3991, Coffeemachine
., 3992, TVstereo
., 3993
., 3994
., 3995
., 3996
., 3997, Mixer
., 3998, Mixer
., 3999, Mixer
