., 1
Mixer shows a green light, 2, Mixer
., 3, Mixer
., 4, Mixer
Starting the mixing, 5, Mixer
Mixing, 6, Mixer
Mixing, 7, Mixer
Mixing, 8, Mixer
Mixer finished, 9, Mixer
., 10
., 11
., 12
., 13
., 14
., 15
., 16, TVstereo
., 17, TVstereo
., 18, TVstereo
., 19, TVstereo
TV turns on, 20, TVstereo
., 21, TVstereo
., 22, TVstereo
., 23, TVstereo
TV turns off, 24, TVstereo
., 25
., 26
., 27
., 28
., 29
., 30
., 31
., 32
., 33
., 34, TVstereo
., 35, TVstereo
., 36, TVstereo
., 37, TVstereo
TV turns on, 38, TVstereo
., 39, TVstereo
TV turns off, 40, TVstereo
., 41, TVstereo
., 42, TVstereo
., 43, TVstereo
., 44, TVstereo
TV turns on, 45, TVstereo
., 46, TVstereo
., 47, TVstereo
., 48, TVstereo
TV turns off, 49, TVstereo
., 50, Coffeemachine
., 51, Coffeemachine
., 52, Coffeemachine
Starting the brewing, 53, Coffeemachine
Brewing, 54, Coffeemachine
Brewing, 55, Coffeemachine
Brewing, 56, Coffeemachine
Brewing, 57, Coffeemachine
Brewing, 58, Coffeemachine
Brewing, 59, Coffeemachine
Brewing, 60, Coffeemachine
Brewing, 61, Coffeemachine
Brewing, 62, Coffeemachine
Brewing, 63, Coffeemachine
Coffee ready sound, 64, Coffeemachine
., 65
., 66
., 67
., 68
Lights turn on, 69, Lightswitch
., 70
., 71
., 72
., 73
., 74
., 75
., 76
., 77
., 78
., 79
., 80
., 81
., 82
., 83
., 84
., 85
., 86
., 87
., 88
Lights turn off, 89, Lightswitch
., 90
., 91
., 92
Lights turn on, 93, Lightswitch
., 94
Mixer shows a green light, 95, Mixer
., 96, Mixer
Starting the mixing, 97, Mixer
Mixing, 98, Mixer
Mixing, 99, Mixer
Mixing, 100, Mixer
Mixer finished, 101, Mixer
., 102
., 103, Coffeemachine
., 104, Coffeemachine
., 105, Coffeemachine
Starting the brewing, 106, Coffeemachine
Brewing, 107, Coffeemachine
Brewing, 108, Coffeemachine
Brewing, 109, Coffeemachine
Brewing, 110, Coffeemachine
Brewing, 111, Coffeemachine
Stopping, 112, Coffeemachine
Mixer shows a red light, 113, Mixer
., 114, TVstereo
., 115, TVstereo
TV turns on, 116, TVstereo
., 117, TVstereo
., 118, TVstereo
., 119, TVstereo
TV turns off, 120, TVstereo
., 121
., 122
., 123
., 124
., 125, Coffeemachine
., 126, Coffeemachine
., 127, Coffeemachine
., 128, Coffeemachine
Starting the brewing, 129, Coffeemachine
Brewing, 130, Coffeemachine
Brewing, 131, Coffeemachine
Brewing, 132, Coffeemachine
Brewing, 133, Coffeemachine
Brewing, 134, Coffeemachine
Brewing, 135, Coffeemachine
Brewing, 136, Coffeemachine
Brewing, 137, Coffeemachine
Brewing, 138, Coffeemachine
Brewing, 139, Coffeemachine
Coffee ready sound, 140, Coffeemachine
., 141
., 142
., 143, Coffeemachine
., 144, Coffeemachine
Starting the brewing, 145, Coffeemachine
Brewing, 146, Coffeemachine
Brewing, 147, Coffeemachine
Brewing, 148, Coffeemachine
Brewing, 149, Coffeemachine
Brewing, 150, Coffeemachine
Brewing, 151, Coffeemachine
Brewing, 152, Coffeemachine
Brewing, 153, Coffeemachine
Brewing, 154, Coffeemachine
Brewing, 155, Coffeemachine
Coffee ready sound, 156, Coffeemachine
., 157
., 158
., 159
Mixer shows a red light, 160, Mixer
., 161
., 162
Stereo turns on, 163, TVstereo
., 164
., 165
., 166, TVstereo
., 167, TVstereo
TV turns on, 168, TVstereo
., 169, TVstereo
TV turns off, 170, TVstereo
., 171
., 172, TVstereo
., 173, TVstereo
TV turns on, 174, TVstereo
., 175, TVstereo
., 176, TVstereo
TV turns off, 177, TVstereo
., 178
., 179
., 180
., 181
., 182, Coffeemachine
., 183, Coffeemachine
., 184, Coffeemachine
., 185, Coffeemachine
Starting the brewing, 186, Coffeemachine
Brewing, 187, Coffeemachine
Brewing, 188, Coffeemachine
Brewing, 189, Coffeemachine
Brewing, 190, Coffeemachine
Brewing, 191, Coffeemachine
Brewing, 192, Coffeemachine
Brewing, 193, Coffeemachine
Brewing, 194, Coffeemachine
Brewing, 195, Coffeemachine
Brewing, 196, Coffeemachine
Coffee ready sound, 197, Coffeemachine
., 198, Coffeemachine
., 199, Coffeemachine
., 200, Coffeemachine
Starting the brewing, 201, Coffeemachine
Brewing, 202, Coffeemachine
Brewing, 203, Coffeemachine
Brewing, 204, Coffeemachine
Brewing, 205, Coffeemachine
Brewing, 206, Coffeemachine
Brewing, 207, Coffeemachine
Brewing, 208, Coffeemachine
Brewing, 209, Coffeemachine
Brewing, 210, Coffeemachine
Brewing, 211, Coffeemachine
Coffee ready sound, 212, Coffeemachine
., 213
Lights turn off, 214, Lightswitch
., 215
., 216
Mixer shows a green light, 217, Mixer
., 218, Mixer
., 219, Mixer
Starting the mixing, 220, Mixer
Mixing, 221, Mixer
Mixing, 222, Mixer
Mixing, 223, Mixer
Mixer finished, 224, Mixer
., 225
., 226
., 227
., 228
., 229
., 230
., 231
., 232
., 233
Lights turn on, 234, Lightswitch
Mixer shows a red light, 235, Mixer
., 236
., 237
., 238
., 239
., 240
., 241
., 242
., 243
., 244
., 245
., 246
., 247
., 248
Stereo turns off, 249, TVstereo
., 250, Coffeemachine
., 251, Coffeemachine
., 252, Coffeemachine
., 253, Coffeemachine
Starting the brewing, 254, Coffeemachine
Brewing, 255, Coffeemachine
Brewing, 256, Coffeemachine
Brewing, 257, Coffeemachine
Brewing, 258, Coffeemachine
Brewing, 259, Coffeemachine
Stopping, 260, Coffeemachine
Mixer shows a red light, 261, Mixer
., 262
., 263
., 264
., 265
Lights turn off, 266, Lightswitch
., 267
., 268
., 269
., 270
., 271
., 272
., 273
., 274, Coffeemachine
., 275, Coffeemachine
., 276, Coffeemachine
Starting the brewing, 277, Coffeemachine
., 278, Coffeemachine
., 279
., 280
., 281
., 282
., 283
., 284
Lights turn on, 285, Lightswitch
Mixer shows a green light, 286, Mixer
., 287, Mixer
., 288, Mixer
Starting the mixing, 289, Mixer
Mixing, 290, Mixer
Mixing, 291, Mixer
Mixing, 292, Mixer
Mixer finished, 293, Mixer
., 294
., 295
., 296
., 297
., 298
., 299
., 300
., 301
., 302
., 303
., 304
Mixer shows a red light, 305, Mixer
, 306, TVstereo
., 307
., 308
Mixer shows a red light, 309, Mixer
., 310
., 311
., 312, Coffeemachine
., 313, Coffeemachine
., 314, Coffeemachine
Starting the brewing, 315, Coffeemachine
Brewing, 316, Coffeemachine
Brewing, 317, Coffeemachine
Brewing, 318, Coffeemachine
Brewing, 319, Coffeemachine
Brewing, 320, Coffeemachine
Brewing, 321, Coffeemachine
Brewing, 322, Coffeemachine
Brewing, 323, Coffeemachine
Stopping, 324, Coffeemachine
., 325, TVstereo
., 326, TVstereo
., 327, TVstereo
., 328, TVstereo
TV turns on, 329, TVstereo
., 330, TVstereo
., 331, TVstereo
TV turns off, 332, TVstereo
Stereo turns on, 333, TVstereo
., 334
., 335
., 336
., 337
Lights turn off, 338, Lightswitch
., 339
., 340, TVstereo
., 341, TVstereo
., 342, TVstereo
., 343, TVstereo
TV turns on, 344, TVstereo
., 345, TVstereo
., 346, TVstereo
., 347, TVstereo
TV turns off, 348, TVstereo
., 349
., 350
., 351
Lights turn on, 352, Lightswitch
., 353
., 354
., 355
Mixer shows a green light, 356, Mixer
., 357, Mixer
., 358, Mixer
Starting the mixing, 359, Mixer
Mixing, 360, Mixer
Mixing, 361, Mixer
Mixing, 362, Mixer
Mixer finished, 363, Mixer
., 364
., 365
., 366
., 367
., 368, Coffeemachine
., 369, Coffeemachine
., 370, Coffeemachine
., 371, Coffeemachine
Starting the brewing, 372, Coffeemachine
Brewing, 373, Coffeemachine
Brewing, 374, Coffeemachine
Brewing, 375, Coffeemachine
Stopping, 376, Coffeemachine
., 377
Stereo turns off, 378, TVstereo
., 379
., 380
., 381
., 382
., 383
., 384
., 385
., 386
., 387
., 388
., 389
., 390
., 391
., 392
., 393
., 394
., 395
., 396
., 397
., 398
., 399
., 400
., 401
., 402
., 403
., 404
., 405
., 406, TVstereo
., 407, TVstereo
., 408, TVstereo
., 409, TVstereo
TV turns on, 410, TVstereo
., 411, TVstereo
., 412, TVstereo
TV turns off, 413, TVstereo
., 414
Stereo turns on, 415, TVstereo
Mixer shows a red light, 416, Mixer
., 417
Mixer shows a red light, 418, Mixer
., 419
., 420
., 421
., 422
., 423
Mixer shows a green light, 424, Mixer
., 425, Mixer
., 426, Mixer
Starting the mixing, 427, Mixer
Mixing, 428, Mixer
Mixing, 429, Mixer
Mixing, 430, Mixer
Mixer finished, 431, Mixer
., 432
., 433
., 434
Stereo turns off, 435, TVstereo
., 436
., 437
., 438
., 439
., 440
., 441
., 442
., 443, Coffeemachine
., 444, Coffeemachine
., 445, Coffeemachine
., 446, Coffeemachine
., 447, Coffeemachine
Starting the brewing, 448, Coffeemachine
Brewing, 449, Coffeemachine
Brewing, 450, Coffeemachine
Brewing, 451, Coffeemachine
Brewing, 452, Coffeemachine
Brewing, 453, Coffeemachine
Brewing, 454, Coffeemachine
Brewing, 455, Coffeemachine
Brewing, 456, Coffeemachine
Brewing, 457, Coffeemachine
Brewing, 458, Coffeemachine
Coffee ready sound, 459, Coffeemachine
., 460
Lights turn off, 461, Lightswitch
., 462
., 463
., 464
., 465, Coffeemachine
., 466, Coffeemachine
Starting the brewing, 467, Coffeemachine
Brewing, 468, Coffeemachine
Brewing, 469, Coffeemachine
Brewing, 470, Coffeemachine
Brewing, 471, Coffeemachine
Brewing, 472, Coffeemachine
Stopping, 473, Coffeemachine
., 474
., 475
., 476
., 477
., 478
., 479, Coffeemachine
., 480, Coffeemachine
., 481, Coffeemachine
Starting the brewing, 482, Coffeemachine
Brewing, 483, Coffeemachine
Brewing, 484, Coffeemachine
Brewing, 485, Coffeemachine
Brewing, 486, Coffeemachine
Brewing, 487, Coffeemachine
Brewing, 488, Coffeemachine
Brewing, 489, Coffeemachine
Brewing, 490, Coffeemachine
Brewing, 491, Coffeemachine
Brewing, 492, Coffeemachine
Coffee ready sound, 493, Coffeemachine
., 494, Coffeemachine
., 495, Coffeemachine
., 496, Coffeemachine
Starting the brewing, 497, Coffeemachine
Brewing, 498, Coffeemachine
Brewing, 499, Coffeemachine
Brewing, 500, Coffeemachine
Brewing, 501, Coffeemachine
Brewing, 502, Coffeemachine
Brewing, 503, Coffeemachine
Brewing, 504, Coffeemachine
Brewing, 505, Coffeemachine
Brewing, 506, Coffeemachine
Brewing, 507, Coffeemachine
Coffee ready sound, 508, Coffeemachine
., 509
., 510, Coffeemachine
., 511, Coffeemachine
., 512, Coffeemachine
., 513, Coffeemachine
Starting the brewing, 514, Coffeemachine
Brewing, 515, Coffeemachine
Brewing, 516, Coffeemachine
Brewing, 517, Coffeemachine
Brewing, 518, Coffeemachine
Stopping, 519, Coffeemachine
., 520
., 521
., 522
Mixer shows a green light, 523, Mixer
., 524, Mixer
Starting the mixing, 525, Mixer
Mixing, 526, Mixer
Mixing, 527, Mixer
Mixing, 528, Mixer
Mixer finished, 529, Mixer
., 530
., 531
Lights turn on, 532, Lightswitch
., 533
., 534, Coffeemachine
., 535, Coffeemachine
., 536, Coffeemachine
Starting the brewing, 537, Coffeemachine
Brewing, 538, Coffeemachine
Brewing, 539, Coffeemachine
Brewing, 540, Coffeemachine
Brewing, 541, Coffeemachine
Brewing, 542, Coffeemachine
Brewing, 543, Coffeemachine
Brewing, 544, Coffeemachine
Brewing, 545, Coffeemachine
Brewing, 546, Coffeemachine
Brewing, 547, Coffeemachine
Coffee ready sound, 548, Coffeemachine
., 549
., 550
., 551
., 552
., 553, Coffeemachine
., 554, Coffeemachine
Starting the brewing, 555, Coffeemachine
Stopping, 556, Coffeemachine
., 557
., 558
., 559
., 560
., 561, Coffeemachine
., 562, Coffeemachine
., 563, Coffeemachine
., 564, Coffeemachine
Starting the brewing, 565, Coffeemachine
Brewing, 566, Coffeemachine
Brewing, 567, Coffeemachine
Brewing, 568, Coffeemachine
Brewing, 569, Coffeemachine
Brewing, 570, Coffeemachine
Brewing, 571, Coffeemachine
Brewing, 572, Coffeemachine
Brewing, 573, Coffeemachine
Brewing, 574, Coffeemachine
Brewing, 575, Coffeemachine
Coffee ready sound, 576, Coffeemachine
., 577
., 578
., 579
Lights turn off, 580, Lightswitch
., 581
Stereo turns on, 582, TVstereo
., 583
., 584
., 585
., 586
., 587
., 588
., 589
., 590, Coffeemachine
., 591, Coffeemachine
., 592, Coffeemachine
Starting the brewing, 593, Coffeemachine
Brewing, 594, Coffeemachine
Brewing, 595, Coffeemachine
Brewing, 596, Coffeemachine
Brewing, 597, Coffeemachine
Brewing, 598, Coffeemachine
Brewing, 599, Coffeemachine
Brewing, 600, Coffeemachine
Brewing, 601, Coffeemachine
Brewing, 602, Coffeemachine
Brewing, 603, Coffeemachine
Coffee ready sound, 604, Coffeemachine
Stereo turns off, 605, TVstereo
., 606, Coffeemachine
., 607, Coffeemachine
., 608, Coffeemachine
., 609, Coffeemachine
Starting the brewing, 610, Coffeemachine
Brewing, 611, Coffeemachine
Brewing, 612, Coffeemachine
Brewing, 613, Coffeemachine
Brewing, 614, Coffeemachine
Brewing, 615, Coffeemachine
Brewing, 616, Coffeemachine
Brewing, 617, Coffeemachine
Stopping, 618, Coffeemachine
., 619
Lights turn on, 620, Lightswitch
Stereo turns on, 621, TVstereo
., 622
., 623
., 624
., 625, Coffeemachine
., 626, Coffeemachine
., 627, Coffeemachine
Starting the brewing, 628, Coffeemachine
Brewing, 629, Coffeemachine
Brewing, 630, Coffeemachine
Brewing, 631, Coffeemachine
Brewing, 632, Coffeemachine
Brewing, 633, Coffeemachine
Brewing, 634, Coffeemachine
Brewing, 635, Coffeemachine
Brewing, 636, Coffeemachine
Brewing, 637, Coffeemachine
Brewing, 638, Coffeemachine
Coffee ready sound, 639, Coffeemachine
., 640
Lights turn off, 641, Lightswitch
., 642
., 643
., 644
., 645
., 646
Lights turn on, 647, Lightswitch
Mixer shows a green light, 648, Mixer
., 649, Mixer
., 650, Mixer
Starting the mixing, 651, Mixer
Mixing, 652, Mixer
Mixing, 653, Mixer
Mixing, 654, Mixer
Mixer finished, 655, Mixer
., 656
Stereo turns off, 657, TVstereo
Lights turn off, 658, Lightswitch
., 659, TVstereo
., 660, TVstereo
TV turns on, 661, TVstereo
., 662, TVstereo
., 663, TVstereo
., 664, TVstereo
TV turns off, 665, TVstereo
., 666
., 667
., 668
., 669
., 670
., 671
., 672
., 673
., 674
., 675
., 676
., 677
., 678, Coffeemachine
., 679, Coffeemachine
Starting the brewing, 680, Coffeemachine
Brewing, 681, Coffeemachine
Stopping, 682, Coffeemachine
., 683
., 684
., 685
., 686
., 687
., 688
., 689
., 690
., 691
., 692
., 693, Coffeemachine
., 694, Coffeemachine
., 695, Coffeemachine
., 696, Coffeemachine
Starting the brewing, 697, Coffeemachine
Brewing, 698, Coffeemachine
Brewing, 699, Coffeemachine
Brewing, 700, Coffeemachine
Brewing, 701, Coffeemachine
Brewing, 702, Coffeemachine
Brewing, 703, Coffeemachine
Brewing, 704, Coffeemachine
Brewing, 705, Coffeemachine
Brewing, 706, Coffeemachine
Stopping, 707, Coffeemachine
., 708
., 709
., 710, TVstereo
., 711, TVstereo
., 712, TVstereo
., 713, TVstereo
TV turns on, 714, TVstereo
., 715, TVstereo
., 716, TVstereo
., 717, TVstereo
TV turns off, 718, TVstereo
., 719
., 720
., 721
., 722
., 723, TVstereo
., 724, TVstereo
., 725, TVstereo
., 726, TVstereo
TV turns on, 727, TVstereo
., 728, TVstereo
., 729, TVstereo
TV turns off, 730, TVstereo
., 731, TVstereo
., 732, TVstereo
TV turns on, 733, TVstereo
., 734, TVstereo
TV turns off, 735, TVstereo
., 736
., 737, TVstereo
., 738, TVstereo
., 739, TVstereo
TV turns on, 740, TVstereo
., 741, TVstereo
., 742, TVstereo
., 743, TVstereo
TV turns off, 744, TVstereo
., 745, Coffeemachine
., 746, Coffeemachine
., 747, Coffeemachine
Starting the brewing, 748, Coffeemachine
Brewing, 749, Coffeemachine
Brewing, 750, Coffeemachine
Brewing, 751, Coffeemachine
Brewing, 752, Coffeemachine
Brewing, 753, Coffeemachine
Brewing, 754, Coffeemachine
Brewing, 755, Coffeemachine
Brewing, 756, Coffeemachine
Brewing, 757, Coffeemachine
Brewing, 758, Coffeemachine
Coffee ready sound, 759, Coffeemachine
., 760
., 761
., 762
Mixer shows a green light, 763, Mixer
., 764, Mixer
., 765, Mixer
Starting the mixing, 766, Mixer
Mixing, 767, Mixer
Mixing, 768, Mixer
Mixing, 769, Mixer
Mixer finished, 770, Mixer
Lights turn on, 771, Lightswitch
., 772
., 773, TVstereo
., 774, TVstereo
TV turns on, 775, TVstereo
., 776, TVstereo
TV turns off, 777, TVstereo
., 778
., 779
., 780
., 781
Lights turn off, 782, Lightswitch
., 783
Lights turn on, 784, Lightswitch
., 785
., 786
., 787
., 788
., 789
., 790
., 791
., 792
., 793
Lights turn off, 794, Lightswitch
., 795
., 796
., 797
., 798, TVstereo
., 799, TVstereo
., 800, TVstereo
., 801, TVstereo
TV turns on, 802, TVstereo
., 803, TVstereo
., 804, TVstereo
TV turns off, 805, TVstereo
., 806
., 807
., 808
., 809
., 810
., 811
., 812
., 813
., 814
., 815
., 816
., 817
Stereo turns on, 818, TVstereo
Stereo turns off, 819, TVstereo
., 820
., 821
., 822
., 823
., 824
Stereo turns on, 825, TVstereo
., 826
., 827
., 828
., 829
., 830
., 831
., 832
., 833
., 834
Lights turn on, 835, Lightswitch
., 836
., 837, TVstereo
., 838, TVstereo
., 839, TVstereo
TV turns on, 840, TVstereo
., 841, TVstereo
., 842, TVstereo
., 843, TVstereo
TV turns off, 844, TVstereo
., 845
., 846
., 847
Stereo turns off, 848, TVstereo
., 849
., 850
., 851
., 852
., 853
., 854
., 855
., 856
., 857
., 858
., 859
., 860
., 861
., 862, TVstereo
., 863, TVstereo
., 864, TVstereo
TV turns on, 865, TVstereo
., 866, TVstereo
TV turns off, 867, TVstereo
., 868
., 869
., 870
., 871
., 872
., 873
., 874
., 875, Coffeemachine
., 876, Coffeemachine
., 877, Coffeemachine
., 878, Coffeemachine
Starting the brewing, 879, Coffeemachine
Brewing, 880, Coffeemachine
Brewing, 881, Coffeemachine
Brewing, 882, Coffeemachine
Brewing, 883, Coffeemachine
Brewing, 884, Coffeemachine
Brewing, 885, Coffeemachine
Brewing, 886, Coffeemachine
Brewing, 887, Coffeemachine
Stopping, 888, Coffeemachine
., 889, Coffeemachine
., 890, Coffeemachine
., 891, Coffeemachine
Starting the brewing, 892, Coffeemachine
Brewing, 893, Coffeemachine
Brewing, 894, Coffeemachine
Brewing, 895, Coffeemachine
Brewing, 896, Coffeemachine
Brewing, 897, Coffeemachine
Brewing, 898, Coffeemachine
Brewing, 899, Coffeemachine
Brewing, 900, Coffeemachine
Brewing, 901, Coffeemachine
Brewing, 902, Coffeemachine
Coffee ready sound, 903, Coffeemachine
., 904
., 905
., 906
., 907
., 908
., 909
., 910
., 911
., 912
., 913
., 914
., 915
., 916
., 917
., 918
., 919
., 920
., 921
Mixer shows a green light, 922, Mixer
., 923, Mixer
., 924, Mixer
Starting the mixing, 925, Mixer
Mixing, 926, Mixer
Mixing, 927, Mixer
Mixing, 928, Mixer
Mixer finished, 929, Mixer
., 930
Lights turn off, 931, Lightswitch
., 932
., 933
., 934
., 935
Stereo turns on, 936, TVstereo
Stereo turns off, 937, TVstereo
., 938
., 939
., 940
., 941
., 942
., 943
., 944
., 945, TVstereo
., 946, TVstereo
., 947, TVstereo
TV turns on, 948, TVstereo
., 949, TVstereo
., 950, TVstereo
TV turns off, 951, TVstereo
., 952
Lights turn on, 953, Lightswitch
., 954, TVstereo
., 955, TVstereo
., 956, TVstereo
TV turns on, 957, TVstereo
., 958, TVstereo
., 959, TVstereo
., 960, TVstereo
TV turns off, 961, TVstereo
., 962, TVstereo
., 963, TVstereo
., 964, TVstereo
., 965, TVstereo
TV turns on, 966, TVstereo
., 967, TVstereo
TV turns off, 968, TVstereo
Stereo turns on, 969, TVstereo
., 970
., 971
., 972
., 973
Stereo turns off, 974, TVstereo
., 975
., 976
., 977
., 978
., 979
., 980
., 981
., 982, Coffeemachine
., 983, Coffeemachine
., 984, Coffeemachine
., 985, Coffeemachine
Starting the brewing, 986, Coffeemachine
Brewing, 987, Coffeemachine
Brewing, 988, Coffeemachine
Brewing, 989, Coffeemachine
Brewing, 990, Coffeemachine
Brewing, 991, Coffeemachine
Brewing, 992, Coffeemachine
Brewing, 993, Coffeemachine
Brewing, 994, Coffeemachine
Brewing, 995, Coffeemachine
Brewing, 996, Coffeemachine
Coffee ready sound, 997, Coffeemachine
., 998
., 999, TVstereo
., 1000, TVstereo
., 1001, TVstereo
., 1002, TVstereo
TV turns on, 1003, TVstereo
., 1004, TVstereo
., 1005, TVstereo
., 1006, TVstereo
TV turns off, 1007, TVstereo
Mixer shows a green light, 1008, Mixer
., 1009, Mixer
., 1010, Mixer
Starting the mixing, 1011, Mixer
Mixing, 1012, Mixer
Mixing, 1013, Mixer
Mixing, 1014, Mixer
Mixer finished, 1015, Mixer
., 1016, TVstereo
., 1017, TVstereo
., 1018, TVstereo
TV turns on, 1019, TVstereo
., 1020, TVstereo
TV turns off, 1021, TVstereo
., 1022
., 1023
., 1024
., 1025
., 1026
., 1027
., 1028
., 1029
., 1030
., 1031
., 1032
., 1033
Stereo turns on, 1034, TVstereo
., 1035
., 1036
., 1037, TVstereo
., 1038, TVstereo
., 1039, TVstereo
., 1040, TVstereo
TV turns on, 1041, TVstereo
., 1042, TVstereo
TV turns off, 1043, TVstereo
., 1044
., 1045
., 1046
., 1047, TVstereo
., 1048, TVstereo
., 1049, TVstereo
TV turns on, 1050, TVstereo
., 1051, TVstereo
., 1052, TVstereo
TV turns off, 1053, TVstereo
., 1054
., 1055, Coffeemachine
., 1056, Coffeemachine
., 1057, Coffeemachine
., 1058, Coffeemachine
., 1059, Coffeemachine
Starting the brewing, 1060, Coffeemachine
Brewing, 1061, Coffeemachine
Brewing, 1062, Coffeemachine
Brewing, 1063, Coffeemachine
Stopping, 1064, Coffeemachine
., 1065
., 1066
., 1067
., 1068
Stereo turns off, 1069, TVstereo
., 1070
., 1071
., 1072
Lights turn off, 1073, Lightswitch
., 1074
., 1075, Coffeemachine
., 1076, Coffeemachine
., 1077, Coffeemachine
., 1078, Coffeemachine
Starting the brewing, 1079, Coffeemachine
Brewing, 1080, Coffeemachine
Brewing, 1081, Coffeemachine
Brewing, 1082, Coffeemachine
Brewing, 1083, Coffeemachine
Brewing, 1084, Coffeemachine
Brewing, 1085, Coffeemachine
Brewing, 1086, Coffeemachine
Brewing, 1087, Coffeemachine
Brewing, 1088, Coffeemachine
Brewing, 1089, Coffeemachine
Coffee ready sound, 1090, Coffeemachine
., 1091
., 1092
., 1093, TVstereo
., 1094, TVstereo
TV turns on, 1095, TVstereo
., 1096, TVstereo
., 1097, TVstereo
., 1098, TVstereo
TV turns off, 1099, TVstereo
., 1100, Coffeemachine
., 1101, Coffeemachine
., 1102, Coffeemachine
Starting the brewing, 1103, Coffeemachine
Brewing, 1104, Coffeemachine
Stopping, 1105, Coffeemachine
Stereo turns on, 1106, TVstereo
., 1107
., 1108
., 1109
., 1110
., 1111
Stereo turns off, 1112, TVstereo
., 1113
., 1114
., 1115, TVstereo
., 1116, TVstereo
., 1117, TVstereo
TV turns on, 1118, TVstereo
., 1119, TVstereo
., 1120, TVstereo
TV turns off, 1121, TVstereo
., 1122
., 1123
., 1124
., 1125
Mixer shows a green light, 1126, Mixer
., 1127, Mixer
., 1128, Mixer
Starting the mixing, 1129, Mixer
Mixing, 1130, Mixer
Mixing, 1131, Mixer
Mixing, 1132, Mixer
Mixer finished, 1133, Mixer
, 1134, TVstereo
Stereo turns on, 1135, TVstereo
Lights turn on, 1136, Lightswitch
., 1137
., 1138, Coffeemachine
., 1139, Coffeemachine
Starting the brewing, 1140, Coffeemachine
Brewing, 1141, Coffeemachine
Brewing, 1142, Coffeemachine
Brewing, 1143, Coffeemachine
Brewing, 1144, Coffeemachine
Stopping, 1145, Coffeemachine
., 1146
., 1147
., 1148
., 1149
., 1150
Stereo turns off, 1151, TVstereo
., 1152, TVstereo
., 1153, TVstereo
., 1154, TVstereo
TV turns on, 1155, TVstereo
., 1156, TVstereo
., 1157, TVstereo
., 1158, TVstereo
TV turns off, 1159, TVstereo
., 1160
., 1161
., 1162
., 1163
., 1164
., 1165
., 1166
., 1167
., 1168
., 1169
., 1170
., 1171
Stereo turns on, 1172, TVstereo
., 1173
Stereo turns off, 1174, TVstereo
., 1175
., 1176
., 1177
., 1178, Coffeemachine
., 1179, Coffeemachine
., 1180, Coffeemachine
., 1181, Coffeemachine
Starting the brewing, 1182, Coffeemachine
Brewing, 1183, Coffeemachine
Brewing, 1184, Coffeemachine
Brewing, 1185, Coffeemachine
Stopping, 1186, Coffeemachine
., 1187
., 1188
., 1189
Stereo turns on, 1190, TVstereo
., 1191, Coffeemachine
., 1192, Coffeemachine
Starting the brewing, 1193, Coffeemachine
Brewing, 1194, Coffeemachine
Brewing, 1195, Coffeemachine
Brewing, 1196, Coffeemachine
Stopping, 1197, Coffeemachine
., 1198
., 1199
., 1200
., 1201
., 1202
., 1203
Stereo turns off, 1204, TVstereo
Lights turn off, 1205, Lightswitch
., 1206
., 1207
., 1208
., 1209
., 1210
., 1211
., 1212
., 1213
., 1214
., 1215
., 1216
., 1217
., 1218, TVstereo
., 1219, TVstereo
., 1220, TVstereo
., 1221, TVstereo
TV turns on, 1222, TVstereo
., 1223, TVstereo
., 1224, TVstereo
., 1225, TVstereo
TV turns off, 1226, TVstereo
., 1227
., 1228
., 1229
., 1230, Coffeemachine
., 1231, Coffeemachine
., 1232, Coffeemachine
Starting the brewing, 1233, Coffeemachine
Brewing, 1234, Coffeemachine
Brewing, 1235, Coffeemachine
Brewing, 1236, Coffeemachine
Brewing, 1237, Coffeemachine
Brewing, 1238, Coffeemachine
Brewing, 1239, Coffeemachine
Brewing, 1240, Coffeemachine
Brewing, 1241, Coffeemachine
Stopping, 1242, Coffeemachine
., 1243
., 1244
, 1245, TVstereo
., 1246
Mixer shows a green light, 1247, Mixer
., 1248, Mixer
., 1249, Mixer
Starting the mixing, 1250, Mixer
Mixing, 1251, Mixer
Mixing, 1252, Mixer
Mixing, 1253, Mixer
Mixer finished, 1254, Mixer
., 1255
Lights turn on, 1256, Lightswitch
., 1257
., 1258
., 1259
., 1260, Coffeemachine
., 1261, Coffeemachine
Starting the brewing, 1262, Coffeemachine
Brewing, 1263, Coffeemachine
Brewing, 1264, Coffeemachine
Brewing, 1265, Coffeemachine
Brewing, 1266, Coffeemachine
Brewing, 1267, Coffeemachine
Brewing, 1268, Coffeemachine
Brewing, 1269, Coffeemachine
Brewing, 1270, Coffeemachine
Brewing, 1271, Coffeemachine
Brewing, 1272, Coffeemachine
Coffee ready sound, 1273, Coffeemachine
., 1274
., 1275
., 1276
., 1277
., 1278
., 1279
., 1280, TVstereo
., 1281, TVstereo
., 1282, TVstereo
., 1283, TVstereo
TV turns on, 1284, TVstereo
., 1285, TVstereo
TV turns off, 1286, TVstereo
., 1287
., 1288
Lights turn off, 1289, Lightswitch
., 1290
., 1291
., 1292, TVstereo
., 1293, TVstereo
., 1294, TVstereo
., 1295, TVstereo
TV turns on, 1296, TVstereo
., 1297, TVstereo
., 1298, TVstereo
., 1299, TVstereo
TV turns off, 1300, TVstereo
., 1301
., 1302, TVstereo
., 1303, TVstereo
., 1304, TVstereo
., 1305, TVstereo
TV turns on, 1306, TVstereo
., 1307, TVstereo
., 1308, TVstereo
TV turns off, 1309, TVstereo
Lights turn on, 1310, Lightswitch
Stereo turns on, 1311, TVstereo
., 1312
., 1313
., 1314
., 1315
., 1316
., 1317
., 1318, TVstereo
., 1319, TVstereo
., 1320, TVstereo
., 1321, TVstereo
TV turns on, 1322, TVstereo
., 1323, TVstereo
., 1324, TVstereo
., 1325, TVstereo
TV turns off, 1326, TVstereo
., 1327
., 1328
., 1329
., 1330
., 1331
., 1332
., 1333
., 1334
., 1335
., 1336
., 1337
., 1338
., 1339
., 1340
., 1341
Mixer shows a green light, 1342, Mixer
., 1343, Mixer
Starting the mixing, 1344, Mixer
Mixing, 1345, Mixer
Mixing, 1346, Mixer
Mixing, 1347, Mixer
Mixer finished, 1348, Mixer
Lights turn off, 1349, Lightswitch
., 1350
., 1351, Coffeemachine
., 1352, Coffeemachine
., 1353, Coffeemachine
., 1354, Coffeemachine
., 1355, Coffeemachine
Starting the brewing, 1356, Coffeemachine
Brewing, 1357, Coffeemachine
Brewing, 1358, Coffeemachine
Brewing, 1359, Coffeemachine
Brewing, 1360, Coffeemachine
Brewing, 1361, Coffeemachine
Brewing, 1362, Coffeemachine
Brewing, 1363, Coffeemachine
Brewing, 1364, Coffeemachine
Brewing, 1365, Coffeemachine
Stopping, 1366, Coffeemachine
., 1367
., 1368
., 1369
., 1370
., 1371
., 1372
., 1373
., 1374
., 1375
., 1376
., 1377
., 1378
., 1379
., 1380, Coffeemachine
., 1381, Coffeemachine
., 1382, Coffeemachine
., 1383, Coffeemachine
Starting the brewing, 1384, Coffeemachine
Brewing, 1385, Coffeemachine
Brewing, 1386, Coffeemachine
Brewing, 1387, Coffeemachine
Stopping, 1388, Coffeemachine
Stereo turns off, 1389, TVstereo
., 1390
., 1391
., 1392
Lights turn on, 1393, Lightswitch
., 1394, TVstereo
., 1395, TVstereo
., 1396, TVstereo
TV turns on, 1397, TVstereo
., 1398, TVstereo
TV turns off, 1399, TVstereo
., 1400
., 1401
Lights turn off, 1402, Lightswitch
., 1403
., 1404
., 1405
., 1406
Lights turn on, 1407, Lightswitch
., 1408
., 1409
., 1410
., 1411
., 1412
., 1413
., 1414
., 1415
., 1416
Lights turn off, 1417, Lightswitch
., 1418
., 1419
., 1420
., 1421
., 1422
., 1423
., 1424
., 1425, TVstereo
., 1426, TVstereo
., 1427, TVstereo
TV turns on, 1428, TVstereo
., 1429, TVstereo
TV turns off, 1430, TVstereo
., 1431
., 1432
., 1433
., 1434
., 1435, TVstereo
., 1436, TVstereo
TV turns on, 1437, TVstereo
., 1438, TVstereo
., 1439, TVstereo
., 1440, TVstereo
TV turns off, 1441, TVstereo
., 1442
., 1443
., 1444
Mixer shows a green light, 1445, Mixer
., 1446, Mixer
Starting the mixing, 1447, Mixer
Mixing, 1448, Mixer
Mixing, 1449, Mixer
Mixing, 1450, Mixer
Mixer finished, 1451, Mixer
., 1452
., 1453
., 1454
Stereo turns on, 1455, TVstereo
., 1456
., 1457
., 1458
., 1459
., 1460
., 1461
., 1462
., 1463
., 1464
., 1465, TVstereo
., 1466, TVstereo
TV turns on, 1467, TVstereo
., 1468, TVstereo
., 1469, TVstereo
TV turns off, 1470, TVstereo
., 1471
., 1472
., 1473
Stereo turns off, 1474, TVstereo
., 1475
., 1476, TVstereo
., 1477, TVstereo
TV turns on, 1478, TVstereo
., 1479, TVstereo
., 1480, TVstereo
TV turns off, 1481, TVstereo
., 1482, TVstereo
., 1483, TVstereo
., 1484, TVstereo
TV turns on, 1485, TVstereo
., 1486, TVstereo
TV turns off, 1487, TVstereo
., 1488
., 1489
., 1490
., 1491
., 1492, TVstereo
., 1493, TVstereo
TV turns on, 1494, TVstereo
., 1495, TVstereo
., 1496, TVstereo
., 1497, TVstereo
TV turns off, 1498, TVstereo
., 1499, Coffeemachine
., 1500, Coffeemachine
., 1501, Coffeemachine
., 1502, Coffeemachine
Starting the brewing, 1503, Coffeemachine
Brewing, 1504, Coffeemachine
Brewing, 1505, Coffeemachine
Brewing, 1506, Coffeemachine
Brewing, 1507, Coffeemachine
Brewing, 1508, Coffeemachine
Brewing, 1509, Coffeemachine
Brewing, 1510, Coffeemachine
Brewing, 1511, Coffeemachine
Brewing, 1512, Coffeemachine
Brewing, 1513, Coffeemachine
Coffee ready sound, 1514, Coffeemachine
., 1515, Coffeemachine
., 1516, Coffeemachine
., 1517, Coffeemachine
Starting the brewing, 1518, Coffeemachine
Brewing, 1519, Coffeemachine
Brewing, 1520, Coffeemachine
Brewing, 1521, Coffeemachine
Brewing, 1522, Coffeemachine
Brewing, 1523, Coffeemachine
Brewing, 1524, Coffeemachine
Brewing, 1525, Coffeemachine
Brewing, 1526, Coffeemachine
Brewing, 1527, Coffeemachine
Brewing, 1528, Coffeemachine
Coffee ready sound, 1529, Coffeemachine
., 1530
., 1531
., 1532
., 1533
., 1534
., 1535
., 1536
., 1537
., 1538
., 1539
., 1540
Stereo turns on, 1541, TVstereo
., 1542
., 1543
., 1544
., 1545
., 1546
., 1547
., 1548, Coffeemachine
., 1549, Coffeemachine
Starting the brewing, 1550, Coffeemachine
Brewing, 1551, Coffeemachine
Brewing, 1552, Coffeemachine
Brewing, 1553, Coffeemachine
Brewing, 1554, Coffeemachine
Brewing, 1555, Coffeemachine
Brewing, 1556, Coffeemachine
Brewing, 1557, Coffeemachine
Brewing, 1558, Coffeemachine
Brewing, 1559, Coffeemachine
Brewing, 1560, Coffeemachine
Coffee ready sound, 1561, Coffeemachine
., 1562
., 1563
., 1564
., 1565
Lights turn on, 1566, Lightswitch
., 1567
., 1568
., 1569
., 1570
Stereo turns off, 1571, TVstereo
., 1572
., 1573
., 1574
., 1575, Coffeemachine
., 1576, Coffeemachine
., 1577, Coffeemachine
., 1578, Coffeemachine
Starting the brewing, 1579, Coffeemachine
Stopping, 1580, Coffeemachine
., 1581
., 1582
., 1583
., 1584
., 1585
., 1586
., 1587, TVstereo
., 1588, TVstereo
., 1589, TVstereo
TV turns on, 1590, TVstereo
., 1591, TVstereo
., 1592, TVstereo
TV turns off, 1593, TVstereo
., 1594
., 1595
., 1596, Coffeemachine
., 1597, Coffeemachine
., 1598, Coffeemachine
Starting the brewing, 1599, Coffeemachine
Brewing, 1600, Coffeemachine
Brewing, 1601, Coffeemachine
Brewing, 1602, Coffeemachine
Brewing, 1603, Coffeemachine
Brewing, 1604, Coffeemachine
Brewing, 1605, Coffeemachine
Brewing, 1606, Coffeemachine
Brewing, 1607, Coffeemachine
Brewing, 1608, Coffeemachine
Brewing, 1609, Coffeemachine
Coffee ready sound, 1610, Coffeemachine
., 1611, TVstereo
., 1612, TVstereo
., 1613, TVstereo
., 1614, TVstereo
TV turns on, 1615, TVstereo
., 1616, TVstereo
., 1617, TVstereo
., 1618, TVstereo
TV turns off, 1619, TVstereo
., 1620
., 1621
., 1622
., 1623
., 1624
., 1625
Lights turn off, 1626, Lightswitch
., 1627
., 1628
., 1629, TVstereo
., 1630, TVstereo
., 1631, TVstereo
., 1632, TVstereo
TV turns on, 1633, TVstereo
., 1634, TVstereo
., 1635, TVstereo
TV turns off, 1636, TVstereo
Lights turn on, 1637, Lightswitch
., 1638
., 1639
., 1640
., 1641
., 1642
., 1643
Stereo turns on, 1644, TVstereo
., 1645
., 1646
., 1647
., 1648
Lights turn off, 1649, Lightswitch
., 1650
., 1651
., 1652
., 1653
., 1654
., 1655
., 1656
., 1657
., 1658
., 1659, Coffeemachine
., 1660, Coffeemachine
., 1661, Coffeemachine
., 1662, Coffeemachine
Starting the brewing, 1663, Coffeemachine
Brewing, 1664, Coffeemachine
Brewing, 1665, Coffeemachine
Brewing, 1666, Coffeemachine
Brewing, 1667, Coffeemachine
Brewing, 1668, Coffeemachine
Brewing, 1669, Coffeemachine
Brewing, 1670, Coffeemachine
Brewing, 1671, Coffeemachine
Brewing, 1672, Coffeemachine
Brewing, 1673, Coffeemachine
Coffee ready sound, 1674, Coffeemachine
., 1675
., 1676
Stereo turns off, 1677, TVstereo
Lights turn on, 1678, Lightswitch
., 1679
., 1680
., 1681
., 1682
Mixer shows a green light, 1683, Mixer
., 1684, Mixer
., 1685, Mixer
Starting the mixing, 1686, Mixer
Mixing, 1687, Mixer
Mixing, 1688, Mixer
Mixing, 1689, Mixer
Mixer finished, 1690, Mixer
., 1691, Coffeemachine
., 1692, Coffeemachine
., 1693, Coffeemachine
., 1694, Coffeemachine
Starting the brewing, 1695, Coffeemachine
Brewing, 1696, Coffeemachine
Brewing, 1697, Coffeemachine
Brewing, 1698, Coffeemachine
Brewing, 1699, Coffeemachine
Brewing, 1700, Coffeemachine
Brewing, 1701, Coffeemachine
Brewing, 1702, Coffeemachine
Brewing, 1703, Coffeemachine
Brewing, 1704, Coffeemachine
Brewing, 1705, Coffeemachine
Coffee ready sound, 1706, Coffeemachine
., 1707
., 1708
., 1709
., 1710, Coffeemachine
., 1711, Coffeemachine
., 1712, Coffeemachine
., 1713, Coffeemachine
., 1714, Coffeemachine
Starting the brewing, 1715, Coffeemachine
Brewing, 1716, Coffeemachine
Brewing, 1717, Coffeemachine
Brewing, 1718, Coffeemachine
Brewing, 1719, Coffeemachine
Brewing, 1720, Coffeemachine
Brewing, 1721, Coffeemachine
Stopping, 1722, Coffeemachine
., 1723
., 1724
., 1725, Coffeemachine
., 1726, Coffeemachine
., 1727, Coffeemachine
., 1728, Coffeemachine
Starting the brewing, 1729, Coffeemachine
Stopping, 1730, Coffeemachine
., 1731
., 1732
., 1733
., 1734
Stereo turns on, 1735, TVstereo
., 1736
., 1737
., 1738
., 1739
., 1740
., 1741
., 1742
., 1743, Coffeemachine
., 1744, Coffeemachine
., 1745, Coffeemachine
., 1746, Coffeemachine
Starting the brewing, 1747, Coffeemachine
Brewing, 1748, Coffeemachine
Brewing, 1749, Coffeemachine
Brewing, 1750, Coffeemachine
Brewing, 1751, Coffeemachine
Brewing, 1752, Coffeemachine
Brewing, 1753, Coffeemachine
Brewing, 1754, Coffeemachine
Brewing, 1755, Coffeemachine
Brewing, 1756, Coffeemachine
Brewing, 1757, Coffeemachine
Coffee ready sound, 1758, Coffeemachine
., 1759
., 1760
., 1761
., 1762
., 1763
., 1764
., 1765
., 1766, Coffeemachine
., 1767, Coffeemachine
., 1768, Coffeemachine
., 1769, Coffeemachine
Starting the brewing, 1770, Coffeemachine
Brewing, 1771, Coffeemachine
Brewing, 1772, Coffeemachine
Brewing, 1773, Coffeemachine
Brewing, 1774, Coffeemachine
Brewing, 1775, Coffeemachine
Brewing, 1776, Coffeemachine
Brewing, 1777, Coffeemachine
Stopping, 1778, Coffeemachine
., 1779
., 1780
Stereo turns off, 1781, TVstereo
., 1782
., 1783
Lights turn off, 1784, Lightswitch
., 1785
Mixer shows a green light, 1786, Mixer
., 1787, Mixer
., 1788, Mixer
Starting the mixing, 1789, Mixer
Mixing, 1790, Mixer
Mixing, 1791, Mixer
Mixing, 1792, Mixer
Mixer finished, 1793, Mixer
., 1794
., 1795
, 1796, TVstereo
., 1797, TVstereo
., 1798, TVstereo
., 1799, TVstereo
., 1800, TVstereo
TV turns on, 1801, TVstereo
., 1802, TVstereo
., 1803, TVstereo
TV turns off, 1804, TVstereo
., 1805
., 1806
., 1807
., 1808
., 1809
., 1810
., 1811
., 1812
., 1813
., 1814
., 1815
Stereo turns on, 1816, TVstereo
., 1817
., 1818, Coffeemachine
., 1819, Coffeemachine
., 1820, Coffeemachine
., 1821, Coffeemachine
Starting the brewing, 1822, Coffeemachine
Stopping, 1823, Coffeemachine
., 1824
., 1825
., 1826
., 1827
., 1828
Lights turn on, 1829, Lightswitch
., 1830, TVstereo
., 1831, TVstereo
., 1832, TVstereo
., 1833, TVstereo
TV turns on, 1834, TVstereo
., 1835, TVstereo
., 1836, TVstereo
., 1837, TVstereo
TV turns off, 1838, TVstereo
., 1839
., 1840
., 1841
., 1842
., 1843
., 1844
Stereo turns off, 1845, TVstereo
., 1846
., 1847
., 1848
., 1849
., 1850
., 1851
., 1852
Lights turn off, 1853, Lightswitch
., 1854
., 1855
., 1856
., 1857, TVstereo
., 1858, TVstereo
., 1859, TVstereo
TV turns on, 1860, TVstereo
., 1861, TVstereo
TV turns off, 1862, TVstereo
., 1863
., 1864
., 1865
Stereo turns on, 1866, TVstereo
., 1867
., 1868
., 1869
., 1870
., 1871
., 1872, TVstereo
., 1873, TVstereo
., 1874, TVstereo
TV turns on, 1875, TVstereo
., 1876, TVstereo
., 1877, TVstereo
TV turns off, 1878, TVstereo
., 1879
., 1880
., 1881
., 1882
Mixer shows a green light, 1883, Mixer
., 1884, Mixer
., 1885, Mixer
Starting the mixing, 1886, Mixer
Mixing, 1887, Mixer
Mixing, 1888, Mixer
Mixing, 1889, Mixer
Mixer finished, 1890, Mixer
., 1891
., 1892
., 1893
., 1894
., 1895
., 1896
., 1897
., 1898
., 1899
., 1900
., 1901
., 1902
., 1903
., 1904
., 1905
., 1906
., 1907
., 1908
., 1909
., 1910
., 1911
., 1912
., 1913, TVstereo
., 1914, TVstereo
., 1915, TVstereo
., 1916, TVstereo
TV turns on, 1917, TVstereo
., 1918, TVstereo
TV turns off, 1919, TVstereo
., 1920
., 1921
., 1922, TVstereo
., 1923, TVstereo
., 1924, TVstereo
TV turns on, 1925, TVstereo
., 1926, TVstereo
TV turns off, 1927, TVstereo
., 1928, Coffeemachine
., 1929, Coffeemachine
., 1930, Coffeemachine
., 1931, Coffeemachine
Starting the brewing, 1932, Coffeemachine
Brewing, 1933, Coffeemachine
Brewing, 1934, Coffeemachine
Brewing, 1935, Coffeemachine
Brewing, 1936, Coffeemachine
Brewing, 1937, Coffeemachine
Brewing, 1938, Coffeemachine
Brewing, 1939, Coffeemachine
Stopping, 1940, Coffeemachine
., 1941
Stereo turns off, 1942, TVstereo
, 1943, TVstereo
., 1944, TVstereo
., 1945, TVstereo
TV turns on, 1946, TVstereo
., 1947, TVstereo
., 1948, TVstereo
TV turns off, 1949, TVstereo
., 1950
., 1951
., 1952
., 1953
., 1954
., 1955
., 1956
., 1957
., 1958
., 1959, Coffeemachine
., 1960, Coffeemachine
., 1961, Coffeemachine
., 1962, Coffeemachine
Starting the brewing, 1963, Coffeemachine
Brewing, 1964, Coffeemachine
Brewing, 1965, Coffeemachine
Brewing, 1966, Coffeemachine
Brewing, 1967, Coffeemachine
Brewing, 1968, Coffeemachine
Brewing, 1969, Coffeemachine
Brewing, 1970, Coffeemachine
Brewing, 1971, Coffeemachine
Brewing, 1972, Coffeemachine
Brewing, 1973, Coffeemachine
Coffee ready sound, 1974, Coffeemachine
., 1975
., 1976
Mixer shows a green light, 1977, Mixer
., 1978, Mixer
., 1979, Mixer
Starting the mixing, 1980, Mixer
Mixing, 1981, Mixer
Mixing, 1982, Mixer
Mixing, 1983, Mixer
Mixer finished, 1984, Mixer
., 1985, TVstereo
., 1986, TVstereo
., 1987, TVstereo
TV turns on, 1988, TVstereo
., 1989, TVstereo
TV turns off, 1990, TVstereo
., 1991, Coffeemachine
., 1992, Coffeemachine
Starting the brewing, 1993, Coffeemachine
Brewing, 1994, Coffeemachine
Brewing, 1995, Coffeemachine
Stopping, 1996, Coffeemachine
Stereo turns on, 1997, TVstereo
Stereo turns off, 1998, TVstereo
., 1999
., 2000
., 2001
., 2002
., 2003
., 2004
., 2005
., 2006, TVstereo
., 2007, TVstereo
., 2008, TVstereo
., 2009, TVstereo
TV turns on, 2010, TVstereo
., 2011, TVstereo
., 2012, TVstereo
TV turns off, 2013, TVstereo
., 2014
., 2015
., 2016, TVstereo
., 2017, TVstereo
., 2018, TVstereo
., 2019, TVstereo
TV turns on, 2020, TVstereo
., 2021, TVstereo
TV turns off, 2022, TVstereo
., 2023
., 2024, TVstereo
., 2025, TVstereo
TV turns on, 2026, TVstereo
., 2027, TVstereo
., 2028, TVstereo
., 2029, TVstereo
TV turns off, 2030, TVstereo
., 2031, Coffeemachine
., 2032, Coffeemachine
., 2033, Coffeemachine
., 2034, Coffeemachine
., 2035, Coffeemachine
Starting the brewing, 2036, Coffeemachine
Stopping, 2037, Coffeemachine
., 2038
., 2039
., 2040, Coffeemachine
., 2041, Coffeemachine
., 2042, Coffeemachine
., 2043, Coffeemachine
Starting the brewing, 2044, Coffeemachine
Stopping, 2045, Coffeemachine
Lights turn on, 2046, Lightswitch
., 2047
., 2048
., 2049
., 2050
., 2051
., 2052
., 2053
., 2054
., 2055
Stereo turns on, 2056, TVstereo
., 2057
., 2058
Lights turn off, 2059, Lightswitch
., 2060
Stereo turns off, 2061, TVstereo
., 2062
., 2063
., 2064
., 2065, Coffeemachine
., 2066, Coffeemachine
., 2067, Coffeemachine
., 2068, Coffeemachine
Starting the brewing, 2069, Coffeemachine
Brewing, 2070, Coffeemachine
Brewing, 2071, Coffeemachine
Brewing, 2072, Coffeemachine
Brewing, 2073, Coffeemachine
Stopping, 2074, Coffeemachine
., 2075
., 2076
., 2077
., 2078
., 2079
., 2080, TVstereo
., 2081, TVstereo
., 2082, TVstereo
TV turns on, 2083, TVstereo
., 2084, TVstereo
., 2085, TVstereo
., 2086, TVstereo
TV turns off, 2087, TVstereo
., 2088
., 2089, TVstereo
., 2090, TVstereo
TV turns on, 2091, TVstereo
., 2092, TVstereo
., 2093, TVstereo
., 2094, TVstereo
TV turns off, 2095, TVstereo
., 2096
., 2097
., 2098
Mixer shows a green light, 2099, Mixer
., 2100, Mixer
Starting the mixing, 2101, Mixer
Mixing, 2102, Mixer
Mixing, 2103, Mixer
Mixing, 2104, Mixer
Mixer finished, 2105, Mixer
., 2106
., 2107
., 2108, TVstereo
., 2109, TVstereo
., 2110, TVstereo
TV turns on, 2111, TVstereo
., 2112, TVstereo
., 2113, TVstereo
TV turns off, 2114, TVstereo
., 2115
., 2116
., 2117
., 2118
., 2119
., 2120
., 2121
., 2122
., 2123
., 2124
., 2125
., 2126
., 2127
., 2128
., 2129
., 2130, Coffeemachine
., 2131, Coffeemachine
., 2132, Coffeemachine
., 2133, Coffeemachine
Starting the brewing, 2134, Coffeemachine
Brewing, 2135, Coffeemachine
Brewing, 2136, Coffeemachine
Brewing, 2137, Coffeemachine
Brewing, 2138, Coffeemachine
Brewing, 2139, Coffeemachine
Brewing, 2140, Coffeemachine
Brewing, 2141, Coffeemachine
., 2142, Coffeemachine
., 2143
., 2144
., 2145
., 2146
., 2147
., 2148
., 2149
., 2150
., 2151
., 2152
., 2153
., 2154
., 2155, TVstereo
., 2156, TVstereo
TV turns on, 2157, TVstereo
., 2158, TVstereo
., 2159, TVstereo
., 2160, TVstereo
TV turns off, 2161, TVstereo
., 2162
Lights turn on, 2163, Lightswitch
., 2164
., 2165
., 2166
., 2167
Lights turn off, 2168, Lightswitch
., 2169
., 2170
Mixer shows a green light, 2171, Mixer
., 2172, Mixer
Starting the mixing, 2173, Mixer
Mixing, 2174, Mixer
Mixing, 2175, Mixer
Mixing, 2176, Mixer
Mixer finished, 2177, Mixer
., 2178
., 2179
., 2180
., 2181
., 2182
., 2183
Mixer shows a red light, 2184, Mixer
., 2185
Lights turn on, 2186, Lightswitch
., 2187, TVstereo
., 2188, TVstereo
TV turns on, 2189, TVstereo
., 2190, TVstereo
TV turns off, 2191, TVstereo
Lights turn off, 2192, Lightswitch
., 2193
., 2194
., 2195
., 2196
., 2197
Stereo turns on, 2198, TVstereo
., 2199, Coffeemachine
., 2200, Coffeemachine
., 2201, Coffeemachine
., 2202, Coffeemachine
Starting the brewing, 2203, Coffeemachine
Stopping, 2204, Coffeemachine
., 2205
., 2206
., 2207
., 2208
., 2209
., 2210
., 2211
., 2212
., 2213
., 2214
., 2215
., 2216
., 2217
., 2218
Stereo turns off, 2219, TVstereo
., 2220
., 2221
., 2222
., 2223
., 2224
., 2225, Coffeemachine
., 2226, Coffeemachine
., 2227, Coffeemachine
., 2228, Coffeemachine
., 2229, Coffeemachine
Starting the brewing, 2230, Coffeemachine
Brewing, 2231, Coffeemachine
Brewing, 2232, Coffeemachine
Brewing, 2233, Coffeemachine
Brewing, 2234, Coffeemachine
Brewing, 2235, Coffeemachine
Brewing, 2236, Coffeemachine
Brewing, 2237, Coffeemachine
Brewing, 2238, Coffeemachine
Brewing, 2239, Coffeemachine
Brewing, 2240, Coffeemachine
Coffee ready sound, 2241, Coffeemachine
., 2242
., 2243
., 2244
., 2245
Stereo turns on, 2246, TVstereo
Lights turn on, 2247, Lightswitch
., 2248
., 2249, TVstereo
., 2250, TVstereo
TV turns on, 2251, TVstereo
., 2252, TVstereo
., 2253, TVstereo
., 2254, TVstereo
TV turns off, 2255, TVstereo
Lights turn off, 2256, Lightswitch
., 2257
., 2258
Lights turn on, 2259, Lightswitch
., 2260
., 2261
., 2262
., 2263
Mixer shows a green light, 2264, Mixer
., 2265, Mixer
Starting the mixing, 2266, Mixer
Mixing, 2267, Mixer
Mixing, 2268, Mixer
Mixing, 2269, Mixer
Mixer finished, 2270, Mixer
., 2271
., 2272
., 2273
., 2274
Stereo turns off, 2275, TVstereo
., 2276
Lights turn off, 2277, Lightswitch
., 2278
., 2279
., 2280, TVstereo
., 2281, TVstereo
., 2282, TVstereo
., 2283, TVstereo
TV turns on, 2284, TVstereo
., 2285, TVstereo
., 2286, TVstereo
TV turns off, 2287, TVstereo
., 2288
., 2289
., 2290
., 2291
Stereo turns on, 2292, TVstereo
., 2293
Stereo turns off, 2294, TVstereo
., 2295
Lights turn on, 2296, Lightswitch
., 2297
., 2298
., 2299
., 2300
., 2301
., 2302
Lights turn off, 2303, Lightswitch
., 2304
., 2305
., 2306
., 2307
., 2308
., 2309
., 2310
., 2311
., 2312
., 2313
., 2314
., 2315, Coffeemachine
., 2316, Coffeemachine
., 2317, Coffeemachine
Starting the brewing, 2318, Coffeemachine
Brewing, 2319, Coffeemachine
Brewing, 2320, Coffeemachine
Brewing, 2321, Coffeemachine
Brewing, 2322, Coffeemachine
Brewing, 2323, Coffeemachine
Brewing, 2324, Coffeemachine
Brewing, 2325, Coffeemachine
Brewing, 2326, Coffeemachine
Brewing, 2327, Coffeemachine
Brewing, 2328, Coffeemachine
Coffee ready sound, 2329, Coffeemachine
., 2330
., 2331
., 2332
., 2333
., 2334, Coffeemachine
., 2335, Coffeemachine
Starting the brewing, 2336, Coffeemachine
Brewing, 2337, Coffeemachine
Brewing, 2338, Coffeemachine
Brewing, 2339, Coffeemachine
Brewing, 2340, Coffeemachine
Brewing, 2341, Coffeemachine
Brewing, 2342, Coffeemachine
Brewing, 2343, Coffeemachine
Brewing, 2344, Coffeemachine
Brewing, 2345, Coffeemachine
Brewing, 2346, Coffeemachine
Coffee ready sound, 2347, Coffeemachine
., 2348, Coffeemachine
., 2349, Coffeemachine
., 2350, Coffeemachine
Starting the brewing, 2351, Coffeemachine
Brewing, 2352, Coffeemachine
Brewing, 2353, Coffeemachine
Brewing, 2354, Coffeemachine
Brewing, 2355, Coffeemachine
Brewing, 2356, Coffeemachine
Brewing, 2357, Coffeemachine
Brewing, 2358, Coffeemachine
Brewing, 2359, Coffeemachine
Brewing, 2360, Coffeemachine
Brewing, 2361, Coffeemachine
Coffee ready sound, 2362, Coffeemachine
., 2363
., 2364
., 2365
Stereo turns on, 2366, TVstereo
Lights turn on, 2367, Lightswitch
., 2368
Mixer shows a green light, 2369, Mixer
., 2370, Mixer
., 2371, Mixer
Starting the mixing, 2372, Mixer
Mixing, 2373, Mixer
Mixing, 2374, Mixer
Mixing, 2375, Mixer
Mixer finished, 2376, Mixer
., 2377
., 2378
., 2379
., 2380
., 2381
., 2382
., 2383
., 2384
., 2385
., 2386
., 2387
., 2388
., 2389
Lights turn off, 2390, Lightswitch
., 2391, TVstereo
., 2392, TVstereo
., 2393, TVstereo
TV turns on, 2394, TVstereo
., 2395, TVstereo
., 2396, TVstereo
., 2397, TVstereo
TV turns off, 2398, TVstereo
., 2399
., 2400
., 2401
Stereo turns off, 2402, TVstereo
., 2403
., 2404
., 2405
., 2406
., 2407
., 2408
., 2409
., 2410, TVstereo
., 2411, TVstereo
TV turns on, 2412, TVstereo
., 2413, TVstereo
TV turns off, 2414, TVstereo
., 2415
., 2416
., 2417
., 2418
., 2419
., 2420
., 2421
., 2422
., 2423
., 2424
., 2425
., 2426, TVstereo
., 2427, TVstereo
TV turns on, 2428, TVstereo
., 2429, TVstereo
TV turns off, 2430, TVstereo
., 2431
., 2432
., 2433
., 2434
., 2435
., 2436
., 2437, Coffeemachine
., 2438, Coffeemachine
., 2439, Coffeemachine
., 2440, Coffeemachine
Starting the brewing, 2441, Coffeemachine
Brewing, 2442, Coffeemachine
Brewing, 2443, Coffeemachine
Brewing, 2444, Coffeemachine
Brewing, 2445, Coffeemachine
Brewing, 2446, Coffeemachine
Brewing, 2447, Coffeemachine
Brewing, 2448, Coffeemachine
Brewing, 2449, Coffeemachine
Brewing, 2450, Coffeemachine
Brewing, 2451, Coffeemachine
Coffee ready sound, 2452, Coffeemachine
., 2453
., 2454, TVstereo
., 2455, TVstereo
., 2456, TVstereo
TV turns on, 2457, TVstereo
., 2458, TVstereo
TV turns off, 2459, TVstereo
., 2460
., 2461
., 2462
Stereo turns on, 2463, TVstereo
., 2464
., 2465
., 2466
., 2467
., 2468
., 2469
Mixer shows a green light, 2470, Mixer
., 2471, Mixer
Starting the mixing, 2472, Mixer
Mixing, 2473, Mixer
Mixing, 2474, Mixer
Mixing, 2475, Mixer
Mixer finished, 2476, Mixer
., 2477
., 2478
., 2479
., 2480
., 2481
., 2482
., 2483
., 2484
., 2485
Stereo turns off, 2486, TVstereo
., 2487
., 2488
., 2489, TVstereo
., 2490, TVstereo
TV turns on, 2491, TVstereo
., 2492, TVstereo
., 2493, TVstereo
TV turns off, 2494, TVstereo
., 2495
., 2496, Coffeemachine
., 2497, Coffeemachine
., 2498, Coffeemachine
., 2499, Coffeemachine
Starting the brewing, 2500, Coffeemachine
Brewing, 2501, Coffeemachine
Brewing, 2502, Coffeemachine
Brewing, 2503, Coffeemachine
Brewing, 2504, Coffeemachine
Brewing, 2505, Coffeemachine
Brewing, 2506, Coffeemachine
Brewing, 2507, Coffeemachine
Brewing, 2508, Coffeemachine
Stopping, 2509, Coffeemachine
., 2510
., 2511
., 2512
., 2513
., 2514
., 2515
., 2516
Lights turn on, 2517, Lightswitch
., 2518
., 2519
., 2520
., 2521
Stereo turns on, 2522, TVstereo
., 2523
Stereo turns off, 2524, TVstereo
., 2525, Coffeemachine
., 2526, Coffeemachine
., 2527, Coffeemachine
., 2528, Coffeemachine
., 2529, Coffeemachine
Starting the brewing, 2530, Coffeemachine
Brewing, 2531, Coffeemachine
Brewing, 2532, Coffeemachine
Brewing, 2533, Coffeemachine
Brewing, 2534, Coffeemachine
Brewing, 2535, Coffeemachine
Brewing, 2536, Coffeemachine
Brewing, 2537, Coffeemachine
Brewing, 2538, Coffeemachine
Brewing, 2539, Coffeemachine
Brewing, 2540, Coffeemachine
Coffee ready sound, 2541, Coffeemachine
., 2542
., 2543
., 2544
., 2545
., 2546
., 2547
., 2548
., 2549
., 2550
Mixer shows a green light, 2551, Mixer
., 2552, Mixer
., 2553, Mixer
Starting the mixing, 2554, Mixer
Mixing, 2555, Mixer
Mixing, 2556, Mixer
Mixing, 2557, Mixer
Mixer finished, 2558, Mixer
., 2559
., 2560
., 2561, TVstereo
., 2562, TVstereo
., 2563, TVstereo
TV turns on, 2564, TVstereo
., 2565, TVstereo
TV turns off, 2566, TVstereo
Stereo turns on, 2567, TVstereo
., 2568
., 2569
Lights turn off, 2570, Lightswitch
., 2571
., 2572
., 2573
., 2574
., 2575
., 2576, Coffeemachine
., 2577, Coffeemachine
., 2578, Coffeemachine
., 2579, Coffeemachine
Starting the brewing, 2580, Coffeemachine
Brewing, 2581, Coffeemachine
Stopping, 2582, Coffeemachine
., 2583
., 2584
., 2585, TVstereo
., 2586, TVstereo
., 2587, TVstereo
., 2588, TVstereo
TV turns on, 2589, TVstereo
., 2590, TVstereo
., 2591, TVstereo
TV turns off, 2592, TVstereo
., 2593
., 2594
., 2595
., 2596
., 2597
., 2598, TVstereo
., 2599, TVstereo
., 2600, TVstereo
TV turns on, 2601, TVstereo
., 2602, TVstereo
TV turns off, 2603, TVstereo
., 2604
., 2605
., 2606
., 2607
., 2608
., 2609
., 2610
Stereo turns off, 2611, TVstereo
Stereo turns on, 2612, TVstereo
., 2613, TVstereo
., 2614, TVstereo
., 2615, TVstereo
., 2616, TVstereo
TV turns on, 2617, TVstereo
., 2618, TVstereo
., 2619, TVstereo
TV turns off, 2620, TVstereo
., 2621
., 2622, Coffeemachine
., 2623, Coffeemachine
., 2624, Coffeemachine
Starting the brewing, 2625, Coffeemachine
Brewing, 2626, Coffeemachine
Brewing, 2627, Coffeemachine
Brewing, 2628, Coffeemachine
Brewing, 2629, Coffeemachine
Brewing, 2630, Coffeemachine
Brewing, 2631, Coffeemachine
Brewing, 2632, Coffeemachine
Brewing, 2633, Coffeemachine
Brewing, 2634, Coffeemachine
Brewing, 2635, Coffeemachine
Coffee ready sound, 2636, Coffeemachine
., 2637
., 2638
., 2639
., 2640
Stereo turns off, 2641, TVstereo
., 2642
., 2643
., 2644
., 2645
., 2646, Coffeemachine
., 2647, Coffeemachine
Starting the brewing, 2648, Coffeemachine
Stopping, 2649, Coffeemachine
., 2650
., 2651
Lights turn on, 2652, Lightswitch
., 2653
Lights turn off, 2654, Lightswitch
., 2655
., 2656
., 2657
., 2658
., 2659, Coffeemachine
., 2660, Coffeemachine
., 2661, Coffeemachine
., 2662, Coffeemachine
Starting the brewing, 2663, Coffeemachine
Brewing, 2664, Coffeemachine
Brewing, 2665, Coffeemachine
Brewing, 2666, Coffeemachine
Brewing, 2667, Coffeemachine
Brewing, 2668, Coffeemachine
Brewing, 2669, Coffeemachine
Brewing, 2670, Coffeemachine
Stopping, 2671, Coffeemachine
., 2672
., 2673
., 2674
., 2675, TVstereo
., 2676, TVstereo
., 2677, TVstereo
., 2678, TVstereo
TV turns on, 2679, TVstereo
., 2680, TVstereo
., 2681, TVstereo
., 2682, TVstereo
TV turns off, 2683, TVstereo
., 2684
., 2685
., 2686
., 2687
., 2688
., 2689
Stereo turns on, 2690, TVstereo
., 2691
Mixer shows a green light, 2692, Mixer
., 2693, Mixer
., 2694, Mixer
Starting the mixing, 2695, Mixer
Mixing, 2696, Mixer
Mixing, 2697, Mixer
Mixing, 2698, Mixer
Mixer finished, 2699, Mixer
., 2700, Coffeemachine
., 2701, Coffeemachine
., 2702, Coffeemachine
., 2703, Coffeemachine
., 2704, Coffeemachine
Starting the brewing, 2705, Coffeemachine
Brewing, 2706, Coffeemachine
Brewing, 2707, Coffeemachine
Brewing, 2708, Coffeemachine
Brewing, 2709, Coffeemachine
Brewing, 2710, Coffeemachine
Brewing, 2711, Coffeemachine
Brewing, 2712, Coffeemachine
Brewing, 2713, Coffeemachine
Brewing, 2714, Coffeemachine
Brewing, 2715, Coffeemachine
Coffee ready sound, 2716, Coffeemachine
Stereo turns off, 2717, TVstereo
., 2718
., 2719
., 2720
., 2721
., 2722
., 2723
., 2724
., 2725
., 2726
., 2727
., 2728
., 2729
., 2730
., 2731, Coffeemachine
., 2732, Coffeemachine
Starting the brewing, 2733, Coffeemachine
Brewing, 2734, Coffeemachine
Brewing, 2735, Coffeemachine
Brewing, 2736, Coffeemachine
Brewing, 2737, Coffeemachine
Brewing, 2738, Coffeemachine
Brewing, 2739, Coffeemachine
Brewing, 2740, Coffeemachine
Brewing, 2741, Coffeemachine
Brewing, 2742, Coffeemachine
Brewing, 2743, Coffeemachine
Coffee ready sound, 2744, Coffeemachine
., 2745
., 2746
., 2747, Coffeemachine
., 2748, Coffeemachine
Starting the brewing, 2749, Coffeemachine
Brewing, 2750, Coffeemachine
Brewing, 2751, Coffeemachine
Brewing, 2752, Coffeemachine
Brewing, 2753, Coffeemachine
Stopping, 2754, Coffeemachine
Lights turn on, 2755, Lightswitch
., 2756
., 2757
., 2758
., 2759
., 2760
., 2761
Mixer shows a green light, 2762, Mixer
., 2763, Mixer
., 2764, Mixer
Starting the mixing, 2765, Mixer
Mixing, 2766, Mixer
Mixing, 2767, Mixer
Mixing, 2768, Mixer
Mixer finished, 2769, Mixer
Lights turn off, 2770, Lightswitch
., 2771
., 2772
., 2773
Lights turn on, 2774, Lightswitch
., 2775
Stereo turns on, 2776, TVstereo
., 2777
., 2778
., 2779
., 2780
., 2781
., 2782
., 2783
., 2784
., 2785
., 2786
., 2787
., 2788
., 2789
., 2790
Lights turn off, 2791, Lightswitch
., 2792
., 2793, TVstereo
., 2794, TVstereo
TV turns on, 2795, TVstereo
., 2796, TVstereo
., 2797, TVstereo
., 2798, TVstereo
TV turns off, 2799, TVstereo
., 2800
., 2801
., 2802
., 2803
., 2804
., 2805
., 2806
., 2807
., 2808
., 2809, TVstereo
., 2810, TVstereo
TV turns on, 2811, TVstereo
., 2812, TVstereo
., 2813, TVstereo
TV turns off, 2814, TVstereo
., 2815
., 2816
., 2817
., 2818
., 2819
Lights turn on, 2820, Lightswitch
., 2821
., 2822
., 2823
., 2824
., 2825
., 2826, Coffeemachine
., 2827, Coffeemachine
., 2828, Coffeemachine
Starting the brewing, 2829, Coffeemachine
Brewing, 2830, Coffeemachine
Brewing, 2831, Coffeemachine
Brewing, 2832, Coffeemachine
Brewing, 2833, Coffeemachine
Brewing, 2834, Coffeemachine
Brewing, 2835, Coffeemachine
Brewing, 2836, Coffeemachine
Brewing, 2837, Coffeemachine
Brewing, 2838, Coffeemachine
Brewing, 2839, Coffeemachine
Coffee ready sound, 2840, Coffeemachine
., 2841, TVstereo
., 2842, TVstereo
., 2843, TVstereo
., 2844, TVstereo
TV turns on, 2845, TVstereo
., 2846, TVstereo
., 2847, TVstereo
., 2848, TVstereo
TV turns off, 2849, TVstereo
., 2850
., 2851
., 2852
., 2853
., 2854, TVstereo
., 2855, TVstereo
., 2856, TVstereo
., 2857, TVstereo
TV turns on, 2858, TVstereo
., 2859, TVstereo
., 2860, TVstereo
., 2861, TVstereo
TV turns off, 2862, TVstereo
., 2863
Stereo turns off, 2864, TVstereo
., 2865
., 2866
Mixer shows a green light, 2867, Mixer
., 2868, Mixer
Starting the mixing, 2869, Mixer
Mixing, 2870, Mixer
Mixing, 2871, Mixer
Mixing, 2872, Mixer
Mixer finished, 2873, Mixer
., 2874
., 2875
., 2876
., 2877
., 2878
Lights turn off, 2879, Lightswitch
Lights turn on, 2880, Lightswitch
., 2881
., 2882
., 2883, Coffeemachine
., 2884, Coffeemachine
., 2885, Coffeemachine
., 2886, Coffeemachine
Starting the brewing, 2887, Coffeemachine
Brewing, 2888, Coffeemachine
Brewing, 2889, Coffeemachine
Brewing, 2890, Coffeemachine
Brewing, 2891, Coffeemachine
Brewing, 2892, Coffeemachine
Brewing, 2893, Coffeemachine
Brewing, 2894, Coffeemachine
Brewing, 2895, Coffeemachine
Brewing, 2896, Coffeemachine
Brewing, 2897, Coffeemachine
Coffee ready sound, 2898, Coffeemachine
., 2899
., 2900
Stereo turns on, 2901, TVstereo
., 2902
., 2903
., 2904
., 2905
., 2906
Lights turn off, 2907, Lightswitch
., 2908
., 2909
., 2910
., 2911
., 2912
., 2913
., 2914
., 2915
., 2916
., 2917
., 2918
Lights turn on, 2919, Lightswitch
., 2920
., 2921, TVstereo
., 2922, TVstereo
., 2923, TVstereo
TV turns on, 2924, TVstereo
., 2925, TVstereo
., 2926, TVstereo
., 2927, TVstereo
TV turns off, 2928, TVstereo
., 2929, Coffeemachine
., 2930, Coffeemachine
., 2931, Coffeemachine
., 2932, Coffeemachine
., 2933, Coffeemachine
Starting the brewing, 2934, Coffeemachine
Brewing, 2935, Coffeemachine
Brewing, 2936, Coffeemachine
Brewing, 2937, Coffeemachine
Brewing, 2938, Coffeemachine
Brewing, 2939, Coffeemachine
Brewing, 2940, Coffeemachine
Brewing, 2941, Coffeemachine
Brewing, 2942, Coffeemachine
Brewing, 2943, Coffeemachine
Brewing, 2944, Coffeemachine
Coffee ready sound, 2945, Coffeemachine
Lights turn off, 2946, Lightswitch
., 2947
., 2948
., 2949
., 2950
., 2951
., 2952
Mixer shows a green light, 2953, Mixer
., 2954, Mixer
., 2955, Mixer
Starting the mixing, 2956, Mixer
Mixing, 2957, Mixer
Mixing, 2958, Mixer
Mixing, 2959, Mixer
Mixer finished, 2960, Mixer
., 2961, TVstereo
., 2962, TVstereo
TV turns on, 2963, TVstereo
., 2964, TVstereo
TV turns off, 2965, TVstereo
., 2966
., 2967
., 2968
., 2969
., 2970
., 2971
., 2972
., 2973
., 2974
Stereo turns off, 2975, TVstereo
., 2976
., 2977, Coffeemachine
., 2978, Coffeemachine
., 2979, Coffeemachine
Starting the brewing, 2980, Coffeemachine
Brewing, 2981, Coffeemachine
Brewing, 2982, Coffeemachine
Brewing, 2983, Coffeemachine
Brewing, 2984, Coffeemachine
Brewing, 2985, Coffeemachine
Brewing, 2986, Coffeemachine
Brewing, 2987, Coffeemachine
Brewing, 2988, Coffeemachine
Brewing, 2989, Coffeemachine
Brewing, 2990, Coffeemachine
Coffee ready sound, 2991, Coffeemachine
Lights turn on, 2992, Lightswitch
., 2993
., 2994
., 2995
., 2996
., 2997
., 2998
., 2999
., 3000
., 3001
., 3002
., 3003
., 3004
Stereo turns on, 3005, TVstereo
., 3006
., 3007
., 3008
., 3009
., 3010
., 3011
Lights turn off, 3012, Lightswitch
., 3013
., 3014
., 3015
., 3016
., 3017
., 3018
., 3019
., 3020
., 3021
., 3022
., 3023
., 3024
., 3025
., 3026
., 3027, Coffeemachine
., 3028, Coffeemachine
., 3029, Coffeemachine
., 3030, Coffeemachine
Starting the brewing, 3031, Coffeemachine
Brewing, 3032, Coffeemachine
Brewing, 3033, Coffeemachine
Brewing, 3034, Coffeemachine
Brewing, 3035, Coffeemachine
Brewing, 3036, Coffeemachine
Brewing, 3037, Coffeemachine
Brewing, 3038, Coffeemachine
Brewing, 3039, Coffeemachine
Stopping, 3040, Coffeemachine
., 3041, Coffeemachine
., 3042, Coffeemachine
., 3043, Coffeemachine
Starting the brewing, 3044, Coffeemachine
Brewing, 3045, Coffeemachine
Brewing, 3046, Coffeemachine
Brewing, 3047, Coffeemachine
Brewing, 3048, Coffeemachine
Brewing, 3049, Coffeemachine
Brewing, 3050, Coffeemachine
Brewing, 3051, Coffeemachine
Stopping, 3052, Coffeemachine
Stereo turns off, 3053, TVstereo
., 3054, TVstereo
., 3055, TVstereo
., 3056, TVstereo
TV turns on, 3057, TVstereo
., 3058, TVstereo
., 3059, TVstereo
TV turns off, 3060, TVstereo
., 3061
., 3062
., 3063, TVstereo
., 3064, TVstereo
., 3065, TVstereo
TV turns on, 3066, TVstereo
., 3067, TVstereo
TV turns off, 3068, TVstereo
., 3069
., 3070
Mixer shows a green light, 3071, Mixer
., 3072, Mixer
., 3073, Mixer
Starting the mixing, 3074, Mixer
Mixing, 3075, Mixer
Mixing, 3076, Mixer
Mixing, 3077, Mixer
Mixer finished, 3078, Mixer
Lights turn on, 3079, Lightswitch
., 3080, TVstereo
., 3081, TVstereo
TV turns on, 3082, TVstereo
., 3083, TVstereo
TV turns off, 3084, TVstereo
., 3085, Coffeemachine
., 3086, Coffeemachine
., 3087, Coffeemachine
Starting the brewing, 3088, Coffeemachine
Brewing, 3089, Coffeemachine
Brewing, 3090, Coffeemachine
Brewing, 3091, Coffeemachine
Brewing, 3092, Coffeemachine
Brewing, 3093, Coffeemachine
Brewing, 3094, Coffeemachine
Brewing, 3095, Coffeemachine
Brewing, 3096, Coffeemachine
Brewing, 3097, Coffeemachine
Brewing, 3098, Coffeemachine
Coffee ready sound, 3099, Coffeemachine
., 3100
., 3101
Lights turn off, 3102, Lightswitch
., 3103
., 3104
., 3105
., 3106
., 3107
Lights turn on, 3108, Lightswitch
., 3109
., 3110
., 3111
Lights turn off, 3112, Lightswitch
., 3113
Lights turn on, 3114, Lightswitch
., 3115
., 3116
., 3117
., 3118
., 3119
., 3120
., 3121
., 3122
., 3123
., 3124
., 3125
., 3126
., 3127
Stereo turns on, 3128, TVstereo
., 3129
Stereo turns off, 3130, TVstereo
., 3131
., 3132
., 3133
., 3134
., 3135
., 3136
., 3137
., 3138
Lights turn off, 3139, Lightswitch
., 3140
., 3141, TVstereo
., 3142, TVstereo
TV turns on, 3143, TVstereo
., 3144, TVstereo
., 3145, TVstereo
., 3146, TVstereo
TV turns off, 3147, TVstereo
., 3148
., 3149
., 3150
., 3151
Lights turn on, 3152, Lightswitch
., 3153
., 3154
., 3155
., 3156
., 3157
., 3158
., 3159
., 3160
., 3161
., 3162
., 3163
., 3164
., 3165
., 3166
., 3167
., 3168
., 3169
., 3170, Coffeemachine
., 3171, Coffeemachine
., 3172, Coffeemachine
., 3173, Coffeemachine
Starting the brewing, 3174, Coffeemachine
Brewing, 3175, Coffeemachine
Brewing, 3176, Coffeemachine
Brewing, 3177, Coffeemachine
Brewing, 3178, Coffeemachine
Brewing, 3179, Coffeemachine
Brewing, 3180, Coffeemachine
Brewing, 3181, Coffeemachine
Stopping, 3182, Coffeemachine
., 3183
Stereo turns on, 3184, TVstereo
., 3185
., 3186, Coffeemachine
., 3187, Coffeemachine
., 3188, Coffeemachine
., 3189, Coffeemachine
Starting the brewing, 3190, Coffeemachine
Brewing, 3191, Coffeemachine
Stopping, 3192, Coffeemachine
Lights turn off, 3193, Lightswitch
., 3194
., 3195
., 3196
., 3197
., 3198
., 3199
., 3200
., 3201
., 3202
., 3203
., 3204
., 3205
., 3206
., 3207
., 3208
Stereo turns off, 3209, TVstereo
., 3210, TVstereo
., 3211, TVstereo
., 3212, TVstereo
TV turns on, 3213, TVstereo
., 3214, TVstereo
., 3215, TVstereo
., 3216, TVstereo
TV turns off, 3217, TVstereo
., 3218
., 3219
., 3220
., 3221
., 3222, Coffeemachine
., 3223, Coffeemachine
., 3224, Coffeemachine
., 3225, Coffeemachine
., 3226, Coffeemachine
Starting the brewing, 3227, Coffeemachine
Brewing, 3228, Coffeemachine
Brewing, 3229, Coffeemachine
Brewing, 3230, Coffeemachine
Brewing, 3231, Coffeemachine
Brewing, 3232, Coffeemachine
Brewing, 3233, Coffeemachine
Brewing, 3234, Coffeemachine
Brewing, 3235, Coffeemachine
Brewing, 3236, Coffeemachine
Brewing, 3237, Coffeemachine
Coffee ready sound, 3238, Coffeemachine
., 3239
., 3240
., 3241, TVstereo
., 3242, TVstereo
TV turns on, 3243, TVstereo
., 3244, TVstereo
., 3245, TVstereo
TV turns off, 3246, TVstereo
., 3247
., 3248
., 3249, TVstereo
., 3250, TVstereo
TV turns on, 3251, TVstereo
., 3252, TVstereo
., 3253, TVstereo
TV turns off, 3254, TVstereo
Lights turn on, 3255, Lightswitch
., 3256
., 3257
., 3258
., 3259
., 3260
., 3261
., 3262
., 3263
., 3264, Coffeemachine
., 3265, Coffeemachine
Starting the brewing, 3266, Coffeemachine
Brewing, 3267, Coffeemachine
Brewing, 3268, Coffeemachine
Brewing, 3269, Coffeemachine
Brewing, 3270, Coffeemachine
Brewing, 3271, Coffeemachine
Brewing, 3272, Coffeemachine
Brewing, 3273, Coffeemachine
Brewing, 3274, Coffeemachine
Brewing, 3275, Coffeemachine
Brewing, 3276, Coffeemachine
Coffee ready sound, 3277, Coffeemachine
., 3278
., 3279
., 3280
., 3281
., 3282
., 3283
., 3284
., 3285, Coffeemachine
., 3286, Coffeemachine
., 3287, Coffeemachine
., 3288, Coffeemachine
Starting the brewing, 3289, Coffeemachine
Brewing, 3290, Coffeemachine
Brewing, 3291, Coffeemachine
Brewing, 3292, Coffeemachine
Brewing, 3293, Coffeemachine
Brewing, 3294, Coffeemachine
Brewing, 3295, Coffeemachine
Brewing, 3296, Coffeemachine
Brewing, 3297, Coffeemachine
Brewing, 3298, Coffeemachine
Brewing, 3299, Coffeemachine
Coffee ready sound, 3300, Coffeemachine
., 3301
., 3302, Coffeemachine
., 3303, Coffeemachine
., 3304, Coffeemachine
Starting the brewing, 3305, Coffeemachine
Brewing, 3306, Coffeemachine
Brewing, 3307, Coffeemachine
Stopping, 3308, Coffeemachine
., 3309, Coffeemachine
., 3310, Coffeemachine
., 3311, Coffeemachine
., 3312, Coffeemachine
Starting the brewing, 3313, Coffeemachine
Brewing, 3314, Coffeemachine
Brewing, 3315, Coffeemachine
Brewing, 3316, Coffeemachine
Brewing, 3317, Coffeemachine
Brewing, 3318, Coffeemachine
Brewing, 3319, Coffeemachine
Brewing, 3320, Coffeemachine
Brewing, 3321, Coffeemachine
Brewing, 3322, Coffeemachine
Brewing, 3323, Coffeemachine
Coffee ready sound, 3324, Coffeemachine
., 3325
., 3326
Lights turn off, 3327, Lightswitch
Stereo turns on, 3328, TVstereo
., 3329
Stereo turns off, 3330, TVstereo
., 3331, TVstereo
., 3332, TVstereo
., 3333, TVstereo
., 3334, TVstereo
TV turns on, 3335, TVstereo
., 3336, TVstereo
., 3337, TVstereo
TV turns off, 3338, TVstereo
., 3339
., 3340, TVstereo
., 3341, TVstereo
., 3342, TVstereo
TV turns on, 3343, TVstereo
., 3344, TVstereo
TV turns off, 3345, TVstereo
., 3346
., 3347
Stereo turns on, 3348, TVstereo
Stereo turns off, 3349, TVstereo
., 3350
., 3351, Coffeemachine
., 3352, Coffeemachine
., 3353, Coffeemachine
., 3354, Coffeemachine
Starting the brewing, 3355, Coffeemachine
Brewing, 3356, Coffeemachine
Brewing, 3357, Coffeemachine
Brewing, 3358, Coffeemachine
Brewing, 3359, Coffeemachine
Brewing, 3360, Coffeemachine
Brewing, 3361, Coffeemachine
Brewing, 3362, Coffeemachine
Brewing, 3363, Coffeemachine
Brewing, 3364, Coffeemachine
Brewing, 3365, Coffeemachine
Coffee ready sound, 3366, Coffeemachine
., 3367
., 3368, Coffeemachine
., 3369, Coffeemachine
Starting the brewing, 3370, Coffeemachine
Brewing, 3371, Coffeemachine
Brewing, 3372, Coffeemachine
Brewing, 3373, Coffeemachine
Brewing, 3374, Coffeemachine
Brewing, 3375, Coffeemachine
Brewing, 3376, Coffeemachine
Brewing, 3377, Coffeemachine
Brewing, 3378, Coffeemachine
Brewing, 3379, Coffeemachine
Brewing, 3380, Coffeemachine
Coffee ready sound, 3381, Coffeemachine
., 3382
., 3383
., 3384
., 3385
., 3386
Lights turn on, 3387, Lightswitch
Mixer shows a green light, 3388, Mixer
., 3389, Mixer
Starting the mixing, 3390, Mixer
Mixing, 3391, Mixer
Mixing, 3392, Mixer
Mixing, 3393, Mixer
Mixer finished, 3394, Mixer
., 3395
., 3396, Coffeemachine
., 3397, Coffeemachine
., 3398, Coffeemachine
Starting the brewing, 3399, Coffeemachine
Brewing, 3400, Coffeemachine
Brewing, 3401, Coffeemachine
Brewing, 3402, Coffeemachine
Brewing, 3403, Coffeemachine
Brewing, 3404, Coffeemachine
Brewing, 3405, Coffeemachine
Brewing, 3406, Coffeemachine
Brewing, 3407, Coffeemachine
Brewing, 3408, Coffeemachine
Brewing, 3409, Coffeemachine
Coffee ready sound, 3410, Coffeemachine
Stereo turns on, 3411, TVstereo
., 3412
., 3413, Coffeemachine
., 3414, Coffeemachine
., 3415, Coffeemachine
., 3416, Coffeemachine
Starting the brewing, 3417, Coffeemachine
Brewing, 3418, Coffeemachine
Brewing, 3419, Coffeemachine
Brewing, 3420, Coffeemachine
Brewing, 3421, Coffeemachine
Brewing, 3422, Coffeemachine
Brewing, 3423, Coffeemachine
Brewing, 3424, Coffeemachine
Brewing, 3425, Coffeemachine
Brewing, 3426, Coffeemachine
Brewing, 3427, Coffeemachine
Coffee ready sound, 3428, Coffeemachine
., 3429
., 3430
., 3431
Lights turn off, 3432, Lightswitch
., 3433
., 3434
., 3435
., 3436
., 3437
., 3438
., 3439
., 3440
., 3441
., 3442
., 3443
Stereo turns off, 3444, TVstereo
Lights turn on, 3445, Lightswitch
Lights turn off, 3446, Lightswitch
., 3447
., 3448
., 3449
., 3450
., 3451
., 3452
., 3453
., 3454
Stereo turns on, 3455, TVstereo
Mixer shows a green light, 3456, Mixer
., 3457, Mixer
Starting the mixing, 3458, Mixer
., 3459, Mixer
., 3460
., 3461
., 3462
., 3463, Coffeemachine
., 3464, Coffeemachine
., 3465, Coffeemachine
Starting the brewing, 3466, Coffeemachine
Brewing, 3467, Coffeemachine
Brewing, 3468, Coffeemachine
Brewing, 3469, Coffeemachine
Brewing, 3470, Coffeemachine
Brewing, 3471, Coffeemachine
Brewing, 3472, Coffeemachine
Brewing, 3473, Coffeemachine
Brewing, 3474, Coffeemachine
Brewing, 3475, Coffeemachine
Brewing, 3476, Coffeemachine
Coffee ready sound, 3477, Coffeemachine
., 3478
., 3479
., 3480, Coffeemachine
., 3481, Coffeemachine
Starting the brewing, 3482, Coffeemachine
Brewing, 3483, Coffeemachine
Stopping, 3484, Coffeemachine
Lights turn on, 3485, Lightswitch
., 3486
., 3487
., 3488
., 3489
., 3490
., 3491
., 3492
., 3493
., 3494
., 3495
., 3496
., 3497
., 3498
., 3499
Stereo turns off, 3500, TVstereo
., 3501, TVstereo
., 3502, TVstereo
., 3503, TVstereo
., 3504, TVstereo
TV turns on, 3505, TVstereo
., 3506, TVstereo
., 3507, TVstereo
TV turns off, 3508, TVstereo
Lights turn off, 3509, Lightswitch
., 3510
Stereo turns on, 3511, TVstereo
., 3512
., 3513
., 3514
., 3515
., 3516
., 3517
., 3518
., 3519
., 3520
., 3521, Coffeemachine
., 3522, Coffeemachine
., 3523, Coffeemachine
Starting the brewing, 3524, Coffeemachine
Brewing, 3525, Coffeemachine
Brewing, 3526, Coffeemachine
Brewing, 3527, Coffeemachine
Brewing, 3528, Coffeemachine
Brewing, 3529, Coffeemachine
Brewing, 3530, Coffeemachine
Brewing, 3531, Coffeemachine
Brewing, 3532, Coffeemachine
Brewing, 3533, Coffeemachine
Brewing, 3534, Coffeemachine
Coffee ready sound, 3535, Coffeemachine
., 3536
Lights turn on, 3537, Lightswitch
., 3538
., 3539
Mixer shows a green light, 3540, Mixer
., 3541, Mixer
., 3542, Mixer
Starting the mixing, 3543, Mixer
Mixing, 3544, Mixer
Mixing, 3545, Mixer
Mixing, 3546, Mixer
Mixer finished, 3547, Mixer
., 3548
., 3549
., 3550
., 3551
., 3552
Stereo turns off, 3553, TVstereo
., 3554
., 3555, TVstereo
., 3556, TVstereo
., 3557, TVstereo
., 3558, TVstereo
TV turns on, 3559, TVstereo
., 3560, TVstereo
., 3561, TVstereo
., 3562, TVstereo
TV turns off, 3563, TVstereo
., 3564
Stereo turns on, 3565, TVstereo
., 3566
., 3567
Lights turn off, 3568, Lightswitch
., 3569
., 3570
., 3571
., 3572, TVstereo
., 3573, TVstereo
., 3574, TVstereo
TV turns on, 3575, TVstereo
., 3576, TVstereo
., 3577, TVstereo
., 3578, TVstereo
TV turns off, 3579, TVstereo
., 3580
., 3581
., 3582
., 3583
., 3584
., 3585, TVstereo
., 3586, TVstereo
TV turns on, 3587, TVstereo
., 3588, TVstereo
TV turns off, 3589, TVstereo
., 3590
Stereo turns off, 3591, TVstereo
., 3592
., 3593, Coffeemachine
., 3594, Coffeemachine
., 3595, Coffeemachine
., 3596, Coffeemachine
Starting the brewing, 3597, Coffeemachine
Brewing, 3598, Coffeemachine
Brewing, 3599, Coffeemachine
Brewing, 3600, Coffeemachine
Brewing, 3601, Coffeemachine
Brewing, 3602, Coffeemachine
Brewing, 3603, Coffeemachine
Brewing, 3604, Coffeemachine
Brewing, 3605, Coffeemachine
Brewing, 3606, Coffeemachine
Brewing, 3607, Coffeemachine
Coffee ready sound, 3608, Coffeemachine
., 3609
., 3610
., 3611, Coffeemachine
., 3612, Coffeemachine
., 3613, Coffeemachine
., 3614, Coffeemachine
Starting the brewing, 3615, Coffeemachine
Brewing, 3616, Coffeemachine
Brewing, 3617, Coffeemachine
Brewing, 3618, Coffeemachine
Brewing, 3619, Coffeemachine
Brewing, 3620, Coffeemachine
Brewing, 3621, Coffeemachine
Brewing, 3622, Coffeemachine
Brewing, 3623, Coffeemachine
Brewing, 3624, Coffeemachine
Brewing, 3625, Coffeemachine
Coffee ready sound, 3626, Coffeemachine
., 3627
., 3628
., 3629
., 3630, Coffeemachine
., 3631, Coffeemachine
Starting the brewing, 3632, Coffeemachine
Brewing, 3633, Coffeemachine
Brewing, 3634, Coffeemachine
Brewing, 3635, Coffeemachine
Brewing, 3636, Coffeemachine
Brewing, 3637, Coffeemachine
Brewing, 3638, Coffeemachine
Brewing, 3639, Coffeemachine
Stopping, 3640, Coffeemachine
., 3641
., 3642
Stereo turns on, 3643, TVstereo
., 3644
., 3645
., 3646
., 3647
., 3648
., 3649
., 3650
., 3651
Lights turn on, 3652, Lightswitch
., 3653
Mixer shows a green light, 3654, Mixer
., 3655, Mixer
., 3656, Mixer
Starting the mixing, 3657, Mixer
Mixing, 3658, Mixer
Mixing, 3659, Mixer
Mixing, 3660, Mixer
Mixer finished, 3661, Mixer
., 3662
., 3663
., 3664
., 3665
., 3666
., 3667
., 3668
., 3669
Lights turn off, 3670, Lightswitch
., 3671, Coffeemachine
., 3672, Coffeemachine
Starting the brewing, 3673, Coffeemachine
Stopping, 3674, Coffeemachine
., 3675
., 3676
., 3677
., 3678, Coffeemachine
., 3679, Coffeemachine
Starting the brewing, 3680, Coffeemachine
Brewing, 3681, Coffeemachine
Brewing, 3682, Coffeemachine
Brewing, 3683, Coffeemachine
Brewing, 3684, Coffeemachine
Brewing, 3685, Coffeemachine
Brewing, 3686, Coffeemachine
Brewing, 3687, Coffeemachine
Brewing, 3688, Coffeemachine
Brewing, 3689, Coffeemachine
Brewing, 3690, Coffeemachine
Coffee ready sound, 3691, Coffeemachine
Lights turn on, 3692, Lightswitch
., 3693
., 3694
., 3695, TVstereo
., 3696, TVstereo
., 3697, TVstereo
., 3698, TVstereo
TV turns on, 3699, TVstereo
., 3700, TVstereo
., 3701, TVstereo
TV turns off, 3702, TVstereo
., 3703
., 3704
., 3705, Coffeemachine
., 3706, Coffeemachine
., 3707, Coffeemachine
Starting the brewing, 3708, Coffeemachine
Brewing, 3709, Coffeemachine
Brewing, 3710, Coffeemachine
Brewing, 3711, Coffeemachine
Brewing, 3712, Coffeemachine
Brewing, 3713, Coffeemachine
Brewing, 3714, Coffeemachine
Brewing, 3715, Coffeemachine
Brewing, 3716, Coffeemachine
Brewing, 3717, Coffeemachine
Brewing, 3718, Coffeemachine
Coffee ready sound, 3719, Coffeemachine
., 3720
., 3721
Mixer shows a green light, 3722, Mixer
., 3723, Mixer
Starting the mixing, 3724, Mixer
Mixing, 3725, Mixer
Mixing, 3726, Mixer
Mixing, 3727, Mixer
Mixer finished, 3728, Mixer
., 3729
., 3730
., 3731
., 3732
., 3733
Lights turn off, 3734, Lightswitch
., 3735, TVstereo
., 3736, TVstereo
TV turns on, 3737, TVstereo
., 3738, TVstereo
., 3739, TVstereo
TV turns off, 3740, TVstereo
Lights turn on, 3741, Lightswitch
., 3742
., 3743
., 3744
., 3745
., 3746, TVstereo
., 3747, TVstereo
., 3748, TVstereo
TV turns on, 3749, TVstereo
., 3750, TVstereo
., 3751, TVstereo
., 3752, TVstereo
TV turns off, 3753, TVstereo
., 3754
Lights turn off, 3755, Lightswitch
., 3756, Coffeemachine
., 3757, Coffeemachine
., 3758, Coffeemachine
., 3759, Coffeemachine
Starting the brewing, 3760, Coffeemachine
Brewing, 3761, Coffeemachine
Brewing, 3762, Coffeemachine
Brewing, 3763, Coffeemachine
Brewing, 3764, Coffeemachine
Brewing, 3765, Coffeemachine
Brewing, 3766, Coffeemachine
Brewing, 3767, Coffeemachine
Brewing, 3768, Coffeemachine
Brewing, 3769, Coffeemachine
Brewing, 3770, Coffeemachine
Coffee ready sound, 3771, Coffeemachine
., 3772
., 3773
., 3774
., 3775
., 3776
., 3777
., 3778
., 3779
., 3780
., 3781
., 3782
., 3783
., 3784
., 3785
., 3786
., 3787
., 3788
., 3789
Lights turn on, 3790, Lightswitch
., 3791
., 3792
., 3793
., 3794
., 3795
Lights turn off, 3796, Lightswitch
., 3797
., 3798, Coffeemachine
., 3799, Coffeemachine
., 3800, Coffeemachine
Starting the brewing, 3801, Coffeemachine
Brewing, 3802, Coffeemachine
Brewing, 3803, Coffeemachine
Brewing, 3804, Coffeemachine
Brewing, 3805, Coffeemachine
Brewing, 3806, Coffeemachine
Brewing, 3807, Coffeemachine
Brewing, 3808, Coffeemachine
Brewing, 3809, Coffeemachine
Brewing, 3810, Coffeemachine
Brewing, 3811, Coffeemachine
Coffee ready sound, 3812, Coffeemachine
., 3813
., 3814
., 3815, TVstereo
., 3816, TVstereo
., 3817, TVstereo
., 3818, TVstereo
TV turns on, 3819, TVstereo
., 3820, TVstereo
., 3821, TVstereo
TV turns off, 3822, TVstereo
., 3823
., 3824, TVstereo
., 3825, TVstereo
., 3826, TVstereo
TV turns on, 3827, TVstereo
., 3828, TVstereo
., 3829, TVstereo
., 3830, TVstereo
TV turns off, 3831, TVstereo
., 3832
., 3833
Stereo turns off, 3834, TVstereo
., 3835
., 3836
., 3837
., 3838
Stereo turns on, 3839, TVstereo
Mixer shows a green light, 3840, Mixer
., 3841, Mixer
., 3842, Mixer
Starting the mixing, 3843, Mixer
Mixing, 3844, Mixer
Mixing, 3845, Mixer
Mixing, 3846, Mixer
Mixer finished, 3847, Mixer
., 3848
., 3849
., 3850
., 3851
., 3852, TVstereo
., 3853, TVstereo
TV turns on, 3854, TVstereo
., 3855, TVstereo
., 3856, TVstereo
TV turns off, 3857, TVstereo
., 3858
., 3859
., 3860
., 3861
., 3862
Stereo turns off, 3863, TVstereo
., 3864
Stereo turns on, 3865, TVstereo
., 3866
., 3867
., 3868
Stereo turns off, 3869, TVstereo
., 3870
., 3871
., 3872
., 3873
., 3874
., 3875
., 3876, TVstereo
., 3877, TVstereo
., 3878, TVstereo
., 3879, TVstereo
TV turns on, 3880, TVstereo
., 3881, TVstereo
., 3882, TVstereo
TV turns off, 3883, TVstereo
., 3884
., 3885
., 3886
., 3887
., 3888
., 3889
., 3890, Coffeemachine
., 3891, Coffeemachine
., 3892, Coffeemachine
., 3893, Coffeemachine
., 3894, Coffeemachine
Starting the brewing, 3895, Coffeemachine
Brewing, 3896, Coffeemachine
Brewing, 3897, Coffeemachine
Brewing, 3898, Coffeemachine
Brewing, 3899, Coffeemachine
Brewing, 3900, Coffeemachine
Brewing, 3901, Coffeemachine
Stopping, 3902, Coffeemachine
., 3903
., 3904
., 3905
., 3906
., 3907
., 3908
., 3909, Coffeemachine
., 3910, Coffeemachine
., 3911, Coffeemachine
Starting the brewing, 3912, Coffeemachine
Brewing, 3913, Coffeemachine
Brewing, 3914, Coffeemachine
Brewing, 3915, Coffeemachine
Brewing, 3916, Coffeemachine
Brewing, 3917, Coffeemachine
Stopping, 3918, Coffeemachine
., 3919
., 3920
., 3921
., 3922
., 3923
., 3924
., 3925
., 3926
., 3927
Lights turn on, 3928, Lightswitch
., 3929
., 3930
., 3931
., 3932
., 3933
., 3934
Lights turn off, 3935, Lightswitch
., 3936
., 3937
Stereo turns on, 3938, TVstereo
., 3939
., 3940
., 3941
Lights turn on, 3942, Lightswitch
Stereo turns off, 3943, TVstereo
., 3944, TVstereo
., 3945, TVstereo
TV turns on, 3946, TVstereo
., 3947, TVstereo
., 3948, TVstereo
., 3949, TVstereo
TV turns off, 3950, TVstereo
Stereo turns on, 3951, TVstereo
., 3952
., 3953
., 3954
., 3955
., 3956
., 3957
., 3958
., 3959
., 3960
., 3961
., 3962
., 3963
Stereo turns off, 3964, TVstereo
., 3965
., 3966
., 3967
., 3968
Lights turn off, 3969, Lightswitch
Stereo turns on, 3970, TVstereo
., 3971, TVstereo
., 3972, TVstereo
TV turns on, 3973, TVstereo
., 3974, TVstereo
TV turns off, 3975, TVstereo
., 3976
., 3977, Coffeemachine
., 3978, Coffeemachine
., 3979, Coffeemachine
Starting the brewing, 3980, Coffeemachine
Brewing, 3981, Coffeemachine
Brewing, 3982, Coffeemachine
Brewing, 3983, Coffeemachine
Brewing, 3984, Coffeemachine
Brewing, 3985, Coffeemachine
Brewing, 3986, Coffeemachine
Brewing, 3987, Coffeemachine
Brewing, 3988, Coffeemachine
Brewing, 3989, Coffeemachine
Brewing, 3990, Coffeemachine
Coffee ready sound, 3991, Coffeemachine
Stereo turns off, 3992, TVstereo
., 3993
., 3994
., 3995
., 3996
Mixer shows a green light, 3997, Mixer
., 3998, Mixer
Starting the mixing, 3999, Mixer
