., 1
Pressing the button to start Mixer, 2, Mixer
., 3, Mixer
., 4, Mixer
., 5, Mixer
Waiting for Mixer, 6, Mixer
Waiting for Mixer, 7, Mixer
Waiting for Mixer, 8, Mixer
Taking the mixed, 9, Mixer
., 10
., 11
., 12
., 13
., 14
., 15
Turning TV on, 16, TVstereo
., 17, TVstereo
., 18, TVstereo
., 19, TVstereo
., 20, TVstereo
., 21, TVstereo
., 22, TVstereo
., 23, TVstereo
Turning TV off, 24, TVstereo
., 25
., 26
., 27
., 28
., 29
., 30
., 31
., 32
., 33
Turning TV on, 34, TVstereo
., 35, TVstereo
., 36, TVstereo
., 37, TVstereo
., 38, TVstereo
., 39, TVstereo
Turning TV off, 40, TVstereo
Turning TV on, 41, TVstereo
., 42, TVstereo
., 43, TVstereo
., 44, TVstereo
., 45, TVstereo
., 46, TVstereo
., 47, TVstereo
., 48, TVstereo
Turning TV off, 49, TVstereo
Switching power on, 50, Coffeemachine
Pressing the button to start Coffeemachine, 51, Coffeemachine
., 52, Coffeemachine
., 53, Coffeemachine
Waiting for Coffeemachine, 54, Coffeemachine
Waiting for Coffeemachine, 55, Coffeemachine
Waiting for Coffeemachine, 56, Coffeemachine
Waiting for Coffeemachine, 57, Coffeemachine
Waiting for Coffeemachine, 58, Coffeemachine
Waiting for Coffeemachine, 59, Coffeemachine
Waiting for Coffeemachine, 60, Coffeemachine
Waiting for Coffeemachine, 61, Coffeemachine
Waiting for Coffeemachine, 62, Coffeemachine
Waiting for Coffeemachine, 63, Coffeemachine
Taking the coffee, 64, Coffeemachine
., 65
., 66
., 67
., 68
Turning lights on, 69, Lightswitch
., 70
., 71
., 72
., 73
., 74
., 75
., 76
., 77
., 78
., 79
., 80
., 81
., 82
., 83
., 84
., 85
., 86
., 87
., 88
Turning lights off, 89, Lightswitch
., 90
., 91
., 92
Turning lights on, 93, Lightswitch
., 94
Pressing the button to start Mixer, 95, Mixer
., 96, Mixer
., 97, Mixer
Waiting for Mixer, 98, Mixer
Waiting for Mixer, 99, Mixer
Waiting for Mixer, 100, Mixer
Taking the mixed, 101, Mixer
., 102
Switching power on, 103, Coffeemachine
Pressing the button to start Coffeemachine, 104, Coffeemachine
., 105, Coffeemachine
., 106, Coffeemachine
Waiting for Coffeemachine, 107, Coffeemachine
Waiting for Coffeemachine, 108, Coffeemachine
Waiting for Coffeemachine, 109, Coffeemachine
Waiting for Coffeemachine, 110, Coffeemachine
Waiting for Coffeemachine, 111, Coffeemachine
Pressing button to stop, 112, Coffeemachine
Pressing the button to start Mixer, 113, Mixer
Turning TV on, 114, TVstereo
., 115, TVstereo
., 116, TVstereo
., 117, TVstereo
., 118, TVstereo
., 119, TVstereo
Turning TV off, 120, TVstereo
., 121
., 122
., 123
., 124
Pressing the button to start Coffeemachine, 125, Coffeemachine
., 126, Coffeemachine
., 127, Coffeemachine
., 128, Coffeemachine
., 129, Coffeemachine
Waiting for Coffeemachine, 130, Coffeemachine
Waiting for Coffeemachine, 131, Coffeemachine
Waiting for Coffeemachine, 132, Coffeemachine
Waiting for Coffeemachine, 133, Coffeemachine
Waiting for Coffeemachine, 134, Coffeemachine
Waiting for Coffeemachine, 135, Coffeemachine
Waiting for Coffeemachine, 136, Coffeemachine
Waiting for Coffeemachine, 137, Coffeemachine
Waiting for Coffeemachine, 138, Coffeemachine
Waiting for Coffeemachine, 139, Coffeemachine
Taking the coffee, 140, Coffeemachine
., 141
., 142
Pressing the button to start Coffeemachine, 143, Coffeemachine
., 144, Coffeemachine
., 145, Coffeemachine
Waiting for Coffeemachine, 146, Coffeemachine
Waiting for Coffeemachine, 147, Coffeemachine
Waiting for Coffeemachine, 148, Coffeemachine
Waiting for Coffeemachine, 149, Coffeemachine
Waiting for Coffeemachine, 150, Coffeemachine
Waiting for Coffeemachine, 151, Coffeemachine
Waiting for Coffeemachine, 152, Coffeemachine
Waiting for Coffeemachine, 153, Coffeemachine
Waiting for Coffeemachine, 154, Coffeemachine
Waiting for Coffeemachine, 155, Coffeemachine
Taking the coffee, 156, Coffeemachine
., 157
., 158
., 159
Pressing the button to start Mixer, 160, Mixer
., 161
., 162
Turning Stereo on, 163, TVstereo
., 164
., 165
Turning TV on, 166, TVstereo
., 167, TVstereo
., 168, TVstereo
., 169, TVstereo
Turning TV off, 170, TVstereo
., 171
Turning TV on, 172, TVstereo
., 173, TVstereo
., 174, TVstereo
., 175, TVstereo
., 176, TVstereo
Turning TV off, 177, TVstereo
., 178
., 179
., 180
., 181
Pressing the button to start Coffeemachine, 182, Coffeemachine
., 183, Coffeemachine
., 184, Coffeemachine
., 185, Coffeemachine
., 186, Coffeemachine
Waiting for Coffeemachine, 187, Coffeemachine
Waiting for Coffeemachine, 188, Coffeemachine
Waiting for Coffeemachine, 189, Coffeemachine
Waiting for Coffeemachine, 190, Coffeemachine
Waiting for Coffeemachine, 191, Coffeemachine
Waiting for Coffeemachine, 192, Coffeemachine
Waiting for Coffeemachine, 193, Coffeemachine
Waiting for Coffeemachine, 194, Coffeemachine
Waiting for Coffeemachine, 195, Coffeemachine
Waiting for Coffeemachine, 196, Coffeemachine
Taking the coffee, 197, Coffeemachine
Pressing the button to start Coffeemachine, 198, Coffeemachine
., 199, Coffeemachine
., 200, Coffeemachine
., 201, Coffeemachine
Waiting for Coffeemachine, 202, Coffeemachine
Waiting for Coffeemachine, 203, Coffeemachine
Waiting for Coffeemachine, 204, Coffeemachine
Waiting for Coffeemachine, 205, Coffeemachine
Waiting for Coffeemachine, 206, Coffeemachine
Waiting for Coffeemachine, 207, Coffeemachine
Waiting for Coffeemachine, 208, Coffeemachine
Waiting for Coffeemachine, 209, Coffeemachine
Waiting for Coffeemachine, 210, Coffeemachine
Waiting for Coffeemachine, 211, Coffeemachine
Taking the coffee, 212, Coffeemachine
., 213
Turning lights off, 214, Lightswitch
., 215
., 216
Pressing the button to start Mixer, 217, Mixer
., 218, Mixer
., 219, Mixer
., 220, Mixer
Waiting for Mixer, 221, Mixer
Waiting for Mixer, 222, Mixer
Waiting for Mixer, 223, Mixer
Taking the mixed, 224, Mixer
., 225
., 226
., 227
., 228
., 229
., 230
., 231
., 232
., 233
Turning lights on, 234, Lightswitch
Pressing the button to start Mixer, 235, Mixer
., 236
., 237
., 238
., 239
., 240
., 241
., 242
., 243
., 244
., 245
., 246
., 247
., 248
Turning Stereo off, 249, TVstereo
Switching power on, 250, Coffeemachine
Pressing the button to start Coffeemachine, 251, Coffeemachine
., 252, Coffeemachine
., 253, Coffeemachine
., 254, Coffeemachine
Waiting for Coffeemachine, 255, Coffeemachine
Waiting for Coffeemachine, 256, Coffeemachine
Waiting for Coffeemachine, 257, Coffeemachine
Waiting for Coffeemachine, 258, Coffeemachine
Waiting for Coffeemachine, 259, Coffeemachine
Pressing button to stop, 260, Coffeemachine
Pressing the button to start Mixer, 261, Mixer
., 262
., 263
., 264
., 265
Turning lights off, 266, Lightswitch
., 267
., 268
., 269
., 270
., 271
., 272
., 273
Pressing the button to start Coffeemachine, 274, Coffeemachine
., 275, Coffeemachine
., 276, Coffeemachine
., 277, Coffeemachine
Waiting for Coffeemachine, 278, Coffeemachine
., 279
., 280
., 281
., 282
., 283
., 284
Turning lights on, 285, Lightswitch
Pressing the button to start Mixer, 286, Mixer
., 287, Mixer
., 288, Mixer
., 289, Mixer
Waiting for Mixer, 290, Mixer
Waiting for Mixer, 291, Mixer
Waiting for Mixer, 292, Mixer
Taking the mixed, 293, Mixer
., 294
., 295
., 296
., 297
., 298
., 299
., 300
., 301
., 302
., 303
., 304
Pressing the button to start Mixer, 305, Mixer
Turning Stereo on, 306, TVstereo
., 307
., 308
Pressing the button to start Mixer, 309, Mixer
., 310
., 311
Switching power on, 312, Coffeemachine
Pressing the button to start Coffeemachine, 313, Coffeemachine
., 314, Coffeemachine
., 315, Coffeemachine
Waiting for Coffeemachine, 316, Coffeemachine
Waiting for Coffeemachine, 317, Coffeemachine
Waiting for Coffeemachine, 318, Coffeemachine
Waiting for Coffeemachine, 319, Coffeemachine
Waiting for Coffeemachine, 320, Coffeemachine
Waiting for Coffeemachine, 321, Coffeemachine
Waiting for Coffeemachine, 322, Coffeemachine
Waiting for Coffeemachine, 323, Coffeemachine
Pressing button to stop, 324, Coffeemachine
Turning TV on, 325, TVstereo
., 326, TVstereo
., 327, TVstereo
., 328, TVstereo
., 329, TVstereo
., 330, TVstereo
., 331, TVstereo
Turning TV off, 332, TVstereo
Turning Stereo on, 333, TVstereo
., 334
., 335
., 336
., 337
Turning lights off, 338, Lightswitch
., 339
Turning TV on, 340, TVstereo
., 341, TVstereo
., 342, TVstereo
., 343, TVstereo
., 344, TVstereo
., 345, TVstereo
., 346, TVstereo
., 347, TVstereo
Turning TV off, 348, TVstereo
., 349
., 350
., 351
Turning lights on, 352, Lightswitch
., 353
., 354
., 355
Pressing the button to start Mixer, 356, Mixer
., 357, Mixer
., 358, Mixer
., 359, Mixer
Waiting for Mixer, 360, Mixer
Waiting for Mixer, 361, Mixer
Waiting for Mixer, 362, Mixer
Taking the mixed, 363, Mixer
., 364
., 365
., 366
., 367
Pressing the button to start Coffeemachine, 368, Coffeemachine
., 369, Coffeemachine
., 370, Coffeemachine
., 371, Coffeemachine
., 372, Coffeemachine
Waiting for Coffeemachine, 373, Coffeemachine
Waiting for Coffeemachine, 374, Coffeemachine
Waiting for Coffeemachine, 375, Coffeemachine
Pressing button to stop, 376, Coffeemachine
., 377
Turning Stereo off, 378, TVstereo
., 379
., 380
., 381
., 382
., 383
., 384
., 385
., 386
., 387
., 388
., 389
., 390
., 391
., 392
., 393
., 394
., 395
., 396
., 397
., 398
., 399
., 400
., 401
., 402
., 403
., 404
., 405
Turning TV on, 406, TVstereo
., 407, TVstereo
., 408, TVstereo
., 409, TVstereo
., 410, TVstereo
., 411, TVstereo
., 412, TVstereo
Turning TV off, 413, TVstereo
., 414
Turning Stereo on, 415, TVstereo
Pressing the button to start Mixer, 416, Mixer
., 417
Pressing the button to start Mixer, 418, Mixer
., 419
., 420
., 421
., 422
., 423
Pressing the button to start Mixer, 424, Mixer
., 425, Mixer
., 426, Mixer
., 427, Mixer
Waiting for Mixer, 428, Mixer
Waiting for Mixer, 429, Mixer
Waiting for Mixer, 430, Mixer
Taking the mixed, 431, Mixer
., 432
., 433
., 434
Turning Stereo off, 435, TVstereo
., 436
., 437
., 438
., 439
., 440
., 441
., 442
Switching power on, 443, Coffeemachine
Pressing the button to start Coffeemachine, 444, Coffeemachine
., 445, Coffeemachine
., 446, Coffeemachine
., 447, Coffeemachine
., 448, Coffeemachine
Waiting for Coffeemachine, 449, Coffeemachine
Waiting for Coffeemachine, 450, Coffeemachine
Waiting for Coffeemachine, 451, Coffeemachine
Waiting for Coffeemachine, 452, Coffeemachine
Waiting for Coffeemachine, 453, Coffeemachine
Waiting for Coffeemachine, 454, Coffeemachine
Waiting for Coffeemachine, 455, Coffeemachine
Waiting for Coffeemachine, 456, Coffeemachine
Waiting for Coffeemachine, 457, Coffeemachine
Waiting for Coffeemachine, 458, Coffeemachine
Taking the coffee, 459, Coffeemachine
., 460
Turning lights off, 461, Lightswitch
., 462
., 463
., 464
Pressing the button to start Coffeemachine, 465, Coffeemachine
., 466, Coffeemachine
., 467, Coffeemachine
Waiting for Coffeemachine, 468, Coffeemachine
Waiting for Coffeemachine, 469, Coffeemachine
Waiting for Coffeemachine, 470, Coffeemachine
Waiting for Coffeemachine, 471, Coffeemachine
Waiting for Coffeemachine, 472, Coffeemachine
Pressing button to stop, 473, Coffeemachine
., 474
., 475
., 476
., 477
., 478
Pressing the button to start Coffeemachine, 479, Coffeemachine
., 480, Coffeemachine
., 481, Coffeemachine
., 482, Coffeemachine
Waiting for Coffeemachine, 483, Coffeemachine
Waiting for Coffeemachine, 484, Coffeemachine
Waiting for Coffeemachine, 485, Coffeemachine
Waiting for Coffeemachine, 486, Coffeemachine
Waiting for Coffeemachine, 487, Coffeemachine
Waiting for Coffeemachine, 488, Coffeemachine
Waiting for Coffeemachine, 489, Coffeemachine
Waiting for Coffeemachine, 490, Coffeemachine
Waiting for Coffeemachine, 491, Coffeemachine
Waiting for Coffeemachine, 492, Coffeemachine
Taking the coffee, 493, Coffeemachine
Pressing the button to start Coffeemachine, 494, Coffeemachine
., 495, Coffeemachine
., 496, Coffeemachine
., 497, Coffeemachine
Waiting for Coffeemachine, 498, Coffeemachine
Waiting for Coffeemachine, 499, Coffeemachine
Waiting for Coffeemachine, 500, Coffeemachine
Waiting for Coffeemachine, 501, Coffeemachine
Waiting for Coffeemachine, 502, Coffeemachine
Waiting for Coffeemachine, 503, Coffeemachine
Waiting for Coffeemachine, 504, Coffeemachine
Waiting for Coffeemachine, 505, Coffeemachine
Waiting for Coffeemachine, 506, Coffeemachine
Waiting for Coffeemachine, 507, Coffeemachine
Taking the coffee, 508, Coffeemachine
., 509
Switching power on, 510, Coffeemachine
Pressing the button to start Coffeemachine, 511, Coffeemachine
., 512, Coffeemachine
., 513, Coffeemachine
., 514, Coffeemachine
Waiting for Coffeemachine, 515, Coffeemachine
Waiting for Coffeemachine, 516, Coffeemachine
Waiting for Coffeemachine, 517, Coffeemachine
Waiting for Coffeemachine, 518, Coffeemachine
Pressing button to stop, 519, Coffeemachine
., 520
., 521
., 522
Pressing the button to start Mixer, 523, Mixer
., 524, Mixer
., 525, Mixer
Waiting for Mixer, 526, Mixer
Waiting for Mixer, 527, Mixer
Waiting for Mixer, 528, Mixer
Taking the mixed, 529, Mixer
., 530
., 531
Turning lights on, 532, Lightswitch
., 533
Pressing the button to start Coffeemachine, 534, Coffeemachine
., 535, Coffeemachine
., 536, Coffeemachine
., 537, Coffeemachine
Waiting for Coffeemachine, 538, Coffeemachine
Waiting for Coffeemachine, 539, Coffeemachine
Waiting for Coffeemachine, 540, Coffeemachine
Waiting for Coffeemachine, 541, Coffeemachine
Waiting for Coffeemachine, 542, Coffeemachine
Waiting for Coffeemachine, 543, Coffeemachine
Waiting for Coffeemachine, 544, Coffeemachine
Waiting for Coffeemachine, 545, Coffeemachine
Waiting for Coffeemachine, 546, Coffeemachine
Waiting for Coffeemachine, 547, Coffeemachine
Taking the coffee, 548, Coffeemachine
., 549
., 550
., 551
., 552
Pressing the button to start Coffeemachine, 553, Coffeemachine
., 554, Coffeemachine
., 555, Coffeemachine
Pressing button to stop, 556, Coffeemachine
., 557
., 558
., 559
., 560
Pressing the button to start Coffeemachine, 561, Coffeemachine
., 562, Coffeemachine
., 563, Coffeemachine
., 564, Coffeemachine
., 565, Coffeemachine
Waiting for Coffeemachine, 566, Coffeemachine
Waiting for Coffeemachine, 567, Coffeemachine
Waiting for Coffeemachine, 568, Coffeemachine
Waiting for Coffeemachine, 569, Coffeemachine
Waiting for Coffeemachine, 570, Coffeemachine
Waiting for Coffeemachine, 571, Coffeemachine
Waiting for Coffeemachine, 572, Coffeemachine
Waiting for Coffeemachine, 573, Coffeemachine
Waiting for Coffeemachine, 574, Coffeemachine
Waiting for Coffeemachine, 575, Coffeemachine
Taking the coffee, 576, Coffeemachine
., 577
., 578
., 579
Turning lights off, 580, Lightswitch
., 581
Turning Stereo on, 582, TVstereo
., 583
., 584
., 585
., 586
., 587
., 588
., 589
Pressing the button to start Coffeemachine, 590, Coffeemachine
., 591, Coffeemachine
., 592, Coffeemachine
., 593, Coffeemachine
Waiting for Coffeemachine, 594, Coffeemachine
Waiting for Coffeemachine, 595, Coffeemachine
Waiting for Coffeemachine, 596, Coffeemachine
Waiting for Coffeemachine, 597, Coffeemachine
Waiting for Coffeemachine, 598, Coffeemachine
Waiting for Coffeemachine, 599, Coffeemachine
Waiting for Coffeemachine, 600, Coffeemachine
Waiting for Coffeemachine, 601, Coffeemachine
Waiting for Coffeemachine, 602, Coffeemachine
Waiting for Coffeemachine, 603, Coffeemachine
Taking the coffee, 604, Coffeemachine
Turning Stereo off, 605, TVstereo
Switching power on, 606, Coffeemachine
Pressing the button to start Coffeemachine, 607, Coffeemachine
., 608, Coffeemachine
., 609, Coffeemachine
., 610, Coffeemachine
Waiting for Coffeemachine, 611, Coffeemachine
Waiting for Coffeemachine, 612, Coffeemachine
Waiting for Coffeemachine, 613, Coffeemachine
Waiting for Coffeemachine, 614, Coffeemachine
Waiting for Coffeemachine, 615, Coffeemachine
Waiting for Coffeemachine, 616, Coffeemachine
Waiting for Coffeemachine, 617, Coffeemachine
Pressing button to stop, 618, Coffeemachine
., 619
Turning lights on, 620, Lightswitch
Turning Stereo on, 621, TVstereo
., 622
., 623
., 624
Pressing the button to start Coffeemachine, 625, Coffeemachine
., 626, Coffeemachine
., 627, Coffeemachine
., 628, Coffeemachine
Waiting for Coffeemachine, 629, Coffeemachine
Waiting for Coffeemachine, 630, Coffeemachine
Waiting for Coffeemachine, 631, Coffeemachine
Waiting for Coffeemachine, 632, Coffeemachine
Waiting for Coffeemachine, 633, Coffeemachine
Waiting for Coffeemachine, 634, Coffeemachine
Waiting for Coffeemachine, 635, Coffeemachine
Waiting for Coffeemachine, 636, Coffeemachine
Waiting for Coffeemachine, 637, Coffeemachine
Waiting for Coffeemachine, 638, Coffeemachine
Taking the coffee, 639, Coffeemachine
., 640
Turning lights off, 641, Lightswitch
., 642
., 643
., 644
., 645
., 646
Turning lights on, 647, Lightswitch
Pressing the button to start Mixer, 648, Mixer
., 649, Mixer
., 650, Mixer
., 651, Mixer
Waiting for Mixer, 652, Mixer
Waiting for Mixer, 653, Mixer
Waiting for Mixer, 654, Mixer
Taking the mixed, 655, Mixer
., 656
Turning Stereo off, 657, TVstereo
Turning lights off, 658, Lightswitch
Turning TV on, 659, TVstereo
., 660, TVstereo
., 661, TVstereo
., 662, TVstereo
., 663, TVstereo
., 664, TVstereo
Turning TV off, 665, TVstereo
., 666
., 667
., 668
., 669
., 670
., 671
., 672
., 673
., 674
., 675
., 676
., 677
Pressing the button to start Coffeemachine, 678, Coffeemachine
., 679, Coffeemachine
., 680, Coffeemachine
Waiting for Coffeemachine, 681, Coffeemachine
Pressing button to stop, 682, Coffeemachine
., 683
., 684
., 685
., 686
., 687
., 688
., 689
., 690
., 691
., 692
Pressing the button to start Coffeemachine, 693, Coffeemachine
., 694, Coffeemachine
., 695, Coffeemachine
., 696, Coffeemachine
., 697, Coffeemachine
Waiting for Coffeemachine, 698, Coffeemachine
Waiting for Coffeemachine, 699, Coffeemachine
Waiting for Coffeemachine, 700, Coffeemachine
Waiting for Coffeemachine, 701, Coffeemachine
Waiting for Coffeemachine, 702, Coffeemachine
Waiting for Coffeemachine, 703, Coffeemachine
Waiting for Coffeemachine, 704, Coffeemachine
Waiting for Coffeemachine, 705, Coffeemachine
Waiting for Coffeemachine, 706, Coffeemachine
Pressing button to stop, 707, Coffeemachine
., 708
., 709
Turning TV on, 710, TVstereo
., 711, TVstereo
., 712, TVstereo
., 713, TVstereo
., 714, TVstereo
., 715, TVstereo
., 716, TVstereo
., 717, TVstereo
Turning TV off, 718, TVstereo
., 719
., 720
., 721
., 722
Turning TV on, 723, TVstereo
., 724, TVstereo
., 725, TVstereo
., 726, TVstereo
., 727, TVstereo
., 728, TVstereo
., 729, TVstereo
Turning TV off, 730, TVstereo
Turning TV on, 731, TVstereo
., 732, TVstereo
., 733, TVstereo
., 734, TVstereo
Turning TV off, 735, TVstereo
., 736
Turning TV on, 737, TVstereo
., 738, TVstereo
., 739, TVstereo
., 740, TVstereo
., 741, TVstereo
., 742, TVstereo
., 743, TVstereo
Turning TV off, 744, TVstereo
Switching power on, 745, Coffeemachine
Pressing the button to start Coffeemachine, 746, Coffeemachine
., 747, Coffeemachine
., 748, Coffeemachine
Waiting for Coffeemachine, 749, Coffeemachine
Waiting for Coffeemachine, 750, Coffeemachine
Waiting for Coffeemachine, 751, Coffeemachine
Waiting for Coffeemachine, 752, Coffeemachine
Waiting for Coffeemachine, 753, Coffeemachine
Waiting for Coffeemachine, 754, Coffeemachine
Waiting for Coffeemachine, 755, Coffeemachine
Waiting for Coffeemachine, 756, Coffeemachine
Waiting for Coffeemachine, 757, Coffeemachine
Waiting for Coffeemachine, 758, Coffeemachine
Taking the coffee, 759, Coffeemachine
., 760
., 761
., 762
Pressing the button to start Mixer, 763, Mixer
., 764, Mixer
., 765, Mixer
., 766, Mixer
Waiting for Mixer, 767, Mixer
Waiting for Mixer, 768, Mixer
Waiting for Mixer, 769, Mixer
Taking the mixed, 770, Mixer
Turning lights on, 771, Lightswitch
., 772
Turning TV on, 773, TVstereo
., 774, TVstereo
., 775, TVstereo
., 776, TVstereo
Turning TV off, 777, TVstereo
., 778
., 779
., 780
., 781
Turning lights off, 782, Lightswitch
., 783
Turning lights on, 784, Lightswitch
., 785
., 786
., 787
., 788
., 789
., 790
., 791
., 792
., 793
Turning lights off, 794, Lightswitch
., 795
., 796
., 797
Turning TV on, 798, TVstereo
., 799, TVstereo
., 800, TVstereo
., 801, TVstereo
., 802, TVstereo
., 803, TVstereo
., 804, TVstereo
Turning TV off, 805, TVstereo
., 806
., 807
., 808
., 809
., 810
., 811
., 812
., 813
., 814
., 815
., 816
., 817
Turning Stereo on, 818, TVstereo
Turning Stereo off, 819, TVstereo
., 820
., 821
., 822
., 823
., 824
Turning Stereo on, 825, TVstereo
., 826
., 827
., 828
., 829
., 830
., 831
., 832
., 833
., 834
Turning lights on, 835, Lightswitch
., 836
Turning TV on, 837, TVstereo
., 838, TVstereo
., 839, TVstereo
., 840, TVstereo
., 841, TVstereo
., 842, TVstereo
., 843, TVstereo
Turning TV off, 844, TVstereo
., 845
., 846
., 847
Turning Stereo off, 848, TVstereo
., 849
., 850
., 851
., 852
., 853
., 854
., 855
., 856
., 857
., 858
., 859
., 860
., 861
Turning TV on, 862, TVstereo
., 863, TVstereo
., 864, TVstereo
., 865, TVstereo
., 866, TVstereo
Turning TV off, 867, TVstereo
., 868
., 869
., 870
., 871
., 872
., 873
., 874
Switching power on, 875, Coffeemachine
Pressing the button to start Coffeemachine, 876, Coffeemachine
., 877, Coffeemachine
., 878, Coffeemachine
., 879, Coffeemachine
Waiting for Coffeemachine, 880, Coffeemachine
Waiting for Coffeemachine, 881, Coffeemachine
Waiting for Coffeemachine, 882, Coffeemachine
Waiting for Coffeemachine, 883, Coffeemachine
Waiting for Coffeemachine, 884, Coffeemachine
Waiting for Coffeemachine, 885, Coffeemachine
Waiting for Coffeemachine, 886, Coffeemachine
Waiting for Coffeemachine, 887, Coffeemachine
Pressing button to stop, 888, Coffeemachine
Pressing the button to start Coffeemachine, 889, Coffeemachine
., 890, Coffeemachine
., 891, Coffeemachine
., 892, Coffeemachine
Waiting for Coffeemachine, 893, Coffeemachine
Waiting for Coffeemachine, 894, Coffeemachine
Waiting for Coffeemachine, 895, Coffeemachine
Waiting for Coffeemachine, 896, Coffeemachine
Waiting for Coffeemachine, 897, Coffeemachine
Waiting for Coffeemachine, 898, Coffeemachine
Waiting for Coffeemachine, 899, Coffeemachine
Waiting for Coffeemachine, 900, Coffeemachine
Waiting for Coffeemachine, 901, Coffeemachine
Waiting for Coffeemachine, 902, Coffeemachine
Taking the coffee, 903, Coffeemachine
., 904
., 905
., 906
., 907
., 908
., 909
., 910
., 911
., 912
., 913
., 914
., 915
., 916
., 917
., 918
., 919
., 920
., 921
Pressing the button to start Mixer, 922, Mixer
., 923, Mixer
., 924, Mixer
., 925, Mixer
Waiting for Mixer, 926, Mixer
Waiting for Mixer, 927, Mixer
Waiting for Mixer, 928, Mixer
Taking the mixed, 929, Mixer
., 930
Turning lights off, 931, Lightswitch
., 932
., 933
., 934
., 935
Turning Stereo on, 936, TVstereo
Turning Stereo off, 937, TVstereo
., 938
., 939
., 940
., 941
., 942
., 943
., 944
Turning TV on, 945, TVstereo
., 946, TVstereo
., 947, TVstereo
., 948, TVstereo
., 949, TVstereo
., 950, TVstereo
Turning TV off, 951, TVstereo
., 952
Turning lights on, 953, Lightswitch
Turning TV on, 954, TVstereo
., 955, TVstereo
., 956, TVstereo
., 957, TVstereo
., 958, TVstereo
., 959, TVstereo
., 960, TVstereo
Turning TV off, 961, TVstereo
Turning TV on, 962, TVstereo
., 963, TVstereo
., 964, TVstereo
., 965, TVstereo
., 966, TVstereo
., 967, TVstereo
Turning TV off, 968, TVstereo
Turning Stereo on, 969, TVstereo
., 970
., 971
., 972
., 973
Turning Stereo off, 974, TVstereo
., 975
., 976
., 977
., 978
., 979
., 980
., 981
Switching power on, 982, Coffeemachine
Pressing the button to start Coffeemachine, 983, Coffeemachine
., 984, Coffeemachine
., 985, Coffeemachine
., 986, Coffeemachine
Waiting for Coffeemachine, 987, Coffeemachine
Waiting for Coffeemachine, 988, Coffeemachine
Waiting for Coffeemachine, 989, Coffeemachine
Waiting for Coffeemachine, 990, Coffeemachine
Waiting for Coffeemachine, 991, Coffeemachine
Waiting for Coffeemachine, 992, Coffeemachine
Waiting for Coffeemachine, 993, Coffeemachine
Waiting for Coffeemachine, 994, Coffeemachine
Waiting for Coffeemachine, 995, Coffeemachine
Waiting for Coffeemachine, 996, Coffeemachine
Taking the coffee, 997, Coffeemachine
., 998
Turning TV on, 999, TVstereo
., 1000, TVstereo
., 1001, TVstereo
., 1002, TVstereo
., 1003, TVstereo
., 1004, TVstereo
., 1005, TVstereo
., 1006, TVstereo
Turning TV off, 1007, TVstereo
Pressing the button to start Mixer, 1008, Mixer
., 1009, Mixer
., 1010, Mixer
., 1011, Mixer
Waiting for Mixer, 1012, Mixer
Waiting for Mixer, 1013, Mixer
Waiting for Mixer, 1014, Mixer
Taking the mixed, 1015, Mixer
Turning TV on, 1016, TVstereo
., 1017, TVstereo
., 1018, TVstereo
., 1019, TVstereo
., 1020, TVstereo
Turning TV off, 1021, TVstereo
., 1022
., 1023
., 1024
., 1025
., 1026
., 1027
., 1028
., 1029
., 1030
., 1031
., 1032
., 1033
Turning Stereo on, 1034, TVstereo
., 1035
., 1036
Turning TV on, 1037, TVstereo
., 1038, TVstereo
., 1039, TVstereo
., 1040, TVstereo
., 1041, TVstereo
., 1042, TVstereo
Turning TV off, 1043, TVstereo
., 1044
., 1045
., 1046
Turning TV on, 1047, TVstereo
., 1048, TVstereo
., 1049, TVstereo
., 1050, TVstereo
., 1051, TVstereo
., 1052, TVstereo
Turning TV off, 1053, TVstereo
., 1054
Switching power on, 1055, Coffeemachine
Pressing the button to start Coffeemachine, 1056, Coffeemachine
., 1057, Coffeemachine
., 1058, Coffeemachine
., 1059, Coffeemachine
., 1060, Coffeemachine
Waiting for Coffeemachine, 1061, Coffeemachine
Waiting for Coffeemachine, 1062, Coffeemachine
Waiting for Coffeemachine, 1063, Coffeemachine
Pressing button to stop, 1064, Coffeemachine
., 1065
., 1066
., 1067
., 1068
Turning Stereo off, 1069, TVstereo
., 1070
., 1071
., 1072
Turning lights off, 1073, Lightswitch
., 1074
Pressing the button to start Coffeemachine, 1075, Coffeemachine
., 1076, Coffeemachine
., 1077, Coffeemachine
., 1078, Coffeemachine
., 1079, Coffeemachine
Waiting for Coffeemachine, 1080, Coffeemachine
Waiting for Coffeemachine, 1081, Coffeemachine
Waiting for Coffeemachine, 1082, Coffeemachine
Waiting for Coffeemachine, 1083, Coffeemachine
Waiting for Coffeemachine, 1084, Coffeemachine
Waiting for Coffeemachine, 1085, Coffeemachine
Waiting for Coffeemachine, 1086, Coffeemachine
Waiting for Coffeemachine, 1087, Coffeemachine
Waiting for Coffeemachine, 1088, Coffeemachine
Waiting for Coffeemachine, 1089, Coffeemachine
Taking the coffee, 1090, Coffeemachine
., 1091
., 1092
Turning TV on, 1093, TVstereo
., 1094, TVstereo
., 1095, TVstereo
., 1096, TVstereo
., 1097, TVstereo
., 1098, TVstereo
Turning TV off, 1099, TVstereo
Switching power on, 1100, Coffeemachine
Pressing the button to start Coffeemachine, 1101, Coffeemachine
., 1102, Coffeemachine
., 1103, Coffeemachine
Waiting for Coffeemachine, 1104, Coffeemachine
Pressing button to stop, 1105, Coffeemachine
Turning Stereo on, 1106, TVstereo
., 1107
., 1108
., 1109
., 1110
., 1111
Turning Stereo off, 1112, TVstereo
., 1113
., 1114
Turning TV on, 1115, TVstereo
., 1116, TVstereo
., 1117, TVstereo
., 1118, TVstereo
., 1119, TVstereo
., 1120, TVstereo
Turning TV off, 1121, TVstereo
., 1122
., 1123
., 1124
., 1125
Pressing the button to start Mixer, 1126, Mixer
., 1127, Mixer
., 1128, Mixer
., 1129, Mixer
Waiting for Mixer, 1130, Mixer
Waiting for Mixer, 1131, Mixer
Waiting for Mixer, 1132, Mixer
Taking the mixed, 1133, Mixer
Turning Stereo on, 1134, TVstereo
Turning Stereo on, 1135, TVstereo
Turning lights on, 1136, Lightswitch
., 1137
Pressing the button to start Coffeemachine, 1138, Coffeemachine
., 1139, Coffeemachine
., 1140, Coffeemachine
Waiting for Coffeemachine, 1141, Coffeemachine
Waiting for Coffeemachine, 1142, Coffeemachine
Waiting for Coffeemachine, 1143, Coffeemachine
Waiting for Coffeemachine, 1144, Coffeemachine
Pressing button to stop, 1145, Coffeemachine
., 1146
., 1147
., 1148
., 1149
., 1150
Turning Stereo off, 1151, TVstereo
Turning TV on, 1152, TVstereo
., 1153, TVstereo
., 1154, TVstereo
., 1155, TVstereo
., 1156, TVstereo
., 1157, TVstereo
., 1158, TVstereo
Turning TV off, 1159, TVstereo
., 1160
., 1161
., 1162
., 1163
., 1164
., 1165
., 1166
., 1167
., 1168
., 1169
., 1170
., 1171
Turning Stereo on, 1172, TVstereo
., 1173
Turning Stereo off, 1174, TVstereo
., 1175
., 1176
., 1177
Pressing the button to start Coffeemachine, 1178, Coffeemachine
., 1179, Coffeemachine
., 1180, Coffeemachine
., 1181, Coffeemachine
., 1182, Coffeemachine
Waiting for Coffeemachine, 1183, Coffeemachine
Waiting for Coffeemachine, 1184, Coffeemachine
Waiting for Coffeemachine, 1185, Coffeemachine
Pressing button to stop, 1186, Coffeemachine
., 1187
., 1188
., 1189
Turning Stereo on, 1190, TVstereo
Pressing the button to start Coffeemachine, 1191, Coffeemachine
., 1192, Coffeemachine
., 1193, Coffeemachine
Waiting for Coffeemachine, 1194, Coffeemachine
Waiting for Coffeemachine, 1195, Coffeemachine
Waiting for Coffeemachine, 1196, Coffeemachine
Pressing button to stop, 1197, Coffeemachine
., 1198
., 1199
., 1200
., 1201
., 1202
., 1203
Turning Stereo off, 1204, TVstereo
Turning lights off, 1205, Lightswitch
., 1206
., 1207
., 1208
., 1209
., 1210
., 1211
., 1212
., 1213
., 1214
., 1215
., 1216
., 1217
Turning TV on, 1218, TVstereo
., 1219, TVstereo
., 1220, TVstereo
., 1221, TVstereo
., 1222, TVstereo
., 1223, TVstereo
., 1224, TVstereo
., 1225, TVstereo
Turning TV off, 1226, TVstereo
., 1227
., 1228
., 1229
Switching power on, 1230, Coffeemachine
Pressing the button to start Coffeemachine, 1231, Coffeemachine
., 1232, Coffeemachine
., 1233, Coffeemachine
Waiting for Coffeemachine, 1234, Coffeemachine
Waiting for Coffeemachine, 1235, Coffeemachine
Waiting for Coffeemachine, 1236, Coffeemachine
Waiting for Coffeemachine, 1237, Coffeemachine
Waiting for Coffeemachine, 1238, Coffeemachine
Waiting for Coffeemachine, 1239, Coffeemachine
Waiting for Coffeemachine, 1240, Coffeemachine
Waiting for Coffeemachine, 1241, Coffeemachine
Pressing button to stop, 1242, Coffeemachine
., 1243
., 1244
Turning Stereo on, 1245, TVstereo
., 1246
Pressing the button to start Mixer, 1247, Mixer
., 1248, Mixer
., 1249, Mixer
., 1250, Mixer
Waiting for Mixer, 1251, Mixer
Waiting for Mixer, 1252, Mixer
Waiting for Mixer, 1253, Mixer
Taking the mixed, 1254, Mixer
., 1255
Turning lights on, 1256, Lightswitch
., 1257
., 1258
., 1259
Pressing the button to start Coffeemachine, 1260, Coffeemachine
., 1261, Coffeemachine
., 1262, Coffeemachine
Waiting for Coffeemachine, 1263, Coffeemachine
Waiting for Coffeemachine, 1264, Coffeemachine
Waiting for Coffeemachine, 1265, Coffeemachine
Waiting for Coffeemachine, 1266, Coffeemachine
Waiting for Coffeemachine, 1267, Coffeemachine
Waiting for Coffeemachine, 1268, Coffeemachine
Waiting for Coffeemachine, 1269, Coffeemachine
Waiting for Coffeemachine, 1270, Coffeemachine
Waiting for Coffeemachine, 1271, Coffeemachine
Waiting for Coffeemachine, 1272, Coffeemachine
Taking the coffee, 1273, Coffeemachine
., 1274
., 1275
., 1276
., 1277
., 1278
., 1279
Turning TV on, 1280, TVstereo
., 1281, TVstereo
., 1282, TVstereo
., 1283, TVstereo
., 1284, TVstereo
., 1285, TVstereo
Turning TV off, 1286, TVstereo
., 1287
., 1288
Turning lights off, 1289, Lightswitch
., 1290
., 1291
Turning TV on, 1292, TVstereo
., 1293, TVstereo
., 1294, TVstereo
., 1295, TVstereo
., 1296, TVstereo
., 1297, TVstereo
., 1298, TVstereo
., 1299, TVstereo
Turning TV off, 1300, TVstereo
., 1301
Turning TV on, 1302, TVstereo
., 1303, TVstereo
., 1304, TVstereo
., 1305, TVstereo
., 1306, TVstereo
., 1307, TVstereo
., 1308, TVstereo
Turning TV off, 1309, TVstereo
Turning lights on, 1310, Lightswitch
Turning Stereo on, 1311, TVstereo
., 1312
., 1313
., 1314
., 1315
., 1316
., 1317
Turning TV on, 1318, TVstereo
., 1319, TVstereo
., 1320, TVstereo
., 1321, TVstereo
., 1322, TVstereo
., 1323, TVstereo
., 1324, TVstereo
., 1325, TVstereo
Turning TV off, 1326, TVstereo
., 1327
., 1328
., 1329
., 1330
., 1331
., 1332
., 1333
., 1334
., 1335
., 1336
., 1337
., 1338
., 1339
., 1340
., 1341
Pressing the button to start Mixer, 1342, Mixer
., 1343, Mixer
., 1344, Mixer
Waiting for Mixer, 1345, Mixer
Waiting for Mixer, 1346, Mixer
Waiting for Mixer, 1347, Mixer
Taking the mixed, 1348, Mixer
Turning lights off, 1349, Lightswitch
., 1350
Switching power on, 1351, Coffeemachine
Pressing the button to start Coffeemachine, 1352, Coffeemachine
., 1353, Coffeemachine
., 1354, Coffeemachine
., 1355, Coffeemachine
., 1356, Coffeemachine
Waiting for Coffeemachine, 1357, Coffeemachine
Waiting for Coffeemachine, 1358, Coffeemachine
Waiting for Coffeemachine, 1359, Coffeemachine
Waiting for Coffeemachine, 1360, Coffeemachine
Waiting for Coffeemachine, 1361, Coffeemachine
Waiting for Coffeemachine, 1362, Coffeemachine
Waiting for Coffeemachine, 1363, Coffeemachine
Waiting for Coffeemachine, 1364, Coffeemachine
Waiting for Coffeemachine, 1365, Coffeemachine
Pressing button to stop, 1366, Coffeemachine
., 1367
., 1368
., 1369
., 1370
., 1371
., 1372
., 1373
., 1374
., 1375
., 1376
., 1377
., 1378
., 1379
Pressing the button to start Coffeemachine, 1380, Coffeemachine
., 1381, Coffeemachine
., 1382, Coffeemachine
., 1383, Coffeemachine
., 1384, Coffeemachine
Waiting for Coffeemachine, 1385, Coffeemachine
Waiting for Coffeemachine, 1386, Coffeemachine
Waiting for Coffeemachine, 1387, Coffeemachine
Pressing button to stop, 1388, Coffeemachine
Turning Stereo off, 1389, TVstereo
., 1390
., 1391
., 1392
Turning lights on, 1393, Lightswitch
Turning TV on, 1394, TVstereo
., 1395, TVstereo
., 1396, TVstereo
., 1397, TVstereo
., 1398, TVstereo
Turning TV off, 1399, TVstereo
., 1400
., 1401
Turning lights off, 1402, Lightswitch
., 1403
., 1404
., 1405
., 1406
Turning lights on, 1407, Lightswitch
., 1408
., 1409
., 1410
., 1411
., 1412
., 1413
., 1414
., 1415
., 1416
Turning lights off, 1417, Lightswitch
., 1418
., 1419
., 1420
., 1421
., 1422
., 1423
., 1424
Turning TV on, 1425, TVstereo
., 1426, TVstereo
., 1427, TVstereo
., 1428, TVstereo
., 1429, TVstereo
Turning TV off, 1430, TVstereo
., 1431
., 1432
., 1433
., 1434
Turning TV on, 1435, TVstereo
., 1436, TVstereo
., 1437, TVstereo
., 1438, TVstereo
., 1439, TVstereo
., 1440, TVstereo
Turning TV off, 1441, TVstereo
., 1442
., 1443
., 1444
Pressing the button to start Mixer, 1445, Mixer
., 1446, Mixer
., 1447, Mixer
Waiting for Mixer, 1448, Mixer
Waiting for Mixer, 1449, Mixer
Waiting for Mixer, 1450, Mixer
Taking the mixed, 1451, Mixer
., 1452
., 1453
., 1454
Turning Stereo on, 1455, TVstereo
., 1456
., 1457
., 1458
., 1459
., 1460
., 1461
., 1462
., 1463
., 1464
Turning TV on, 1465, TVstereo
., 1466, TVstereo
., 1467, TVstereo
., 1468, TVstereo
., 1469, TVstereo
Turning TV off, 1470, TVstereo
., 1471
., 1472
., 1473
Turning Stereo off, 1474, TVstereo
., 1475
Turning TV on, 1476, TVstereo
., 1477, TVstereo
., 1478, TVstereo
., 1479, TVstereo
., 1480, TVstereo
Turning TV off, 1481, TVstereo
Turning TV on, 1482, TVstereo
., 1483, TVstereo
., 1484, TVstereo
., 1485, TVstereo
., 1486, TVstereo
Turning TV off, 1487, TVstereo
., 1488
., 1489
., 1490
., 1491
Turning TV on, 1492, TVstereo
., 1493, TVstereo
., 1494, TVstereo
., 1495, TVstereo
., 1496, TVstereo
., 1497, TVstereo
Turning TV off, 1498, TVstereo
Switching power on, 1499, Coffeemachine
Pressing the button to start Coffeemachine, 1500, Coffeemachine
., 1501, Coffeemachine
., 1502, Coffeemachine
., 1503, Coffeemachine
Waiting for Coffeemachine, 1504, Coffeemachine
Waiting for Coffeemachine, 1505, Coffeemachine
Waiting for Coffeemachine, 1506, Coffeemachine
Waiting for Coffeemachine, 1507, Coffeemachine
Waiting for Coffeemachine, 1508, Coffeemachine
Waiting for Coffeemachine, 1509, Coffeemachine
Waiting for Coffeemachine, 1510, Coffeemachine
Waiting for Coffeemachine, 1511, Coffeemachine
Waiting for Coffeemachine, 1512, Coffeemachine
Waiting for Coffeemachine, 1513, Coffeemachine
Taking the coffee, 1514, Coffeemachine
Switching power on, 1515, Coffeemachine
Pressing the button to start Coffeemachine, 1516, Coffeemachine
., 1517, Coffeemachine
., 1518, Coffeemachine
Waiting for Coffeemachine, 1519, Coffeemachine
Waiting for Coffeemachine, 1520, Coffeemachine
Waiting for Coffeemachine, 1521, Coffeemachine
Waiting for Coffeemachine, 1522, Coffeemachine
Waiting for Coffeemachine, 1523, Coffeemachine
Waiting for Coffeemachine, 1524, Coffeemachine
Waiting for Coffeemachine, 1525, Coffeemachine
Waiting for Coffeemachine, 1526, Coffeemachine
Waiting for Coffeemachine, 1527, Coffeemachine
Waiting for Coffeemachine, 1528, Coffeemachine
Taking the coffee, 1529, Coffeemachine
., 1530
., 1531
., 1532
., 1533
., 1534
., 1535
., 1536
., 1537
., 1538
., 1539
., 1540
Turning Stereo on, 1541, TVstereo
., 1542
., 1543
., 1544
., 1545
., 1546
., 1547
Pressing the button to start Coffeemachine, 1548, Coffeemachine
., 1549, Coffeemachine
., 1550, Coffeemachine
Waiting for Coffeemachine, 1551, Coffeemachine
Waiting for Coffeemachine, 1552, Coffeemachine
Waiting for Coffeemachine, 1553, Coffeemachine
Waiting for Coffeemachine, 1554, Coffeemachine
Waiting for Coffeemachine, 1555, Coffeemachine
Waiting for Coffeemachine, 1556, Coffeemachine
Waiting for Coffeemachine, 1557, Coffeemachine
Waiting for Coffeemachine, 1558, Coffeemachine
Waiting for Coffeemachine, 1559, Coffeemachine
Waiting for Coffeemachine, 1560, Coffeemachine
Taking the coffee, 1561, Coffeemachine
., 1562
., 1563
., 1564
., 1565
Turning lights on, 1566, Lightswitch
., 1567
., 1568
., 1569
., 1570
Turning Stereo off, 1571, TVstereo
., 1572
., 1573
., 1574
Pressing the button to start Coffeemachine, 1575, Coffeemachine
., 1576, Coffeemachine
., 1577, Coffeemachine
., 1578, Coffeemachine
., 1579, Coffeemachine
Pressing button to stop, 1580, Coffeemachine
., 1581
., 1582
., 1583
., 1584
., 1585
., 1586
Turning TV on, 1587, TVstereo
., 1588, TVstereo
., 1589, TVstereo
., 1590, TVstereo
., 1591, TVstereo
., 1592, TVstereo
Turning TV off, 1593, TVstereo
., 1594
., 1595
Pressing the button to start Coffeemachine, 1596, Coffeemachine
., 1597, Coffeemachine
., 1598, Coffeemachine
., 1599, Coffeemachine
Waiting for Coffeemachine, 1600, Coffeemachine
Waiting for Coffeemachine, 1601, Coffeemachine
Waiting for Coffeemachine, 1602, Coffeemachine
Waiting for Coffeemachine, 1603, Coffeemachine
Waiting for Coffeemachine, 1604, Coffeemachine
Waiting for Coffeemachine, 1605, Coffeemachine
Waiting for Coffeemachine, 1606, Coffeemachine
Waiting for Coffeemachine, 1607, Coffeemachine
Waiting for Coffeemachine, 1608, Coffeemachine
Waiting for Coffeemachine, 1609, Coffeemachine
Taking the coffee, 1610, Coffeemachine
Turning TV on, 1611, TVstereo
., 1612, TVstereo
., 1613, TVstereo
., 1614, TVstereo
., 1615, TVstereo
., 1616, TVstereo
., 1617, TVstereo
., 1618, TVstereo
Turning TV off, 1619, TVstereo
., 1620
., 1621
., 1622
., 1623
., 1624
., 1625
Turning lights off, 1626, Lightswitch
., 1627
., 1628
Turning TV on, 1629, TVstereo
., 1630, TVstereo
., 1631, TVstereo
., 1632, TVstereo
., 1633, TVstereo
., 1634, TVstereo
., 1635, TVstereo
Turning TV off, 1636, TVstereo
Turning lights on, 1637, Lightswitch
., 1638
., 1639
., 1640
., 1641
., 1642
., 1643
Turning Stereo on, 1644, TVstereo
., 1645
., 1646
., 1647
., 1648
Turning lights off, 1649, Lightswitch
., 1650
., 1651
., 1652
., 1653
., 1654
., 1655
., 1656
., 1657
., 1658
Switching power on, 1659, Coffeemachine
Pressing the button to start Coffeemachine, 1660, Coffeemachine
., 1661, Coffeemachine
., 1662, Coffeemachine
., 1663, Coffeemachine
Waiting for Coffeemachine, 1664, Coffeemachine
Waiting for Coffeemachine, 1665, Coffeemachine
Waiting for Coffeemachine, 1666, Coffeemachine
Waiting for Coffeemachine, 1667, Coffeemachine
Waiting for Coffeemachine, 1668, Coffeemachine
Waiting for Coffeemachine, 1669, Coffeemachine
Waiting for Coffeemachine, 1670, Coffeemachine
Waiting for Coffeemachine, 1671, Coffeemachine
Waiting for Coffeemachine, 1672, Coffeemachine
Waiting for Coffeemachine, 1673, Coffeemachine
Taking the coffee, 1674, Coffeemachine
., 1675
., 1676
Turning Stereo off, 1677, TVstereo
Turning lights on, 1678, Lightswitch
., 1679
., 1680
., 1681
., 1682
Pressing the button to start Mixer, 1683, Mixer
., 1684, Mixer
., 1685, Mixer
., 1686, Mixer
Waiting for Mixer, 1687, Mixer
Waiting for Mixer, 1688, Mixer
Waiting for Mixer, 1689, Mixer
Taking the mixed, 1690, Mixer
Pressing the button to start Coffeemachine, 1691, Coffeemachine
., 1692, Coffeemachine
., 1693, Coffeemachine
., 1694, Coffeemachine
., 1695, Coffeemachine
Waiting for Coffeemachine, 1696, Coffeemachine
Waiting for Coffeemachine, 1697, Coffeemachine
Waiting for Coffeemachine, 1698, Coffeemachine
Waiting for Coffeemachine, 1699, Coffeemachine
Waiting for Coffeemachine, 1700, Coffeemachine
Waiting for Coffeemachine, 1701, Coffeemachine
Waiting for Coffeemachine, 1702, Coffeemachine
Waiting for Coffeemachine, 1703, Coffeemachine
Waiting for Coffeemachine, 1704, Coffeemachine
Waiting for Coffeemachine, 1705, Coffeemachine
Taking the coffee, 1706, Coffeemachine
., 1707
., 1708
., 1709
Switching power on, 1710, Coffeemachine
Pressing the button to start Coffeemachine, 1711, Coffeemachine
., 1712, Coffeemachine
., 1713, Coffeemachine
., 1714, Coffeemachine
., 1715, Coffeemachine
Waiting for Coffeemachine, 1716, Coffeemachine
Waiting for Coffeemachine, 1717, Coffeemachine
Waiting for Coffeemachine, 1718, Coffeemachine
Waiting for Coffeemachine, 1719, Coffeemachine
Waiting for Coffeemachine, 1720, Coffeemachine
Waiting for Coffeemachine, 1721, Coffeemachine
Pressing button to stop, 1722, Coffeemachine
., 1723
., 1724
Pressing the button to start Coffeemachine, 1725, Coffeemachine
., 1726, Coffeemachine
., 1727, Coffeemachine
., 1728, Coffeemachine
., 1729, Coffeemachine
Pressing button to stop, 1730, Coffeemachine
., 1731
., 1732
., 1733
., 1734
Turning Stereo on, 1735, TVstereo
., 1736
., 1737
., 1738
., 1739
., 1740
., 1741
., 1742
Pressing the button to start Coffeemachine, 1743, Coffeemachine
., 1744, Coffeemachine
., 1745, Coffeemachine
., 1746, Coffeemachine
., 1747, Coffeemachine
Waiting for Coffeemachine, 1748, Coffeemachine
Waiting for Coffeemachine, 1749, Coffeemachine
Waiting for Coffeemachine, 1750, Coffeemachine
Waiting for Coffeemachine, 1751, Coffeemachine
Waiting for Coffeemachine, 1752, Coffeemachine
Waiting for Coffeemachine, 1753, Coffeemachine
Waiting for Coffeemachine, 1754, Coffeemachine
Waiting for Coffeemachine, 1755, Coffeemachine
Waiting for Coffeemachine, 1756, Coffeemachine
Waiting for Coffeemachine, 1757, Coffeemachine
Taking the coffee, 1758, Coffeemachine
., 1759
., 1760
., 1761
., 1762
., 1763
., 1764
., 1765
Pressing the button to start Coffeemachine, 1766, Coffeemachine
., 1767, Coffeemachine
., 1768, Coffeemachine
., 1769, Coffeemachine
., 1770, Coffeemachine
Waiting for Coffeemachine, 1771, Coffeemachine
Waiting for Coffeemachine, 1772, Coffeemachine
Waiting for Coffeemachine, 1773, Coffeemachine
Waiting for Coffeemachine, 1774, Coffeemachine
Waiting for Coffeemachine, 1775, Coffeemachine
Waiting for Coffeemachine, 1776, Coffeemachine
Waiting for Coffeemachine, 1777, Coffeemachine
Pressing button to stop, 1778, Coffeemachine
., 1779
., 1780
Turning Stereo off, 1781, TVstereo
., 1782
., 1783
Turning lights off, 1784, Lightswitch
., 1785
Pressing the button to start Mixer, 1786, Mixer
., 1787, Mixer
., 1788, Mixer
., 1789, Mixer
Waiting for Mixer, 1790, Mixer
Waiting for Mixer, 1791, Mixer
Waiting for Mixer, 1792, Mixer
Taking the mixed, 1793, Mixer
., 1794
., 1795
Turning Stereo on, 1796, TVstereo
Turning TV on, 1797, TVstereo
., 1798, TVstereo
., 1799, TVstereo
., 1800, TVstereo
., 1801, TVstereo
., 1802, TVstereo
., 1803, TVstereo
Turning TV off, 1804, TVstereo
., 1805
., 1806
., 1807
., 1808
., 1809
., 1810
., 1811
., 1812
., 1813
., 1814
., 1815
Turning Stereo on, 1816, TVstereo
., 1817
Switching power on, 1818, Coffeemachine
Pressing the button to start Coffeemachine, 1819, Coffeemachine
., 1820, Coffeemachine
., 1821, Coffeemachine
., 1822, Coffeemachine
Pressing button to stop, 1823, Coffeemachine
., 1824
., 1825
., 1826
., 1827
., 1828
Turning lights on, 1829, Lightswitch
Turning TV on, 1830, TVstereo
., 1831, TVstereo
., 1832, TVstereo
., 1833, TVstereo
., 1834, TVstereo
., 1835, TVstereo
., 1836, TVstereo
., 1837, TVstereo
Turning TV off, 1838, TVstereo
., 1839
., 1840
., 1841
., 1842
., 1843
., 1844
Turning Stereo off, 1845, TVstereo
., 1846
., 1847
., 1848
., 1849
., 1850
., 1851
., 1852
Turning lights off, 1853, Lightswitch
., 1854
., 1855
., 1856
Turning TV on, 1857, TVstereo
., 1858, TVstereo
., 1859, TVstereo
., 1860, TVstereo
., 1861, TVstereo
Turning TV off, 1862, TVstereo
., 1863
., 1864
., 1865
Turning Stereo on, 1866, TVstereo
., 1867
., 1868
., 1869
., 1870
., 1871
Turning TV on, 1872, TVstereo
., 1873, TVstereo
., 1874, TVstereo
., 1875, TVstereo
., 1876, TVstereo
., 1877, TVstereo
Turning TV off, 1878, TVstereo
., 1879
., 1880
., 1881
., 1882
Pressing the button to start Mixer, 1883, Mixer
., 1884, Mixer
., 1885, Mixer
., 1886, Mixer
Waiting for Mixer, 1887, Mixer
Waiting for Mixer, 1888, Mixer
Waiting for Mixer, 1889, Mixer
Taking the mixed, 1890, Mixer
., 1891
., 1892
., 1893
., 1894
., 1895
., 1896
., 1897
., 1898
., 1899
., 1900
., 1901
., 1902
., 1903
., 1904
., 1905
., 1906
., 1907
., 1908
., 1909
., 1910
., 1911
., 1912
Turning TV on, 1913, TVstereo
., 1914, TVstereo
., 1915, TVstereo
., 1916, TVstereo
., 1917, TVstereo
., 1918, TVstereo
Turning TV off, 1919, TVstereo
., 1920
., 1921
Turning TV on, 1922, TVstereo
., 1923, TVstereo
., 1924, TVstereo
., 1925, TVstereo
., 1926, TVstereo
Turning TV off, 1927, TVstereo
Switching power on, 1928, Coffeemachine
Pressing the button to start Coffeemachine, 1929, Coffeemachine
., 1930, Coffeemachine
., 1931, Coffeemachine
., 1932, Coffeemachine
Waiting for Coffeemachine, 1933, Coffeemachine
Waiting for Coffeemachine, 1934, Coffeemachine
Waiting for Coffeemachine, 1935, Coffeemachine
Waiting for Coffeemachine, 1936, Coffeemachine
Waiting for Coffeemachine, 1937, Coffeemachine
Waiting for Coffeemachine, 1938, Coffeemachine
Waiting for Coffeemachine, 1939, Coffeemachine
Pressing button to stop, 1940, Coffeemachine
., 1941
Turning Stereo off, 1942, TVstereo
Turning Stereo on, 1943, TVstereo
Turning TV on, 1944, TVstereo
., 1945, TVstereo
., 1946, TVstereo
., 1947, TVstereo
., 1948, TVstereo
Turning TV off, 1949, TVstereo
., 1950
., 1951
., 1952
., 1953
., 1954
., 1955
., 1956
., 1957
., 1958
Pressing the button to start Coffeemachine, 1959, Coffeemachine
., 1960, Coffeemachine
., 1961, Coffeemachine
., 1962, Coffeemachine
., 1963, Coffeemachine
Waiting for Coffeemachine, 1964, Coffeemachine
Waiting for Coffeemachine, 1965, Coffeemachine
Waiting for Coffeemachine, 1966, Coffeemachine
Waiting for Coffeemachine, 1967, Coffeemachine
Waiting for Coffeemachine, 1968, Coffeemachine
Waiting for Coffeemachine, 1969, Coffeemachine
Waiting for Coffeemachine, 1970, Coffeemachine
Waiting for Coffeemachine, 1971, Coffeemachine
Waiting for Coffeemachine, 1972, Coffeemachine
Waiting for Coffeemachine, 1973, Coffeemachine
Taking the coffee, 1974, Coffeemachine
., 1975
., 1976
Pressing the button to start Mixer, 1977, Mixer
., 1978, Mixer
., 1979, Mixer
., 1980, Mixer
Waiting for Mixer, 1981, Mixer
Waiting for Mixer, 1982, Mixer
Waiting for Mixer, 1983, Mixer
Taking the mixed, 1984, Mixer
Turning TV on, 1985, TVstereo
., 1986, TVstereo
., 1987, TVstereo
., 1988, TVstereo
., 1989, TVstereo
Turning TV off, 1990, TVstereo
Pressing the button to start Coffeemachine, 1991, Coffeemachine
., 1992, Coffeemachine
., 1993, Coffeemachine
Waiting for Coffeemachine, 1994, Coffeemachine
Waiting for Coffeemachine, 1995, Coffeemachine
Pressing button to stop, 1996, Coffeemachine
Turning Stereo on, 1997, TVstereo
Turning Stereo off, 1998, TVstereo
., 1999
., 2000
., 2001
., 2002
., 2003
., 2004
., 2005
Turning TV on, 2006, TVstereo
., 2007, TVstereo
., 2008, TVstereo
., 2009, TVstereo
., 2010, TVstereo
., 2011, TVstereo
., 2012, TVstereo
Turning TV off, 2013, TVstereo
., 2014
., 2015
Turning TV on, 2016, TVstereo
., 2017, TVstereo
., 2018, TVstereo
., 2019, TVstereo
., 2020, TVstereo
., 2021, TVstereo
Turning TV off, 2022, TVstereo
., 2023
Turning TV on, 2024, TVstereo
., 2025, TVstereo
., 2026, TVstereo
., 2027, TVstereo
., 2028, TVstereo
., 2029, TVstereo
Turning TV off, 2030, TVstereo
Switching power on, 2031, Coffeemachine
Pressing the button to start Coffeemachine, 2032, Coffeemachine
., 2033, Coffeemachine
., 2034, Coffeemachine
., 2035, Coffeemachine
., 2036, Coffeemachine
Pressing button to stop, 2037, Coffeemachine
., 2038
., 2039
Pressing the button to start Coffeemachine, 2040, Coffeemachine
., 2041, Coffeemachine
., 2042, Coffeemachine
., 2043, Coffeemachine
., 2044, Coffeemachine
Pressing button to stop, 2045, Coffeemachine
Turning lights on, 2046, Lightswitch
., 2047
., 2048
., 2049
., 2050
., 2051
., 2052
., 2053
., 2054
., 2055
Turning Stereo on, 2056, TVstereo
., 2057
., 2058
Turning lights off, 2059, Lightswitch
., 2060
Turning Stereo off, 2061, TVstereo
., 2062
., 2063
., 2064
Pressing the button to start Coffeemachine, 2065, Coffeemachine
., 2066, Coffeemachine
., 2067, Coffeemachine
., 2068, Coffeemachine
., 2069, Coffeemachine
Waiting for Coffeemachine, 2070, Coffeemachine
Waiting for Coffeemachine, 2071, Coffeemachine
Waiting for Coffeemachine, 2072, Coffeemachine
Waiting for Coffeemachine, 2073, Coffeemachine
Pressing button to stop, 2074, Coffeemachine
., 2075
., 2076
., 2077
., 2078
., 2079
Turning TV on, 2080, TVstereo
., 2081, TVstereo
., 2082, TVstereo
., 2083, TVstereo
., 2084, TVstereo
., 2085, TVstereo
., 2086, TVstereo
Turning TV off, 2087, TVstereo
., 2088
Turning TV on, 2089, TVstereo
., 2090, TVstereo
., 2091, TVstereo
., 2092, TVstereo
., 2093, TVstereo
., 2094, TVstereo
Turning TV off, 2095, TVstereo
., 2096
., 2097
., 2098
Pressing the button to start Mixer, 2099, Mixer
., 2100, Mixer
., 2101, Mixer
Waiting for Mixer, 2102, Mixer
Waiting for Mixer, 2103, Mixer
Waiting for Mixer, 2104, Mixer
Taking the mixed, 2105, Mixer
., 2106
., 2107
Turning TV on, 2108, TVstereo
., 2109, TVstereo
., 2110, TVstereo
., 2111, TVstereo
., 2112, TVstereo
., 2113, TVstereo
Turning TV off, 2114, TVstereo
., 2115
., 2116
., 2117
., 2118
., 2119
., 2120
., 2121
., 2122
., 2123
., 2124
., 2125
., 2126
., 2127
., 2128
., 2129
Switching power on, 2130, Coffeemachine
Pressing the button to start Coffeemachine, 2131, Coffeemachine
., 2132, Coffeemachine
., 2133, Coffeemachine
., 2134, Coffeemachine
Waiting for Coffeemachine, 2135, Coffeemachine
Waiting for Coffeemachine, 2136, Coffeemachine
Waiting for Coffeemachine, 2137, Coffeemachine
Waiting for Coffeemachine, 2138, Coffeemachine
Waiting for Coffeemachine, 2139, Coffeemachine
Waiting for Coffeemachine, 2140, Coffeemachine
Waiting for Coffeemachine, 2141, Coffeemachine
Waiting for Coffeemachine, 2142, Coffeemachine
., 2143
., 2144
., 2145
., 2146
., 2147
., 2148
., 2149
., 2150
., 2151
., 2152
., 2153
., 2154
Turning TV on, 2155, TVstereo
., 2156, TVstereo
., 2157, TVstereo
., 2158, TVstereo
., 2159, TVstereo
., 2160, TVstereo
Turning TV off, 2161, TVstereo
., 2162
Turning lights on, 2163, Lightswitch
., 2164
., 2165
., 2166
., 2167
Turning lights off, 2168, Lightswitch
., 2169
., 2170
Pressing the button to start Mixer, 2171, Mixer
., 2172, Mixer
., 2173, Mixer
Waiting for Mixer, 2174, Mixer
Waiting for Mixer, 2175, Mixer
Waiting for Mixer, 2176, Mixer
Taking the mixed, 2177, Mixer
., 2178
., 2179
., 2180
., 2181
., 2182
., 2183
Pressing the button to start Mixer, 2184, Mixer
., 2185
Turning lights on, 2186, Lightswitch
Turning TV on, 2187, TVstereo
., 2188, TVstereo
., 2189, TVstereo
., 2190, TVstereo
Turning TV off, 2191, TVstereo
Turning lights off, 2192, Lightswitch
., 2193
., 2194
., 2195
., 2196
., 2197
Turning Stereo on, 2198, TVstereo
Pressing the button to start Coffeemachine, 2199, Coffeemachine
., 2200, Coffeemachine
., 2201, Coffeemachine
., 2202, Coffeemachine
., 2203, Coffeemachine
Pressing button to stop, 2204, Coffeemachine
., 2205
., 2206
., 2207
., 2208
., 2209
., 2210
., 2211
., 2212
., 2213
., 2214
., 2215
., 2216
., 2217
., 2218
Turning Stereo off, 2219, TVstereo
., 2220
., 2221
., 2222
., 2223
., 2224
Switching power on, 2225, Coffeemachine
Pressing the button to start Coffeemachine, 2226, Coffeemachine
., 2227, Coffeemachine
., 2228, Coffeemachine
., 2229, Coffeemachine
., 2230, Coffeemachine
Waiting for Coffeemachine, 2231, Coffeemachine
Waiting for Coffeemachine, 2232, Coffeemachine
Waiting for Coffeemachine, 2233, Coffeemachine
Waiting for Coffeemachine, 2234, Coffeemachine
Waiting for Coffeemachine, 2235, Coffeemachine
Waiting for Coffeemachine, 2236, Coffeemachine
Waiting for Coffeemachine, 2237, Coffeemachine
Waiting for Coffeemachine, 2238, Coffeemachine
Waiting for Coffeemachine, 2239, Coffeemachine
Waiting for Coffeemachine, 2240, Coffeemachine
Taking the coffee, 2241, Coffeemachine
., 2242
., 2243
., 2244
., 2245
Turning Stereo on, 2246, TVstereo
Turning lights on, 2247, Lightswitch
., 2248
Turning TV on, 2249, TVstereo
., 2250, TVstereo
., 2251, TVstereo
., 2252, TVstereo
., 2253, TVstereo
., 2254, TVstereo
Turning TV off, 2255, TVstereo
Turning lights off, 2256, Lightswitch
., 2257
., 2258
Turning lights on, 2259, Lightswitch
., 2260
., 2261
., 2262
., 2263
Pressing the button to start Mixer, 2264, Mixer
., 2265, Mixer
., 2266, Mixer
Waiting for Mixer, 2267, Mixer
Waiting for Mixer, 2268, Mixer
Waiting for Mixer, 2269, Mixer
Taking the mixed, 2270, Mixer
., 2271
., 2272
., 2273
., 2274
Turning Stereo off, 2275, TVstereo
., 2276
Turning lights off, 2277, Lightswitch
., 2278
., 2279
Turning TV on, 2280, TVstereo
., 2281, TVstereo
., 2282, TVstereo
., 2283, TVstereo
., 2284, TVstereo
., 2285, TVstereo
., 2286, TVstereo
Turning TV off, 2287, TVstereo
., 2288
., 2289
., 2290
., 2291
Turning Stereo on, 2292, TVstereo
., 2293
Turning Stereo off, 2294, TVstereo
., 2295
Turning lights on, 2296, Lightswitch
., 2297
., 2298
., 2299
., 2300
., 2301
., 2302
Turning lights off, 2303, Lightswitch
., 2304
., 2305
., 2306
., 2307
., 2308
., 2309
., 2310
., 2311
., 2312
., 2313
., 2314
Switching power on, 2315, Coffeemachine
Pressing the button to start Coffeemachine, 2316, Coffeemachine
., 2317, Coffeemachine
., 2318, Coffeemachine
Waiting for Coffeemachine, 2319, Coffeemachine
Waiting for Coffeemachine, 2320, Coffeemachine
Waiting for Coffeemachine, 2321, Coffeemachine
Waiting for Coffeemachine, 2322, Coffeemachine
Waiting for Coffeemachine, 2323, Coffeemachine
Waiting for Coffeemachine, 2324, Coffeemachine
Waiting for Coffeemachine, 2325, Coffeemachine
Waiting for Coffeemachine, 2326, Coffeemachine
Waiting for Coffeemachine, 2327, Coffeemachine
Waiting for Coffeemachine, 2328, Coffeemachine
Taking the coffee, 2329, Coffeemachine
., 2330
., 2331
., 2332
., 2333
Pressing the button to start Coffeemachine, 2334, Coffeemachine
., 2335, Coffeemachine
., 2336, Coffeemachine
Waiting for Coffeemachine, 2337, Coffeemachine
Waiting for Coffeemachine, 2338, Coffeemachine
Waiting for Coffeemachine, 2339, Coffeemachine
Waiting for Coffeemachine, 2340, Coffeemachine
Waiting for Coffeemachine, 2341, Coffeemachine
Waiting for Coffeemachine, 2342, Coffeemachine
Waiting for Coffeemachine, 2343, Coffeemachine
Waiting for Coffeemachine, 2344, Coffeemachine
Waiting for Coffeemachine, 2345, Coffeemachine
Waiting for Coffeemachine, 2346, Coffeemachine
Taking the coffee, 2347, Coffeemachine
Pressing the button to start Coffeemachine, 2348, Coffeemachine
., 2349, Coffeemachine
., 2350, Coffeemachine
., 2351, Coffeemachine
Waiting for Coffeemachine, 2352, Coffeemachine
Waiting for Coffeemachine, 2353, Coffeemachine
Waiting for Coffeemachine, 2354, Coffeemachine
Waiting for Coffeemachine, 2355, Coffeemachine
Waiting for Coffeemachine, 2356, Coffeemachine
Waiting for Coffeemachine, 2357, Coffeemachine
Waiting for Coffeemachine, 2358, Coffeemachine
Waiting for Coffeemachine, 2359, Coffeemachine
Waiting for Coffeemachine, 2360, Coffeemachine
Waiting for Coffeemachine, 2361, Coffeemachine
Taking the coffee, 2362, Coffeemachine
., 2363
., 2364
., 2365
Turning Stereo on, 2366, TVstereo
Turning lights on, 2367, Lightswitch
., 2368
Pressing the button to start Mixer, 2369, Mixer
., 2370, Mixer
., 2371, Mixer
., 2372, Mixer
Waiting for Mixer, 2373, Mixer
Waiting for Mixer, 2374, Mixer
Waiting for Mixer, 2375, Mixer
Taking the mixed, 2376, Mixer
., 2377
., 2378
., 2379
., 2380
., 2381
., 2382
., 2383
., 2384
., 2385
., 2386
., 2387
., 2388
., 2389
Turning lights off, 2390, Lightswitch
Turning TV on, 2391, TVstereo
., 2392, TVstereo
., 2393, TVstereo
., 2394, TVstereo
., 2395, TVstereo
., 2396, TVstereo
., 2397, TVstereo
Turning TV off, 2398, TVstereo
., 2399
., 2400
., 2401
Turning Stereo off, 2402, TVstereo
., 2403
., 2404
., 2405
., 2406
., 2407
., 2408
., 2409
Turning TV on, 2410, TVstereo
., 2411, TVstereo
., 2412, TVstereo
., 2413, TVstereo
Turning TV off, 2414, TVstereo
., 2415
., 2416
., 2417
., 2418
., 2419
., 2420
., 2421
., 2422
., 2423
., 2424
., 2425
Turning TV on, 2426, TVstereo
., 2427, TVstereo
., 2428, TVstereo
., 2429, TVstereo
Turning TV off, 2430, TVstereo
., 2431
., 2432
., 2433
., 2434
., 2435
., 2436
Switching power on, 2437, Coffeemachine
Pressing the button to start Coffeemachine, 2438, Coffeemachine
., 2439, Coffeemachine
., 2440, Coffeemachine
., 2441, Coffeemachine
Waiting for Coffeemachine, 2442, Coffeemachine
Waiting for Coffeemachine, 2443, Coffeemachine
Waiting for Coffeemachine, 2444, Coffeemachine
Waiting for Coffeemachine, 2445, Coffeemachine
Waiting for Coffeemachine, 2446, Coffeemachine
Waiting for Coffeemachine, 2447, Coffeemachine
Waiting for Coffeemachine, 2448, Coffeemachine
Waiting for Coffeemachine, 2449, Coffeemachine
Waiting for Coffeemachine, 2450, Coffeemachine
Waiting for Coffeemachine, 2451, Coffeemachine
Taking the coffee, 2452, Coffeemachine
., 2453
Turning TV on, 2454, TVstereo
., 2455, TVstereo
., 2456, TVstereo
., 2457, TVstereo
., 2458, TVstereo
Turning TV off, 2459, TVstereo
., 2460
., 2461
., 2462
Turning Stereo on, 2463, TVstereo
., 2464
., 2465
., 2466
., 2467
., 2468
., 2469
Pressing the button to start Mixer, 2470, Mixer
., 2471, Mixer
., 2472, Mixer
Waiting for Mixer, 2473, Mixer
Waiting for Mixer, 2474, Mixer
Waiting for Mixer, 2475, Mixer
Taking the mixed, 2476, Mixer
., 2477
., 2478
., 2479
., 2480
., 2481
., 2482
., 2483
., 2484
., 2485
Turning Stereo off, 2486, TVstereo
., 2487
., 2488
Turning TV on, 2489, TVstereo
., 2490, TVstereo
., 2491, TVstereo
., 2492, TVstereo
., 2493, TVstereo
Turning TV off, 2494, TVstereo
., 2495
Pressing the button to start Coffeemachine, 2496, Coffeemachine
., 2497, Coffeemachine
., 2498, Coffeemachine
., 2499, Coffeemachine
., 2500, Coffeemachine
Waiting for Coffeemachine, 2501, Coffeemachine
Waiting for Coffeemachine, 2502, Coffeemachine
Waiting for Coffeemachine, 2503, Coffeemachine
Waiting for Coffeemachine, 2504, Coffeemachine
Waiting for Coffeemachine, 2505, Coffeemachine
Waiting for Coffeemachine, 2506, Coffeemachine
Waiting for Coffeemachine, 2507, Coffeemachine
Waiting for Coffeemachine, 2508, Coffeemachine
Pressing button to stop, 2509, Coffeemachine
., 2510
., 2511
., 2512
., 2513
., 2514
., 2515
., 2516
Turning lights on, 2517, Lightswitch
., 2518
., 2519
., 2520
., 2521
Turning Stereo on, 2522, TVstereo
., 2523
Turning Stereo off, 2524, TVstereo
Switching power on, 2525, Coffeemachine
Pressing the button to start Coffeemachine, 2526, Coffeemachine
., 2527, Coffeemachine
., 2528, Coffeemachine
., 2529, Coffeemachine
., 2530, Coffeemachine
Waiting for Coffeemachine, 2531, Coffeemachine
Waiting for Coffeemachine, 2532, Coffeemachine
Waiting for Coffeemachine, 2533, Coffeemachine
Waiting for Coffeemachine, 2534, Coffeemachine
Waiting for Coffeemachine, 2535, Coffeemachine
Waiting for Coffeemachine, 2536, Coffeemachine
Waiting for Coffeemachine, 2537, Coffeemachine
Waiting for Coffeemachine, 2538, Coffeemachine
Waiting for Coffeemachine, 2539, Coffeemachine
Waiting for Coffeemachine, 2540, Coffeemachine
Taking the coffee, 2541, Coffeemachine
., 2542
., 2543
., 2544
., 2545
., 2546
., 2547
., 2548
., 2549
., 2550
Pressing the button to start Mixer, 2551, Mixer
., 2552, Mixer
., 2553, Mixer
., 2554, Mixer
Waiting for Mixer, 2555, Mixer
Waiting for Mixer, 2556, Mixer
Waiting for Mixer, 2557, Mixer
Taking the mixed, 2558, Mixer
., 2559
., 2560
Turning TV on, 2561, TVstereo
., 2562, TVstereo
., 2563, TVstereo
., 2564, TVstereo
., 2565, TVstereo
Turning TV off, 2566, TVstereo
Turning Stereo on, 2567, TVstereo
., 2568
., 2569
Turning lights off, 2570, Lightswitch
., 2571
., 2572
., 2573
., 2574
., 2575
Pressing the button to start Coffeemachine, 2576, Coffeemachine
., 2577, Coffeemachine
., 2578, Coffeemachine
., 2579, Coffeemachine
., 2580, Coffeemachine
Waiting for Coffeemachine, 2581, Coffeemachine
Pressing button to stop, 2582, Coffeemachine
., 2583
., 2584
Turning TV on, 2585, TVstereo
., 2586, TVstereo
., 2587, TVstereo
., 2588, TVstereo
., 2589, TVstereo
., 2590, TVstereo
., 2591, TVstereo
Turning TV off, 2592, TVstereo
., 2593
., 2594
., 2595
., 2596
., 2597
Turning TV on, 2598, TVstereo
., 2599, TVstereo
., 2600, TVstereo
., 2601, TVstereo
., 2602, TVstereo
Turning TV off, 2603, TVstereo
., 2604
., 2605
., 2606
., 2607
., 2608
., 2609
., 2610
Turning Stereo off, 2611, TVstereo
Turning Stereo on, 2612, TVstereo
Turning TV on, 2613, TVstereo
., 2614, TVstereo
., 2615, TVstereo
., 2616, TVstereo
., 2617, TVstereo
., 2618, TVstereo
., 2619, TVstereo
Turning TV off, 2620, TVstereo
., 2621
Switching power on, 2622, Coffeemachine
Pressing the button to start Coffeemachine, 2623, Coffeemachine
., 2624, Coffeemachine
., 2625, Coffeemachine
Waiting for Coffeemachine, 2626, Coffeemachine
Waiting for Coffeemachine, 2627, Coffeemachine
Waiting for Coffeemachine, 2628, Coffeemachine
Waiting for Coffeemachine, 2629, Coffeemachine
Waiting for Coffeemachine, 2630, Coffeemachine
Waiting for Coffeemachine, 2631, Coffeemachine
Waiting for Coffeemachine, 2632, Coffeemachine
Waiting for Coffeemachine, 2633, Coffeemachine
Waiting for Coffeemachine, 2634, Coffeemachine
Waiting for Coffeemachine, 2635, Coffeemachine
Taking the coffee, 2636, Coffeemachine
., 2637
., 2638
., 2639
., 2640
Turning Stereo off, 2641, TVstereo
., 2642
., 2643
., 2644
., 2645
Pressing the button to start Coffeemachine, 2646, Coffeemachine
., 2647, Coffeemachine
., 2648, Coffeemachine
Pressing button to stop, 2649, Coffeemachine
., 2650
., 2651
Turning lights on, 2652, Lightswitch
., 2653
Turning lights off, 2654, Lightswitch
., 2655
., 2656
., 2657
., 2658
Pressing the button to start Coffeemachine, 2659, Coffeemachine
., 2660, Coffeemachine
., 2661, Coffeemachine
., 2662, Coffeemachine
., 2663, Coffeemachine
Waiting for Coffeemachine, 2664, Coffeemachine
Waiting for Coffeemachine, 2665, Coffeemachine
Waiting for Coffeemachine, 2666, Coffeemachine
Waiting for Coffeemachine, 2667, Coffeemachine
Waiting for Coffeemachine, 2668, Coffeemachine
Waiting for Coffeemachine, 2669, Coffeemachine
Waiting for Coffeemachine, 2670, Coffeemachine
Pressing button to stop, 2671, Coffeemachine
., 2672
., 2673
., 2674
Turning TV on, 2675, TVstereo
., 2676, TVstereo
., 2677, TVstereo
., 2678, TVstereo
., 2679, TVstereo
., 2680, TVstereo
., 2681, TVstereo
., 2682, TVstereo
Turning TV off, 2683, TVstereo
., 2684
., 2685
., 2686
., 2687
., 2688
., 2689
Turning Stereo on, 2690, TVstereo
., 2691
Pressing the button to start Mixer, 2692, Mixer
., 2693, Mixer
., 2694, Mixer
., 2695, Mixer
Waiting for Mixer, 2696, Mixer
Waiting for Mixer, 2697, Mixer
Waiting for Mixer, 2698, Mixer
Taking the mixed, 2699, Mixer
Switching power on, 2700, Coffeemachine
Pressing the button to start Coffeemachine, 2701, Coffeemachine
., 2702, Coffeemachine
., 2703, Coffeemachine
., 2704, Coffeemachine
., 2705, Coffeemachine
Waiting for Coffeemachine, 2706, Coffeemachine
Waiting for Coffeemachine, 2707, Coffeemachine
Waiting for Coffeemachine, 2708, Coffeemachine
Waiting for Coffeemachine, 2709, Coffeemachine
Waiting for Coffeemachine, 2710, Coffeemachine
Waiting for Coffeemachine, 2711, Coffeemachine
Waiting for Coffeemachine, 2712, Coffeemachine
Waiting for Coffeemachine, 2713, Coffeemachine
Waiting for Coffeemachine, 2714, Coffeemachine
Waiting for Coffeemachine, 2715, Coffeemachine
Taking the coffee, 2716, Coffeemachine
Turning Stereo off, 2717, TVstereo
., 2718
., 2719
., 2720
., 2721
., 2722
., 2723
., 2724
., 2725
., 2726
., 2727
., 2728
., 2729
., 2730
Pressing the button to start Coffeemachine, 2731, Coffeemachine
., 2732, Coffeemachine
., 2733, Coffeemachine
Waiting for Coffeemachine, 2734, Coffeemachine
Waiting for Coffeemachine, 2735, Coffeemachine
Waiting for Coffeemachine, 2736, Coffeemachine
Waiting for Coffeemachine, 2737, Coffeemachine
Waiting for Coffeemachine, 2738, Coffeemachine
Waiting for Coffeemachine, 2739, Coffeemachine
Waiting for Coffeemachine, 2740, Coffeemachine
Waiting for Coffeemachine, 2741, Coffeemachine
Waiting for Coffeemachine, 2742, Coffeemachine
Waiting for Coffeemachine, 2743, Coffeemachine
Taking the coffee, 2744, Coffeemachine
., 2745
., 2746
Pressing the button to start Coffeemachine, 2747, Coffeemachine
., 2748, Coffeemachine
., 2749, Coffeemachine
Waiting for Coffeemachine, 2750, Coffeemachine
Waiting for Coffeemachine, 2751, Coffeemachine
Waiting for Coffeemachine, 2752, Coffeemachine
Waiting for Coffeemachine, 2753, Coffeemachine
Pressing button to stop, 2754, Coffeemachine
Turning lights on, 2755, Lightswitch
., 2756
., 2757
., 2758
., 2759
., 2760
., 2761
Pressing the button to start Mixer, 2762, Mixer
., 2763, Mixer
., 2764, Mixer
., 2765, Mixer
Waiting for Mixer, 2766, Mixer
Waiting for Mixer, 2767, Mixer
Waiting for Mixer, 2768, Mixer
Taking the mixed, 2769, Mixer
Turning lights off, 2770, Lightswitch
., 2771
., 2772
., 2773
Turning lights on, 2774, Lightswitch
., 2775
Turning Stereo on, 2776, TVstereo
., 2777
., 2778
., 2779
., 2780
., 2781
., 2782
., 2783
., 2784
., 2785
., 2786
., 2787
., 2788
., 2789
., 2790
Turning lights off, 2791, Lightswitch
., 2792
Turning TV on, 2793, TVstereo
., 2794, TVstereo
., 2795, TVstereo
., 2796, TVstereo
., 2797, TVstereo
., 2798, TVstereo
Turning TV off, 2799, TVstereo
., 2800
., 2801
., 2802
., 2803
., 2804
., 2805
., 2806
., 2807
., 2808
Turning TV on, 2809, TVstereo
., 2810, TVstereo
., 2811, TVstereo
., 2812, TVstereo
., 2813, TVstereo
Turning TV off, 2814, TVstereo
., 2815
., 2816
., 2817
., 2818
., 2819
Turning lights on, 2820, Lightswitch
., 2821
., 2822
., 2823
., 2824
., 2825
Switching power on, 2826, Coffeemachine
Pressing the button to start Coffeemachine, 2827, Coffeemachine
., 2828, Coffeemachine
., 2829, Coffeemachine
Waiting for Coffeemachine, 2830, Coffeemachine
Waiting for Coffeemachine, 2831, Coffeemachine
Waiting for Coffeemachine, 2832, Coffeemachine
Waiting for Coffeemachine, 2833, Coffeemachine
Waiting for Coffeemachine, 2834, Coffeemachine
Waiting for Coffeemachine, 2835, Coffeemachine
Waiting for Coffeemachine, 2836, Coffeemachine
Waiting for Coffeemachine, 2837, Coffeemachine
Waiting for Coffeemachine, 2838, Coffeemachine
Waiting for Coffeemachine, 2839, Coffeemachine
Taking the coffee, 2840, Coffeemachine
Turning TV on, 2841, TVstereo
., 2842, TVstereo
., 2843, TVstereo
., 2844, TVstereo
., 2845, TVstereo
., 2846, TVstereo
., 2847, TVstereo
., 2848, TVstereo
Turning TV off, 2849, TVstereo
., 2850
., 2851
., 2852
., 2853
Turning TV on, 2854, TVstereo
., 2855, TVstereo
., 2856, TVstereo
., 2857, TVstereo
., 2858, TVstereo
., 2859, TVstereo
., 2860, TVstereo
., 2861, TVstereo
Turning TV off, 2862, TVstereo
., 2863
Turning Stereo off, 2864, TVstereo
., 2865
., 2866
Pressing the button to start Mixer, 2867, Mixer
., 2868, Mixer
., 2869, Mixer
Waiting for Mixer, 2870, Mixer
Waiting for Mixer, 2871, Mixer
Waiting for Mixer, 2872, Mixer
Taking the mixed, 2873, Mixer
., 2874
., 2875
., 2876
., 2877
., 2878
Turning lights off, 2879, Lightswitch
Turning lights on, 2880, Lightswitch
., 2881
., 2882
Pressing the button to start Coffeemachine, 2883, Coffeemachine
., 2884, Coffeemachine
., 2885, Coffeemachine
., 2886, Coffeemachine
., 2887, Coffeemachine
Waiting for Coffeemachine, 2888, Coffeemachine
Waiting for Coffeemachine, 2889, Coffeemachine
Waiting for Coffeemachine, 2890, Coffeemachine
Waiting for Coffeemachine, 2891, Coffeemachine
Waiting for Coffeemachine, 2892, Coffeemachine
Waiting for Coffeemachine, 2893, Coffeemachine
Waiting for Coffeemachine, 2894, Coffeemachine
Waiting for Coffeemachine, 2895, Coffeemachine
Waiting for Coffeemachine, 2896, Coffeemachine
Waiting for Coffeemachine, 2897, Coffeemachine
Taking the coffee, 2898, Coffeemachine
., 2899
., 2900
Turning Stereo on, 2901, TVstereo
., 2902
., 2903
., 2904
., 2905
., 2906
Turning lights off, 2907, Lightswitch
., 2908
., 2909
., 2910
., 2911
., 2912
., 2913
., 2914
., 2915
., 2916
., 2917
., 2918
Turning lights on, 2919, Lightswitch
., 2920
Turning TV on, 2921, TVstereo
., 2922, TVstereo
., 2923, TVstereo
., 2924, TVstereo
., 2925, TVstereo
., 2926, TVstereo
., 2927, TVstereo
Turning TV off, 2928, TVstereo
Switching power on, 2929, Coffeemachine
Pressing the button to start Coffeemachine, 2930, Coffeemachine
., 2931, Coffeemachine
., 2932, Coffeemachine
., 2933, Coffeemachine
., 2934, Coffeemachine
Waiting for Coffeemachine, 2935, Coffeemachine
Waiting for Coffeemachine, 2936, Coffeemachine
Waiting for Coffeemachine, 2937, Coffeemachine
Waiting for Coffeemachine, 2938, Coffeemachine
Waiting for Coffeemachine, 2939, Coffeemachine
Waiting for Coffeemachine, 2940, Coffeemachine
Waiting for Coffeemachine, 2941, Coffeemachine
Waiting for Coffeemachine, 2942, Coffeemachine
Waiting for Coffeemachine, 2943, Coffeemachine
Waiting for Coffeemachine, 2944, Coffeemachine
Taking the coffee, 2945, Coffeemachine
Turning lights off, 2946, Lightswitch
., 2947
., 2948
., 2949
., 2950
., 2951
., 2952
Pressing the button to start Mixer, 2953, Mixer
., 2954, Mixer
., 2955, Mixer
., 2956, Mixer
Waiting for Mixer, 2957, Mixer
Waiting for Mixer, 2958, Mixer
Waiting for Mixer, 2959, Mixer
Taking the mixed, 2960, Mixer
Turning TV on, 2961, TVstereo
., 2962, TVstereo
., 2963, TVstereo
., 2964, TVstereo
Turning TV off, 2965, TVstereo
., 2966
., 2967
., 2968
., 2969
., 2970
., 2971
., 2972
., 2973
., 2974
Turning Stereo off, 2975, TVstereo
., 2976
Pressing the button to start Coffeemachine, 2977, Coffeemachine
., 2978, Coffeemachine
., 2979, Coffeemachine
., 2980, Coffeemachine
Waiting for Coffeemachine, 2981, Coffeemachine
Waiting for Coffeemachine, 2982, Coffeemachine
Waiting for Coffeemachine, 2983, Coffeemachine
Waiting for Coffeemachine, 2984, Coffeemachine
Waiting for Coffeemachine, 2985, Coffeemachine
Waiting for Coffeemachine, 2986, Coffeemachine
Waiting for Coffeemachine, 2987, Coffeemachine
Waiting for Coffeemachine, 2988, Coffeemachine
Waiting for Coffeemachine, 2989, Coffeemachine
Waiting for Coffeemachine, 2990, Coffeemachine
Taking the coffee, 2991, Coffeemachine
Turning lights on, 2992, Lightswitch
., 2993
., 2994
., 2995
., 2996
., 2997
., 2998
., 2999
., 3000
., 3001
., 3002
., 3003
., 3004
Turning Stereo on, 3005, TVstereo
., 3006
., 3007
., 3008
., 3009
., 3010
., 3011
Turning lights off, 3012, Lightswitch
., 3013
., 3014
., 3015
., 3016
., 3017
., 3018
., 3019
., 3020
., 3021
., 3022
., 3023
., 3024
., 3025
., 3026
Switching power on, 3027, Coffeemachine
Pressing the button to start Coffeemachine, 3028, Coffeemachine
., 3029, Coffeemachine
., 3030, Coffeemachine
., 3031, Coffeemachine
Waiting for Coffeemachine, 3032, Coffeemachine
Waiting for Coffeemachine, 3033, Coffeemachine
Waiting for Coffeemachine, 3034, Coffeemachine
Waiting for Coffeemachine, 3035, Coffeemachine
Waiting for Coffeemachine, 3036, Coffeemachine
Waiting for Coffeemachine, 3037, Coffeemachine
Waiting for Coffeemachine, 3038, Coffeemachine
Waiting for Coffeemachine, 3039, Coffeemachine
Pressing button to stop, 3040, Coffeemachine
Pressing the button to start Coffeemachine, 3041, Coffeemachine
., 3042, Coffeemachine
., 3043, Coffeemachine
., 3044, Coffeemachine
Waiting for Coffeemachine, 3045, Coffeemachine
Waiting for Coffeemachine, 3046, Coffeemachine
Waiting for Coffeemachine, 3047, Coffeemachine
Waiting for Coffeemachine, 3048, Coffeemachine
Waiting for Coffeemachine, 3049, Coffeemachine
Waiting for Coffeemachine, 3050, Coffeemachine
Waiting for Coffeemachine, 3051, Coffeemachine
Pressing button to stop, 3052, Coffeemachine
Turning Stereo off, 3053, TVstereo
Turning TV on, 3054, TVstereo
., 3055, TVstereo
., 3056, TVstereo
., 3057, TVstereo
., 3058, TVstereo
., 3059, TVstereo
Turning TV off, 3060, TVstereo
., 3061
., 3062
Turning TV on, 3063, TVstereo
., 3064, TVstereo
., 3065, TVstereo
., 3066, TVstereo
., 3067, TVstereo
Turning TV off, 3068, TVstereo
., 3069
., 3070
Pressing the button to start Mixer, 3071, Mixer
., 3072, Mixer
., 3073, Mixer
., 3074, Mixer
Waiting for Mixer, 3075, Mixer
Waiting for Mixer, 3076, Mixer
Waiting for Mixer, 3077, Mixer
Taking the mixed, 3078, Mixer
Turning lights on, 3079, Lightswitch
Turning TV on, 3080, TVstereo
., 3081, TVstereo
., 3082, TVstereo
., 3083, TVstereo
Turning TV off, 3084, TVstereo
Pressing the button to start Coffeemachine, 3085, Coffeemachine
., 3086, Coffeemachine
., 3087, Coffeemachine
., 3088, Coffeemachine
Waiting for Coffeemachine, 3089, Coffeemachine
Waiting for Coffeemachine, 3090, Coffeemachine
Waiting for Coffeemachine, 3091, Coffeemachine
Waiting for Coffeemachine, 3092, Coffeemachine
Waiting for Coffeemachine, 3093, Coffeemachine
Waiting for Coffeemachine, 3094, Coffeemachine
Waiting for Coffeemachine, 3095, Coffeemachine
Waiting for Coffeemachine, 3096, Coffeemachine
Waiting for Coffeemachine, 3097, Coffeemachine
Waiting for Coffeemachine, 3098, Coffeemachine
Taking the coffee, 3099, Coffeemachine
., 3100
., 3101
Turning lights off, 3102, Lightswitch
., 3103
., 3104
., 3105
., 3106
., 3107
Turning lights on, 3108, Lightswitch
., 3109
., 3110
., 3111
Turning lights off, 3112, Lightswitch
., 3113
Turning lights on, 3114, Lightswitch
., 3115
., 3116
., 3117
., 3118
., 3119
., 3120
., 3121
., 3122
., 3123
., 3124
., 3125
., 3126
., 3127
Turning Stereo on, 3128, TVstereo
., 3129
Turning Stereo off, 3130, TVstereo
., 3131
., 3132
., 3133
., 3134
., 3135
., 3136
., 3137
., 3138
Turning lights off, 3139, Lightswitch
., 3140
Turning TV on, 3141, TVstereo
., 3142, TVstereo
., 3143, TVstereo
., 3144, TVstereo
., 3145, TVstereo
., 3146, TVstereo
Turning TV off, 3147, TVstereo
., 3148
., 3149
., 3150
., 3151
Turning lights on, 3152, Lightswitch
., 3153
., 3154
., 3155
., 3156
., 3157
., 3158
., 3159
., 3160
., 3161
., 3162
., 3163
., 3164
., 3165
., 3166
., 3167
., 3168
., 3169
Switching power on, 3170, Coffeemachine
Pressing the button to start Coffeemachine, 3171, Coffeemachine
., 3172, Coffeemachine
., 3173, Coffeemachine
., 3174, Coffeemachine
Waiting for Coffeemachine, 3175, Coffeemachine
Waiting for Coffeemachine, 3176, Coffeemachine
Waiting for Coffeemachine, 3177, Coffeemachine
Waiting for Coffeemachine, 3178, Coffeemachine
Waiting for Coffeemachine, 3179, Coffeemachine
Waiting for Coffeemachine, 3180, Coffeemachine
Waiting for Coffeemachine, 3181, Coffeemachine
Pressing button to stop, 3182, Coffeemachine
., 3183
Turning Stereo on, 3184, TVstereo
., 3185
Pressing the button to start Coffeemachine, 3186, Coffeemachine
., 3187, Coffeemachine
., 3188, Coffeemachine
., 3189, Coffeemachine
., 3190, Coffeemachine
Waiting for Coffeemachine, 3191, Coffeemachine
Pressing button to stop, 3192, Coffeemachine
Turning lights off, 3193, Lightswitch
., 3194
., 3195
., 3196
., 3197
., 3198
., 3199
., 3200
., 3201
., 3202
., 3203
., 3204
., 3205
., 3206
., 3207
., 3208
Turning Stereo off, 3209, TVstereo
Turning TV on, 3210, TVstereo
., 3211, TVstereo
., 3212, TVstereo
., 3213, TVstereo
., 3214, TVstereo
., 3215, TVstereo
., 3216, TVstereo
Turning TV off, 3217, TVstereo
., 3218
., 3219
., 3220
., 3221
Switching power on, 3222, Coffeemachine
Pressing the button to start Coffeemachine, 3223, Coffeemachine
., 3224, Coffeemachine
., 3225, Coffeemachine
., 3226, Coffeemachine
., 3227, Coffeemachine
Waiting for Coffeemachine, 3228, Coffeemachine
Waiting for Coffeemachine, 3229, Coffeemachine
Waiting for Coffeemachine, 3230, Coffeemachine
Waiting for Coffeemachine, 3231, Coffeemachine
Waiting for Coffeemachine, 3232, Coffeemachine
Waiting for Coffeemachine, 3233, Coffeemachine
Waiting for Coffeemachine, 3234, Coffeemachine
Waiting for Coffeemachine, 3235, Coffeemachine
Waiting for Coffeemachine, 3236, Coffeemachine
Waiting for Coffeemachine, 3237, Coffeemachine
Taking the coffee, 3238, Coffeemachine
., 3239
., 3240
Turning TV on, 3241, TVstereo
., 3242, TVstereo
., 3243, TVstereo
., 3244, TVstereo
., 3245, TVstereo
Turning TV off, 3246, TVstereo
., 3247
., 3248
Turning TV on, 3249, TVstereo
., 3250, TVstereo
., 3251, TVstereo
., 3252, TVstereo
., 3253, TVstereo
Turning TV off, 3254, TVstereo
Turning lights on, 3255, Lightswitch
., 3256
., 3257
., 3258
., 3259
., 3260
., 3261
., 3262
., 3263
Pressing the button to start Coffeemachine, 3264, Coffeemachine
., 3265, Coffeemachine
., 3266, Coffeemachine
Waiting for Coffeemachine, 3267, Coffeemachine
Waiting for Coffeemachine, 3268, Coffeemachine
Waiting for Coffeemachine, 3269, Coffeemachine
Waiting for Coffeemachine, 3270, Coffeemachine
Waiting for Coffeemachine, 3271, Coffeemachine
Waiting for Coffeemachine, 3272, Coffeemachine
Waiting for Coffeemachine, 3273, Coffeemachine
Waiting for Coffeemachine, 3274, Coffeemachine
Waiting for Coffeemachine, 3275, Coffeemachine
Waiting for Coffeemachine, 3276, Coffeemachine
Taking the coffee, 3277, Coffeemachine
., 3278
., 3279
., 3280
., 3281
., 3282
., 3283
., 3284
Pressing the button to start Coffeemachine, 3285, Coffeemachine
., 3286, Coffeemachine
., 3287, Coffeemachine
., 3288, Coffeemachine
., 3289, Coffeemachine
Waiting for Coffeemachine, 3290, Coffeemachine
Waiting for Coffeemachine, 3291, Coffeemachine
Waiting for Coffeemachine, 3292, Coffeemachine
Waiting for Coffeemachine, 3293, Coffeemachine
Waiting for Coffeemachine, 3294, Coffeemachine
Waiting for Coffeemachine, 3295, Coffeemachine
Waiting for Coffeemachine, 3296, Coffeemachine
Waiting for Coffeemachine, 3297, Coffeemachine
Waiting for Coffeemachine, 3298, Coffeemachine
Waiting for Coffeemachine, 3299, Coffeemachine
Taking the coffee, 3300, Coffeemachine
., 3301
Switching power on, 3302, Coffeemachine
Pressing the button to start Coffeemachine, 3303, Coffeemachine
., 3304, Coffeemachine
., 3305, Coffeemachine
Waiting for Coffeemachine, 3306, Coffeemachine
Waiting for Coffeemachine, 3307, Coffeemachine
Pressing button to stop, 3308, Coffeemachine
Pressing the button to start Coffeemachine, 3309, Coffeemachine
., 3310, Coffeemachine
., 3311, Coffeemachine
., 3312, Coffeemachine
., 3313, Coffeemachine
Waiting for Coffeemachine, 3314, Coffeemachine
Waiting for Coffeemachine, 3315, Coffeemachine
Waiting for Coffeemachine, 3316, Coffeemachine
Waiting for Coffeemachine, 3317, Coffeemachine
Waiting for Coffeemachine, 3318, Coffeemachine
Waiting for Coffeemachine, 3319, Coffeemachine
Waiting for Coffeemachine, 3320, Coffeemachine
Waiting for Coffeemachine, 3321, Coffeemachine
Waiting for Coffeemachine, 3322, Coffeemachine
Waiting for Coffeemachine, 3323, Coffeemachine
Taking the coffee, 3324, Coffeemachine
., 3325
., 3326
Turning lights off, 3327, Lightswitch
Turning Stereo on, 3328, TVstereo
., 3329
Turning Stereo off, 3330, TVstereo
Turning TV on, 3331, TVstereo
., 3332, TVstereo
., 3333, TVstereo
., 3334, TVstereo
., 3335, TVstereo
., 3336, TVstereo
., 3337, TVstereo
Turning TV off, 3338, TVstereo
., 3339
Turning TV on, 3340, TVstereo
., 3341, TVstereo
., 3342, TVstereo
., 3343, TVstereo
., 3344, TVstereo
Turning TV off, 3345, TVstereo
., 3346
., 3347
Turning Stereo on, 3348, TVstereo
Turning Stereo off, 3349, TVstereo
., 3350
Pressing the button to start Coffeemachine, 3351, Coffeemachine
., 3352, Coffeemachine
., 3353, Coffeemachine
., 3354, Coffeemachine
., 3355, Coffeemachine
Waiting for Coffeemachine, 3356, Coffeemachine
Waiting for Coffeemachine, 3357, Coffeemachine
Waiting for Coffeemachine, 3358, Coffeemachine
Waiting for Coffeemachine, 3359, Coffeemachine
Waiting for Coffeemachine, 3360, Coffeemachine
Waiting for Coffeemachine, 3361, Coffeemachine
Waiting for Coffeemachine, 3362, Coffeemachine
Waiting for Coffeemachine, 3363, Coffeemachine
Waiting for Coffeemachine, 3364, Coffeemachine
Waiting for Coffeemachine, 3365, Coffeemachine
Taking the coffee, 3366, Coffeemachine
., 3367
Pressing the button to start Coffeemachine, 3368, Coffeemachine
., 3369, Coffeemachine
., 3370, Coffeemachine
Waiting for Coffeemachine, 3371, Coffeemachine
Waiting for Coffeemachine, 3372, Coffeemachine
Waiting for Coffeemachine, 3373, Coffeemachine
Waiting for Coffeemachine, 3374, Coffeemachine
Waiting for Coffeemachine, 3375, Coffeemachine
Waiting for Coffeemachine, 3376, Coffeemachine
Waiting for Coffeemachine, 3377, Coffeemachine
Waiting for Coffeemachine, 3378, Coffeemachine
Waiting for Coffeemachine, 3379, Coffeemachine
Waiting for Coffeemachine, 3380, Coffeemachine
Taking the coffee, 3381, Coffeemachine
., 3382
., 3383
., 3384
., 3385
., 3386
Turning lights on, 3387, Lightswitch
Pressing the button to start Mixer, 3388, Mixer
., 3389, Mixer
., 3390, Mixer
Waiting for Mixer, 3391, Mixer
Waiting for Mixer, 3392, Mixer
Waiting for Mixer, 3393, Mixer
Taking the mixed, 3394, Mixer
., 3395
Pressing the button to start Coffeemachine, 3396, Coffeemachine
., 3397, Coffeemachine
., 3398, Coffeemachine
., 3399, Coffeemachine
Waiting for Coffeemachine, 3400, Coffeemachine
Waiting for Coffeemachine, 3401, Coffeemachine
Waiting for Coffeemachine, 3402, Coffeemachine
Waiting for Coffeemachine, 3403, Coffeemachine
Waiting for Coffeemachine, 3404, Coffeemachine
Waiting for Coffeemachine, 3405, Coffeemachine
Waiting for Coffeemachine, 3406, Coffeemachine
Waiting for Coffeemachine, 3407, Coffeemachine
Waiting for Coffeemachine, 3408, Coffeemachine
Waiting for Coffeemachine, 3409, Coffeemachine
Taking the coffee, 3410, Coffeemachine
Turning Stereo on, 3411, TVstereo
., 3412
Switching power on, 3413, Coffeemachine
Pressing the button to start Coffeemachine, 3414, Coffeemachine
., 3415, Coffeemachine
., 3416, Coffeemachine
., 3417, Coffeemachine
Waiting for Coffeemachine, 3418, Coffeemachine
Waiting for Coffeemachine, 3419, Coffeemachine
Waiting for Coffeemachine, 3420, Coffeemachine
Waiting for Coffeemachine, 3421, Coffeemachine
Waiting for Coffeemachine, 3422, Coffeemachine
Waiting for Coffeemachine, 3423, Coffeemachine
Waiting for Coffeemachine, 3424, Coffeemachine
Waiting for Coffeemachine, 3425, Coffeemachine
Waiting for Coffeemachine, 3426, Coffeemachine
Waiting for Coffeemachine, 3427, Coffeemachine
Taking the coffee, 3428, Coffeemachine
., 3429
., 3430
., 3431
Turning lights off, 3432, Lightswitch
., 3433
., 3434
., 3435
., 3436
., 3437
., 3438
., 3439
., 3440
., 3441
., 3442
., 3443
Turning Stereo off, 3444, TVstereo
Turning lights on, 3445, Lightswitch
Turning lights off, 3446, Lightswitch
., 3447
., 3448
., 3449
., 3450
., 3451
., 3452
., 3453
., 3454
Turning Stereo on, 3455, TVstereo
Pressing the button to start Mixer, 3456, Mixer
., 3457, Mixer
., 3458, Mixer
Waiting for Mixer, 3459, Mixer
., 3460
., 3461
., 3462
Pressing the button to start Coffeemachine, 3463, Coffeemachine
., 3464, Coffeemachine
., 3465, Coffeemachine
., 3466, Coffeemachine
Waiting for Coffeemachine, 3467, Coffeemachine
Waiting for Coffeemachine, 3468, Coffeemachine
Waiting for Coffeemachine, 3469, Coffeemachine
Waiting for Coffeemachine, 3470, Coffeemachine
Waiting for Coffeemachine, 3471, Coffeemachine
Waiting for Coffeemachine, 3472, Coffeemachine
Waiting for Coffeemachine, 3473, Coffeemachine
Waiting for Coffeemachine, 3474, Coffeemachine
Waiting for Coffeemachine, 3475, Coffeemachine
Waiting for Coffeemachine, 3476, Coffeemachine
Taking the coffee, 3477, Coffeemachine
., 3478
., 3479
Pressing the button to start Coffeemachine, 3480, Coffeemachine
., 3481, Coffeemachine
., 3482, Coffeemachine
Waiting for Coffeemachine, 3483, Coffeemachine
Pressing button to stop, 3484, Coffeemachine
Turning lights on, 3485, Lightswitch
., 3486
., 3487
., 3488
., 3489
., 3490
., 3491
., 3492
., 3493
., 3494
., 3495
., 3496
., 3497
., 3498
., 3499
Turning Stereo off, 3500, TVstereo
Turning TV on, 3501, TVstereo
., 3502, TVstereo
., 3503, TVstereo
., 3504, TVstereo
., 3505, TVstereo
., 3506, TVstereo
., 3507, TVstereo
Turning TV off, 3508, TVstereo
Turning lights off, 3509, Lightswitch
., 3510
Turning Stereo on, 3511, TVstereo
., 3512
., 3513
., 3514
., 3515
., 3516
., 3517
., 3518
., 3519
., 3520
Switching power on, 3521, Coffeemachine
Pressing the button to start Coffeemachine, 3522, Coffeemachine
., 3523, Coffeemachine
., 3524, Coffeemachine
Waiting for Coffeemachine, 3525, Coffeemachine
Waiting for Coffeemachine, 3526, Coffeemachine
Waiting for Coffeemachine, 3527, Coffeemachine
Waiting for Coffeemachine, 3528, Coffeemachine
Waiting for Coffeemachine, 3529, Coffeemachine
Waiting for Coffeemachine, 3530, Coffeemachine
Waiting for Coffeemachine, 3531, Coffeemachine
Waiting for Coffeemachine, 3532, Coffeemachine
Waiting for Coffeemachine, 3533, Coffeemachine
Waiting for Coffeemachine, 3534, Coffeemachine
Taking the coffee, 3535, Coffeemachine
., 3536
Turning lights on, 3537, Lightswitch
., 3538
., 3539
Pressing the button to start Mixer, 3540, Mixer
., 3541, Mixer
., 3542, Mixer
., 3543, Mixer
Waiting for Mixer, 3544, Mixer
Waiting for Mixer, 3545, Mixer
Waiting for Mixer, 3546, Mixer
Taking the mixed, 3547, Mixer
., 3548
., 3549
., 3550
., 3551
., 3552
Turning Stereo off, 3553, TVstereo
., 3554
Turning TV on, 3555, TVstereo
., 3556, TVstereo
., 3557, TVstereo
., 3558, TVstereo
., 3559, TVstereo
., 3560, TVstereo
., 3561, TVstereo
., 3562, TVstereo
Turning TV off, 3563, TVstereo
., 3564
Turning Stereo on, 3565, TVstereo
., 3566
., 3567
Turning lights off, 3568, Lightswitch
., 3569
., 3570
., 3571
Turning TV on, 3572, TVstereo
., 3573, TVstereo
., 3574, TVstereo
., 3575, TVstereo
., 3576, TVstereo
., 3577, TVstereo
., 3578, TVstereo
Turning TV off, 3579, TVstereo
., 3580
., 3581
., 3582
., 3583
., 3584
Turning TV on, 3585, TVstereo
., 3586, TVstereo
., 3587, TVstereo
., 3588, TVstereo
Turning TV off, 3589, TVstereo
., 3590
Turning Stereo off, 3591, TVstereo
., 3592
Pressing the button to start Coffeemachine, 3593, Coffeemachine
., 3594, Coffeemachine
., 3595, Coffeemachine
., 3596, Coffeemachine
., 3597, Coffeemachine
Waiting for Coffeemachine, 3598, Coffeemachine
Waiting for Coffeemachine, 3599, Coffeemachine
Waiting for Coffeemachine, 3600, Coffeemachine
Waiting for Coffeemachine, 3601, Coffeemachine
Waiting for Coffeemachine, 3602, Coffeemachine
Waiting for Coffeemachine, 3603, Coffeemachine
Waiting for Coffeemachine, 3604, Coffeemachine
Waiting for Coffeemachine, 3605, Coffeemachine
Waiting for Coffeemachine, 3606, Coffeemachine
Waiting for Coffeemachine, 3607, Coffeemachine
Taking the coffee, 3608, Coffeemachine
., 3609
., 3610
Switching power on, 3611, Coffeemachine
Pressing the button to start Coffeemachine, 3612, Coffeemachine
., 3613, Coffeemachine
., 3614, Coffeemachine
., 3615, Coffeemachine
Waiting for Coffeemachine, 3616, Coffeemachine
Waiting for Coffeemachine, 3617, Coffeemachine
Waiting for Coffeemachine, 3618, Coffeemachine
Waiting for Coffeemachine, 3619, Coffeemachine
Waiting for Coffeemachine, 3620, Coffeemachine
Waiting for Coffeemachine, 3621, Coffeemachine
Waiting for Coffeemachine, 3622, Coffeemachine
Waiting for Coffeemachine, 3623, Coffeemachine
Waiting for Coffeemachine, 3624, Coffeemachine
Waiting for Coffeemachine, 3625, Coffeemachine
Taking the coffee, 3626, Coffeemachine
., 3627
., 3628
., 3629
Pressing the button to start Coffeemachine, 3630, Coffeemachine
., 3631, Coffeemachine
., 3632, Coffeemachine
Waiting for Coffeemachine, 3633, Coffeemachine
Waiting for Coffeemachine, 3634, Coffeemachine
Waiting for Coffeemachine, 3635, Coffeemachine
Waiting for Coffeemachine, 3636, Coffeemachine
Waiting for Coffeemachine, 3637, Coffeemachine
Waiting for Coffeemachine, 3638, Coffeemachine
Waiting for Coffeemachine, 3639, Coffeemachine
Pressing button to stop, 3640, Coffeemachine
., 3641
., 3642
Turning Stereo on, 3643, TVstereo
., 3644
., 3645
., 3646
., 3647
., 3648
., 3649
., 3650
., 3651
Turning lights on, 3652, Lightswitch
., 3653
Pressing the button to start Mixer, 3654, Mixer
., 3655, Mixer
., 3656, Mixer
., 3657, Mixer
Waiting for Mixer, 3658, Mixer
Waiting for Mixer, 3659, Mixer
Waiting for Mixer, 3660, Mixer
Taking the mixed, 3661, Mixer
., 3662
., 3663
., 3664
., 3665
., 3666
., 3667
., 3668
., 3669
Turning lights off, 3670, Lightswitch
Pressing the button to start Coffeemachine, 3671, Coffeemachine
., 3672, Coffeemachine
., 3673, Coffeemachine
Pressing button to stop, 3674, Coffeemachine
., 3675
., 3676
., 3677
Pressing the button to start Coffeemachine, 3678, Coffeemachine
., 3679, Coffeemachine
., 3680, Coffeemachine
Waiting for Coffeemachine, 3681, Coffeemachine
Waiting for Coffeemachine, 3682, Coffeemachine
Waiting for Coffeemachine, 3683, Coffeemachine
Waiting for Coffeemachine, 3684, Coffeemachine
Waiting for Coffeemachine, 3685, Coffeemachine
Waiting for Coffeemachine, 3686, Coffeemachine
Waiting for Coffeemachine, 3687, Coffeemachine
Waiting for Coffeemachine, 3688, Coffeemachine
Waiting for Coffeemachine, 3689, Coffeemachine
Waiting for Coffeemachine, 3690, Coffeemachine
Taking the coffee, 3691, Coffeemachine
Turning lights on, 3692, Lightswitch
., 3693
., 3694
Turning TV on, 3695, TVstereo
., 3696, TVstereo
., 3697, TVstereo
., 3698, TVstereo
., 3699, TVstereo
., 3700, TVstereo
., 3701, TVstereo
Turning TV off, 3702, TVstereo
., 3703
., 3704
Switching power on, 3705, Coffeemachine
Pressing the button to start Coffeemachine, 3706, Coffeemachine
., 3707, Coffeemachine
., 3708, Coffeemachine
Waiting for Coffeemachine, 3709, Coffeemachine
Waiting for Coffeemachine, 3710, Coffeemachine
Waiting for Coffeemachine, 3711, Coffeemachine
Waiting for Coffeemachine, 3712, Coffeemachine
Waiting for Coffeemachine, 3713, Coffeemachine
Waiting for Coffeemachine, 3714, Coffeemachine
Waiting for Coffeemachine, 3715, Coffeemachine
Waiting for Coffeemachine, 3716, Coffeemachine
Waiting for Coffeemachine, 3717, Coffeemachine
Waiting for Coffeemachine, 3718, Coffeemachine
Taking the coffee, 3719, Coffeemachine
., 3720
., 3721
Pressing the button to start Mixer, 3722, Mixer
., 3723, Mixer
., 3724, Mixer
Waiting for Mixer, 3725, Mixer
Waiting for Mixer, 3726, Mixer
Waiting for Mixer, 3727, Mixer
Taking the mixed, 3728, Mixer
., 3729
., 3730
., 3731
., 3732
., 3733
Turning lights off, 3734, Lightswitch
Turning TV on, 3735, TVstereo
., 3736, TVstereo
., 3737, TVstereo
., 3738, TVstereo
., 3739, TVstereo
Turning TV off, 3740, TVstereo
Turning lights on, 3741, Lightswitch
., 3742
., 3743
., 3744
., 3745
Turning TV on, 3746, TVstereo
., 3747, TVstereo
., 3748, TVstereo
., 3749, TVstereo
., 3750, TVstereo
., 3751, TVstereo
., 3752, TVstereo
Turning TV off, 3753, TVstereo
., 3754
Turning lights off, 3755, Lightswitch
Pressing the button to start Coffeemachine, 3756, Coffeemachine
., 3757, Coffeemachine
., 3758, Coffeemachine
., 3759, Coffeemachine
., 3760, Coffeemachine
Waiting for Coffeemachine, 3761, Coffeemachine
Waiting for Coffeemachine, 3762, Coffeemachine
Waiting for Coffeemachine, 3763, Coffeemachine
Waiting for Coffeemachine, 3764, Coffeemachine
Waiting for Coffeemachine, 3765, Coffeemachine
Waiting for Coffeemachine, 3766, Coffeemachine
Waiting for Coffeemachine, 3767, Coffeemachine
Waiting for Coffeemachine, 3768, Coffeemachine
Waiting for Coffeemachine, 3769, Coffeemachine
Waiting for Coffeemachine, 3770, Coffeemachine
Taking the coffee, 3771, Coffeemachine
., 3772
., 3773
., 3774
., 3775
., 3776
., 3777
., 3778
., 3779
., 3780
., 3781
., 3782
., 3783
., 3784
., 3785
., 3786
., 3787
., 3788
., 3789
Turning lights on, 3790, Lightswitch
., 3791
., 3792
., 3793
., 3794
., 3795
Turning lights off, 3796, Lightswitch
., 3797
Pressing the button to start Coffeemachine, 3798, Coffeemachine
., 3799, Coffeemachine
., 3800, Coffeemachine
., 3801, Coffeemachine
Waiting for Coffeemachine, 3802, Coffeemachine
Waiting for Coffeemachine, 3803, Coffeemachine
Waiting for Coffeemachine, 3804, Coffeemachine
Waiting for Coffeemachine, 3805, Coffeemachine
Waiting for Coffeemachine, 3806, Coffeemachine
Waiting for Coffeemachine, 3807, Coffeemachine
Waiting for Coffeemachine, 3808, Coffeemachine
Waiting for Coffeemachine, 3809, Coffeemachine
Waiting for Coffeemachine, 3810, Coffeemachine
Waiting for Coffeemachine, 3811, Coffeemachine
Taking the coffee, 3812, Coffeemachine
., 3813
., 3814
Turning TV on, 3815, TVstereo
., 3816, TVstereo
., 3817, TVstereo
., 3818, TVstereo
., 3819, TVstereo
., 3820, TVstereo
., 3821, TVstereo
Turning TV off, 3822, TVstereo
., 3823
Turning TV on, 3824, TVstereo
., 3825, TVstereo
., 3826, TVstereo
., 3827, TVstereo
., 3828, TVstereo
., 3829, TVstereo
., 3830, TVstereo
Turning TV off, 3831, TVstereo
., 3832
., 3833
Turning Stereo off, 3834, TVstereo
., 3835
., 3836
., 3837
., 3838
Turning Stereo on, 3839, TVstereo
Pressing the button to start Mixer, 3840, Mixer
., 3841, Mixer
., 3842, Mixer
., 3843, Mixer
Waiting for Mixer, 3844, Mixer
Waiting for Mixer, 3845, Mixer
Waiting for Mixer, 3846, Mixer
Taking the mixed, 3847, Mixer
., 3848
., 3849
., 3850
., 3851
Turning TV on, 3852, TVstereo
., 3853, TVstereo
., 3854, TVstereo
., 3855, TVstereo
., 3856, TVstereo
Turning TV off, 3857, TVstereo
., 3858
., 3859
., 3860
., 3861
., 3862
Turning Stereo off, 3863, TVstereo
., 3864
Turning Stereo on, 3865, TVstereo
., 3866
., 3867
., 3868
Turning Stereo off, 3869, TVstereo
., 3870
., 3871
., 3872
., 3873
., 3874
., 3875
Turning TV on, 3876, TVstereo
., 3877, TVstereo
., 3878, TVstereo
., 3879, TVstereo
., 3880, TVstereo
., 3881, TVstereo
., 3882, TVstereo
Turning TV off, 3883, TVstereo
., 3884
., 3885
., 3886
., 3887
., 3888
., 3889
Switching power on, 3890, Coffeemachine
Pressing the button to start Coffeemachine, 3891, Coffeemachine
., 3892, Coffeemachine
., 3893, Coffeemachine
., 3894, Coffeemachine
., 3895, Coffeemachine
Waiting for Coffeemachine, 3896, Coffeemachine
Waiting for Coffeemachine, 3897, Coffeemachine
Waiting for Coffeemachine, 3898, Coffeemachine
Waiting for Coffeemachine, 3899, Coffeemachine
Waiting for Coffeemachine, 3900, Coffeemachine
Waiting for Coffeemachine, 3901, Coffeemachine
Pressing button to stop, 3902, Coffeemachine
., 3903
., 3904
., 3905
., 3906
., 3907
., 3908
Switching power on, 3909, Coffeemachine
Pressing the button to start Coffeemachine, 3910, Coffeemachine
., 3911, Coffeemachine
., 3912, Coffeemachine
Waiting for Coffeemachine, 3913, Coffeemachine
Waiting for Coffeemachine, 3914, Coffeemachine
Waiting for Coffeemachine, 3915, Coffeemachine
Waiting for Coffeemachine, 3916, Coffeemachine
Waiting for Coffeemachine, 3917, Coffeemachine
Pressing button to stop, 3918, Coffeemachine
., 3919
., 3920
., 3921
., 3922
., 3923
., 3924
., 3925
., 3926
., 3927
Turning lights on, 3928, Lightswitch
., 3929
., 3930
., 3931
., 3932
., 3933
., 3934
Turning lights off, 3935, Lightswitch
., 3936
., 3937
Turning Stereo on, 3938, TVstereo
., 3939
., 3940
., 3941
Turning lights on, 3942, Lightswitch
Turning Stereo off, 3943, TVstereo
Turning TV on, 3944, TVstereo
., 3945, TVstereo
., 3946, TVstereo
., 3947, TVstereo
., 3948, TVstereo
., 3949, TVstereo
Turning TV off, 3950, TVstereo
Turning Stereo on, 3951, TVstereo
., 3952
., 3953
., 3954
., 3955
., 3956
., 3957
., 3958
., 3959
., 3960
., 3961
., 3962
., 3963
Turning Stereo off, 3964, TVstereo
., 3965
., 3966
., 3967
., 3968
Turning lights off, 3969, Lightswitch
Turning Stereo on, 3970, TVstereo
Turning TV on, 3971, TVstereo
., 3972, TVstereo
., 3973, TVstereo
., 3974, TVstereo
Turning TV off, 3975, TVstereo
., 3976
Pressing the button to start Coffeemachine, 3977, Coffeemachine
., 3978, Coffeemachine
., 3979, Coffeemachine
., 3980, Coffeemachine
Waiting for Coffeemachine, 3981, Coffeemachine
Waiting for Coffeemachine, 3982, Coffeemachine
Waiting for Coffeemachine, 3983, Coffeemachine
Waiting for Coffeemachine, 3984, Coffeemachine
Waiting for Coffeemachine, 3985, Coffeemachine
Waiting for Coffeemachine, 3986, Coffeemachine
Waiting for Coffeemachine, 3987, Coffeemachine
Waiting for Coffeemachine, 3988, Coffeemachine
Waiting for Coffeemachine, 3989, Coffeemachine
Waiting for Coffeemachine, 3990, Coffeemachine
Taking the coffee, 3991, Coffeemachine
Turning Stereo off, 3992, TVstereo
., 3993
., 3994
., 3995
., 3996
Pressing the button to start Mixer, 3997, Mixer
., 3998, Mixer
., 3999, Mixer
